<?xml version="1.0" encoding="utf-8"?>
<CoverageSession xmlns:xsd="http://www.w3.org/2001/XMLSchema" xmlns:xsi="http://www.w3.org/2001/XMLSchema-instance" Version="0.0.0.0">
  <Summary numSequencePoints="43" visitedSequencePoints="37" numBranchPoints="0" visitedBranchPoints="0" sequenceCoverage="86.05" branchCoverage="0.0" maxCyclomaticComplexity="0" minCyclomaticComplexity="0" maxCrapScore="0" minCrapScore="0" visitedClasses="3" numClasses="3" visitedMethods="7" numMethods="7" />
  <Modules>
    <Module>
      <Summary numSequencePoints="43" visitedSequencePoints="37" numBranchPoints="0" visitedBranchPoints="0" sequenceCoverage="86.05" branchCoverage="0.0" maxCyclomaticComplexity="0" minCyclomaticComplexity="0" maxCrapScore="0" minCrapScore="0" visitedClasses="3" numClasses="3" visitedMethods="7" numMethods="7" />
      <ModuleTime>0001-01-01T00:00:00</ModuleTime>
      <ModuleName>Assembly-CSharp</ModuleName>
      <Files>
        <File uid="1" fullPath="E:/Juego/RogueLikeGame/Assets/Scripts/ChangeLayer.cs" />
        <File uid="2" fullPath="E:/Juego/RogueLikeGame/Assets/Scripts/Dice/Dice.cs" />
        <File uid="3" fullPath="E:/Juego/RogueLikeGame/Assets/Scripts/Dice/DiceCreator.cs" />
        <File uid="4" fullPath="E:/Juego/RogueLikeGame/Assets/Scripts/Dice/DiceEnemy.cs" />
        <File uid="5" fullPath="E:/Juego/RogueLikeGame/Assets/Scripts/Dice/DiceFace.cs" />
        <File uid="6" fullPath="E:/Juego/RogueLikeGame/Assets/Scripts/Dice/DicePrefabValues.cs" />
        <File uid="7" fullPath="E:/Juego/RogueLikeGame/Assets/Scripts/Dice/DicesControl.cs" />
        <File uid="8" fullPath="E:/Juego/RogueLikeGame/Assets/Scripts/DungeonGenerator/DungeonGenerator.cs" />
        <File uid="9" fullPath="E:/Juego/RogueLikeGame/Assets/Scripts/DungeonGenerator/InitializaDecoration.cs" />
        <File uid="10" fullPath="E:/Juego/RogueLikeGame/Assets/Scripts/DungeonGenerator/InitializeElements.cs" />
        <File uid="11" fullPath="E:/Juego/RogueLikeGame/Assets/Scripts/DungeonGenerator/RoomVehaviour.cs" />
        <File uid="12" fullPath="E:/Juego/RogueLikeGame/Assets/Scripts/Enemy/Enemy.cs" />
        <File uid="13" fullPath="E:/Juego/RogueLikeGame/Assets/Scripts/lights/lamplight.cs" />
        <File uid="14" fullPath="E:/Juego/RogueLikeGame/Assets/Scripts/MainMenu/Controller.cs" />
        <File uid="15" fullPath="E:/Juego/RogueLikeGame/Assets/Scripts/Player/CharacterCollition.cs" />
        <File uid="16" fullPath="E:/Juego/RogueLikeGame/Assets/Scripts/Player/CharacterMovement.cs" />
        <File uid="17" fullPath="E:/Juego/RogueLikeGame/Assets/Scripts/Room/RoomCameraControl.cs" />
        <File uid="18" fullPath="E:/Juego/RogueLikeGame/Assets/Scripts/Room/RoomEntranceControl.cs" />
        <File uid="19" fullPath="E:/Juego/RogueLikeGame/Assets/Scripts/Selector/ChangeScene.cs" />
        <File uid="20" fullPath="E:/Juego/RogueLikeGame/Assets/Scripts/Selector/GameManager.cs" />
        <File uid="21" fullPath="E:/Juego/RogueLikeGame/Assets/Scripts/Selector/Pedestal0.cs" />
        <File uid="22" fullPath="E:/Juego/RogueLikeGame/Assets/Scripts/Selector/Pedestal1.cs" />
        <File uid="23" fullPath="E:/Juego/RogueLikeGame/Assets/Scripts/Selector/Pedestal2.cs" />
      </Files>
      <Classes>
        <Class>
          <Summary numSequencePoints="17" visitedSequencePoints="17" numBranchPoints="0" visitedBranchPoints="0" sequenceCoverage="100.0" branchCoverage="0.0" maxCyclomaticComplexity="0" minCyclomaticComplexity="0" maxCrapScore="0" minCrapScore="0" visitedClasses="1" numClasses="1" visitedMethods="2" numMethods="2" />
          <FullName>InitializaDecoration</FullName>
          <Methods>
            <Method visited="true" cyclomaticComplexity="0" nPathComplexity="0" sequenceCoverage="100.0" branchCoverage="0" crapScore="0" isConstructor="false" isStatic="false" isGetter="false" isSetter="false">
              <Summary numSequencePoints="14" visitedSequencePoints="14" numBranchPoints="0" visitedBranchPoints="0" sequenceCoverage="100.0" branchCoverage="0" maxCyclomaticComplexity="0" minCyclomaticComplexity="0" maxCrapScore="0" minCrapScore="0" visitedClasses="0" numClasses="0" visitedMethods="1" numMethods="1" />
              <MetadataToken>100663350</MetadataToken>
              <Name>System.Void InitializaDecoration::setElements()</Name>
              <FileRef uid="9" />
              <SequencePoints>
                <SequencePoint vc="1" uspid="443" ordinal="0" offset="0" sl="17" sc="5" el="17" ec="5" bec="0" bev="0" fileid="9" />
                <SequencePoint vc="1" uspid="444" ordinal="0" offset="1" sl="19" sc="9" el="19" ec="9" bec="0" bev="0" fileid="9" />
                <SequencePoint vc="1" uspid="445" ordinal="0" offset="2" sl="19" sc="40" el="19" ec="40" bec="0" bev="0" fileid="9" />
                <SequencePoint vc="4" uspid="446" ordinal="0" offset="13" sl="19" sc="18" el="19" ec="18" bec="0" bev="0" fileid="9" />
                <SequencePoint vc="4" uspid="447" ordinal="0" offset="17" sl="20" sc="9" el="20" ec="9" bec="0" bev="0" fileid="9" />
                <SequencePoint vc="4" uspid="448" ordinal="0" offset="18" sl="21" sc="13" el="21" ec="13" bec="0" bev="0" fileid="9" />
                <SequencePoint vc="4" uspid="449" ordinal="0" offset="35" sl="22" sc="13" el="22" ec="13" bec="0" bev="0" fileid="9" />
                <SequencePoint vc="4" uspid="450" ordinal="0" offset="55" sl="23" sc="13" el="23" ec="13" bec="0" bev="0" fileid="9" />
                <SequencePoint vc="4" uspid="451" ordinal="0" offset="56" sl="25" sc="17" el="25" ec="17" bec="0" bev="0" fileid="9" />
                <SequencePoint vc="4" uspid="452" ordinal="0" offset="77" sl="26" sc="17" el="26" ec="17" bec="0" bev="0" fileid="9" />
                <SequencePoint vc="4" uspid="453" ordinal="0" offset="115" sl="27" sc="13" el="27" ec="13" bec="0" bev="0" fileid="9" />
                <SequencePoint vc="4" uspid="454" ordinal="0" offset="116" sl="28" sc="9" el="28" ec="9" bec="0" bev="0" fileid="9" />
                <SequencePoint vc="5" uspid="455" ordinal="0" offset="121" sl="19" sc="37" el="19" ec="37" bec="0" bev="0" fileid="9" />
                <SequencePoint vc="1" uspid="456" ordinal="0" offset="127" sl="43" sc="5" el="43" ec="5" bec="0" bev="0" fileid="9" />
              </SequencePoints>
              <BranchPoints />
            </Method>
            <Method visited="true" cyclomaticComplexity="0" nPathComplexity="0" sequenceCoverage="100.0" branchCoverage="0" crapScore="0" isConstructor="false" isStatic="false" isGetter="false" isSetter="false">
              <Summary numSequencePoints="3" visitedSequencePoints="3" numBranchPoints="0" visitedBranchPoints="0" sequenceCoverage="100.0" branchCoverage="0" maxCyclomaticComplexity="0" minCyclomaticComplexity="0" maxCrapScore="0" minCrapScore="0" visitedClasses="0" numClasses="0" visitedMethods="1" numMethods="1" />
              <MetadataToken>100663351</MetadataToken>
              <Name>System.Void InitializaDecoration::Awake()</Name>
              <FileRef uid="9" />
              <SequencePoints>
                <SequencePoint vc="1" uspid="457" ordinal="0" offset="0" sl="46" sc="5" el="46" ec="5" bec="0" bev="0" fileid="9" />
                <SequencePoint vc="1" uspid="458" ordinal="0" offset="1" sl="47" sc="9" el="47" ec="9" bec="0" bev="0" fileid="9" />
                <SequencePoint vc="1" uspid="459" ordinal="0" offset="8" sl="48" sc="5" el="48" ec="5" bec="0" bev="0" fileid="9" />
              </SequencePoints>
              <BranchPoints />
            </Method>
          </Methods>
        </Class>
        <Class>
          <Summary numSequencePoints="16" visitedSequencePoints="16" numBranchPoints="0" visitedBranchPoints="0" sequenceCoverage="100.0" branchCoverage="0.0" maxCyclomaticComplexity="0" minCyclomaticComplexity="0" maxCrapScore="0" minCrapScore="0" visitedClasses="1" numClasses="1" visitedMethods="4" numMethods="4" />
          <FullName>lamplight</FullName>
          <Methods>
            <Method visited="true" cyclomaticComplexity="0" nPathComplexity="0" sequenceCoverage="100.0" branchCoverage="0" crapScore="0" isConstructor="false" isStatic="false" isGetter="false" isSetter="false">
              <Summary numSequencePoints="5" visitedSequencePoints="5" numBranchPoints="0" visitedBranchPoints="0" sequenceCoverage="100.0" branchCoverage="0" maxCyclomaticComplexity="0" minCyclomaticComplexity="0" maxCrapScore="0" minCrapScore="0" visitedClasses="0" numClasses="0" visitedMethods="1" numMethods="1" />
              <MetadataToken>100663363</MetadataToken>
              <Name>System.Void lamplight::Awake()</Name>
              <FileRef uid="13" />
              <SequencePoints>
                <SequencePoint vc="8" uspid="490" ordinal="0" offset="0" sl="13" sc="5" el="13" ec="5" bec="0" bev="0" fileid="13" />
                <SequencePoint vc="8" uspid="491" ordinal="0" offset="1" sl="14" sc="9" el="14" ec="9" bec="0" bev="0" fileid="13" />
                <SequencePoint vc="8" uspid="492" ordinal="0" offset="13" sl="15" sc="9" el="15" ec="9" bec="0" bev="0" fileid="13" />
                <SequencePoint vc="8" uspid="493" ordinal="0" offset="40" sl="16" sc="9" el="16" ec="9" bec="0" bev="0" fileid="13" />
                <SequencePoint vc="8" uspid="494" ordinal="0" offset="61" sl="17" sc="5" el="17" ec="5" bec="0" bev="0" fileid="13" />
              </SequencePoints>
              <BranchPoints />
            </Method>
            <Method visited="true" cyclomaticComplexity="0" nPathComplexity="0" sequenceCoverage="100.0" branchCoverage="0" crapScore="0" isConstructor="false" isStatic="false" isGetter="false" isSetter="false">
              <Summary numSequencePoints="2" visitedSequencePoints="2" numBranchPoints="0" visitedBranchPoints="0" sequenceCoverage="100.0" branchCoverage="0" maxCyclomaticComplexity="0" minCyclomaticComplexity="0" maxCrapScore="0" minCrapScore="0" visitedClasses="0" numClasses="0" visitedMethods="1" numMethods="1" />
              <MetadataToken>100663364</MetadataToken>
              <Name>System.Void lamplight::Start()</Name>
              <FileRef uid="13" />
              <SequencePoints>
                <SequencePoint vc="8" uspid="495" ordinal="0" offset="0" sl="21" sc="5" el="21" ec="5" bec="0" bev="0" fileid="13" />
                <SequencePoint vc="8" uspid="496" ordinal="0" offset="1" sl="23" sc="5" el="23" ec="5" bec="0" bev="0" fileid="13" />
              </SequencePoints>
              <BranchPoints />
            </Method>
            <Method visited="true" cyclomaticComplexity="0" nPathComplexity="0" sequenceCoverage="100.0" branchCoverage="0" crapScore="0" isConstructor="false" isStatic="false" isGetter="false" isSetter="false">
              <Summary numSequencePoints="7" visitedSequencePoints="7" numBranchPoints="0" visitedBranchPoints="0" sequenceCoverage="100.0" branchCoverage="0" maxCyclomaticComplexity="0" minCyclomaticComplexity="0" maxCrapScore="0" minCrapScore="0" visitedClasses="0" numClasses="0" visitedMethods="1" numMethods="1" />
              <MetadataToken>100663365</MetadataToken>
              <Name>System.Void lamplight::Update()</Name>
              <FileRef uid="13" />
              <SequencePoints>
                <SequencePoint vc="3816" uspid="497" ordinal="0" offset="0" sl="27" sc="5" el="27" ec="5" bec="0" bev="0" fileid="13" />
                <SequencePoint vc="3816" uspid="498" ordinal="0" offset="1" sl="29" sc="9" el="29" ec="9" bec="0" bev="0" fileid="13" />
                <SequencePoint vc="8" uspid="499" ordinal="0" offset="24" sl="30" sc="9" el="30" ec="9" bec="0" bev="0" fileid="13" />
                <SequencePoint vc="8" uspid="500" ordinal="0" offset="25" sl="32" sc="13" el="32" ec="13" bec="0" bev="0" fileid="13" />
                <SequencePoint vc="8" uspid="501" ordinal="0" offset="46" sl="34" sc="9" el="34" ec="9" bec="0" bev="0" fileid="13" />
                <SequencePoint vc="3816" uspid="502" ordinal="0" offset="47" sl="36" sc="9" el="36" ec="9" bec="0" bev="0" fileid="13" />
                <SequencePoint vc="3816" uspid="503" ordinal="0" offset="92" sl="44" sc="5" el="44" ec="5" bec="0" bev="0" fileid="13" />
              </SequencePoints>
              <BranchPoints />
            </Method>
            <Method visited="true" cyclomaticComplexity="0" nPathComplexity="0" sequenceCoverage="100.0" branchCoverage="0" crapScore="0" isConstructor="true" isStatic="false" isGetter="false" isSetter="false">
              <Summary numSequencePoints="2" visitedSequencePoints="2" numBranchPoints="0" visitedBranchPoints="0" sequenceCoverage="100.0" branchCoverage="0" maxCyclomaticComplexity="0" minCyclomaticComplexity="0" maxCrapScore="0" minCrapScore="0" visitedClasses="0" numClasses="0" visitedMethods="1" numMethods="1" />
              <MetadataToken>100663366</MetadataToken>
              <Name>lamplight::lamplight()</Name>
              <FileRef uid="13" />
              <SequencePoints>
                <SequencePoint vc="8" uspid="504" ordinal="0" offset="0" sl="8" sc="5" el="8" ec="5" bec="0" bev="0" fileid="13" />
                <SequencePoint vc="8" uspid="505" ordinal="0" offset="11" sl="9" sc="5" el="9" ec="5" bec="0" bev="0" fileid="13" />
              </SequencePoints>
              <BranchPoints />
            </Method>
          </Methods>
        </Class>
        <Class>
          <Summary numSequencePoints="10" visitedSequencePoints="4" numBranchPoints="0" visitedBranchPoints="0" sequenceCoverage="40.00" branchCoverage="0.0" maxCyclomaticComplexity="0" minCyclomaticComplexity="0" maxCrapScore="0" minCrapScore="0" visitedClasses="1" numClasses="1" visitedMethods="1" numMethods="1" />
          <FullName>RoomCameraControl</FullName>
          <Methods>
            <Method visited="true" cyclomaticComplexity="0" nPathComplexity="0" sequenceCoverage="40.00" branchCoverage="0" crapScore="0" isConstructor="false" isStatic="false" isGetter="false" isSetter="false">
              <Summary numSequencePoints="10" visitedSequencePoints="4" numBranchPoints="0" visitedBranchPoints="0" sequenceCoverage="40.00" branchCoverage="0" maxCyclomaticComplexity="0" minCyclomaticComplexity="0" maxCrapScore="0" minCrapScore="0" visitedClasses="0" numClasses="0" visitedMethods="1" numMethods="1" />
              <MetadataToken>100663385</MetadataToken>
              <Name>System.Void RoomCameraControl::LateUpdate()</Name>
              <FileRef uid="17" />
              <SequencePoints>
                <SequencePoint vc="477" uspid="564" ordinal="0" offset="0" sl="45" sc="5" el="45" ec="5" bec="0" bev="0" fileid="17" />
                <SequencePoint vc="477" uspid="565" ordinal="0" offset="1" sl="46" sc="9" el="46" ec="9" bec="0" bev="0" fileid="17" />
                <SequencePoint vc="0" uspid="566" ordinal="0" offset="48" sl="47" sc="9" el="47" ec="9" bec="0" bev="0" fileid="17" />
                <SequencePoint vc="0" uspid="567" ordinal="0" offset="49" sl="49" sc="13" el="49" ec="13" bec="0" bev="0" fileid="17" />
                <SequencePoint vc="0" uspid="568" ordinal="0" offset="56" sl="50" sc="9" el="50" ec="9" bec="0" bev="0" fileid="17" />
                <SequencePoint vc="477" uspid="569" ordinal="0" offset="57" sl="51" sc="9" el="51" ec="9" bec="0" bev="0" fileid="17" />
                <SequencePoint vc="0" uspid="570" ordinal="0" offset="104" sl="51" sc="80" el="51" ec="80" bec="0" bev="0" fileid="17" />
                <SequencePoint vc="0" uspid="571" ordinal="0" offset="105" sl="52" sc="13" el="52" ec="13" bec="0" bev="0" fileid="17" />
                <SequencePoint vc="0" uspid="572" ordinal="0" offset="133" sl="56" sc="9" el="56" ec="9" bec="0" bev="0" fileid="17" />
                <SequencePoint vc="477" uspid="573" ordinal="0" offset="134" sl="57" sc="5" el="57" ec="5" bec="0" bev="0" fileid="17" />
              </SequencePoints>
              <BranchPoints />
            </Method>
          </Methods>
        </Class>
      </Classes>
    </Module>
  </Modules>
</CoverageSession>