<?xml version="1.0" encoding="utf-8"?>
<CoverageSession xmlns:xsd="http://www.w3.org/2001/XMLSchema" xmlns:xsi="http://www.w3.org/2001/XMLSchema-instance" Version="0.0.0.0">
  <Summary numSequencePoints="518" visitedSequencePoints="404" numBranchPoints="0" visitedBranchPoints="0" sequenceCoverage="77.99" branchCoverage="0.0" maxCyclomaticComplexity="0" minCyclomaticComplexity="0" maxCrapScore="0" minCrapScore="0" visitedClasses="20" numClasses="20" visitedMethods="60" numMethods="60" />
  <Modules>
    <Module>
      <Summary numSequencePoints="518" visitedSequencePoints="404" numBranchPoints="0" visitedBranchPoints="0" sequenceCoverage="77.99" branchCoverage="0.0" maxCyclomaticComplexity="0" minCyclomaticComplexity="0" maxCrapScore="0" minCrapScore="0" visitedClasses="20" numClasses="20" visitedMethods="60" numMethods="60" />
      <ModuleTime>0001-01-01T00:00:00</ModuleTime>
      <ModuleName>Assembly-CSharp</ModuleName>
      <Files>
        <File uid="1" fullPath="E:/Juego/RogueLikeGame/Assets/Scripts/ChangeLayer.cs" />
        <File uid="2" fullPath="E:/Juego/RogueLikeGame/Assets/Scripts/Dice/Dice.cs" />
        <File uid="3" fullPath="E:/Juego/RogueLikeGame/Assets/Scripts/Dice/DiceCreator.cs" />
        <File uid="4" fullPath="E:/Juego/RogueLikeGame/Assets/Scripts/Dice/DiceEnemy.cs" />
        <File uid="5" fullPath="E:/Juego/RogueLikeGame/Assets/Scripts/Dice/DiceFace.cs" />
        <File uid="6" fullPath="E:/Juego/RogueLikeGame/Assets/Scripts/Dice/DicePrefabValues.cs" />
        <File uid="7" fullPath="E:/Juego/RogueLikeGame/Assets/Scripts/Dice/DicesControl.cs" />
        <File uid="8" fullPath="E:/Juego/RogueLikeGame/Assets/Scripts/DungeonGenerator/DungeonGenerator.cs" />
        <File uid="9" fullPath="E:/Juego/RogueLikeGame/Assets/Scripts/DungeonGenerator/InitializaDecoration.cs" />
        <File uid="10" fullPath="E:/Juego/RogueLikeGame/Assets/Scripts/DungeonGenerator/InitializeElements.cs" />
        <File uid="11" fullPath="E:/Juego/RogueLikeGame/Assets/Scripts/DungeonGenerator/RoomVehaviour.cs" />
        <File uid="12" fullPath="E:/Juego/RogueLikeGame/Assets/Scripts/Enemy/Enemy.cs" />
        <File uid="13" fullPath="E:/Juego/RogueLikeGame/Assets/Scripts/lights/lamplight.cs" />
        <File uid="14" fullPath="E:/Juego/RogueLikeGame/Assets/Scripts/MainMenu/Controller.cs" />
        <File uid="15" fullPath="E:/Juego/RogueLikeGame/Assets/Scripts/Player/CharacterCollition.cs" />
        <File uid="16" fullPath="E:/Juego/RogueLikeGame/Assets/Scripts/Player/CharacterMovement.cs" />
        <File uid="17" fullPath="E:/Juego/RogueLikeGame/Assets/Scripts/Room/RoomCameraControl.cs" />
        <File uid="18" fullPath="E:/Juego/RogueLikeGame/Assets/Scripts/Room/RoomEntranceControl.cs" />
        <File uid="19" fullPath="E:/Juego/RogueLikeGame/Assets/Scripts/Selector/ChangeScene.cs" />
        <File uid="20" fullPath="E:/Juego/RogueLikeGame/Assets/Scripts/Selector/GameManager.cs" />
        <File uid="21" fullPath="E:/Juego/RogueLikeGame/Assets/Scripts/Selector/Pedestal0.cs" />
        <File uid="22" fullPath="E:/Juego/RogueLikeGame/Assets/Scripts/Selector/Pedestal1.cs" />
        <File uid="23" fullPath="E:/Juego/RogueLikeGame/Assets/Scripts/Selector/Pedestal2.cs" />
      </Files>
      <Classes>
        <Class>
          <Summary numSequencePoints="10" visitedSequencePoints="10" numBranchPoints="0" visitedBranchPoints="0" sequenceCoverage="100.0" branchCoverage="0.0" maxCyclomaticComplexity="0" minCyclomaticComplexity="0" maxCrapScore="0" minCrapScore="0" visitedClasses="1" numClasses="1" visitedMethods="1" numMethods="1" />
          <FullName>ChangeLayer</FullName>
          <Methods>
            <Method visited="true" cyclomaticComplexity="0" nPathComplexity="0" sequenceCoverage="100.0" branchCoverage="0" crapScore="0" isConstructor="false" isStatic="true" isGetter="false" isSetter="false">
              <Summary numSequencePoints="10" visitedSequencePoints="10" numBranchPoints="0" visitedBranchPoints="0" sequenceCoverage="100.0" branchCoverage="0" maxCyclomaticComplexity="0" minCyclomaticComplexity="0" maxCrapScore="0" minCrapScore="0" visitedClasses="0" numClasses="0" visitedMethods="1" numMethods="1" />
              <MetadataToken>100663297</MetadataToken>
              <Name>static System.Void ChangeLayer::SetGameLayerRecursive(UnityEngine.GameObject, System.Int32)</Name>
              <FileRef uid="1" />
              <SequencePoints>
                <SequencePoint vc="1037" uspid="907" ordinal="0" offset="0" sl="14" sc="5" el="14" ec="5" bec="0" bev="0" fileid="1" />
                <SequencePoint vc="1037" uspid="908" ordinal="0" offset="1" sl="15" sc="9" el="15" ec="9" bec="0" bev="0" fileid="1" />
                <SequencePoint vc="1037" uspid="909" ordinal="0" offset="9" sl="16" sc="9" el="16" ec="9" bec="0" bev="0" fileid="1" />
                <SequencePoint vc="1037" uspid="910" ordinal="0" offset="10" sl="16" sc="37" el="16" ec="37" bec="0" bev="0" fileid="1" />
                <SequencePoint vc="1023" uspid="911" ordinal="0" offset="24" sl="16" sc="18" el="16" ec="18" bec="0" bev="0" fileid="1" />
                <SequencePoint vc="1023" uspid="912" ordinal="0" offset="36" sl="17" sc="9" el="17" ec="9" bec="0" bev="0" fileid="1" />
                <SequencePoint vc="1023" uspid="913" ordinal="0" offset="37" sl="18" sc="13" el="18" ec="13" bec="0" bev="0" fileid="1" />
                <SequencePoint vc="1023" uspid="914" ordinal="0" offset="50" sl="19" sc="9" el="19" ec="9" bec="0" bev="0" fileid="1" />
                <SequencePoint vc="2060" uspid="915" ordinal="0" offset="51" sl="16" sc="34" el="16" ec="34" bec="0" bev="0" fileid="1" />
                <SequencePoint vc="1037" uspid="916" ordinal="0" offset="79" sl="20" sc="5" el="20" ec="5" bec="0" bev="0" fileid="1" />
              </SequencePoints>
              <BranchPoints />
            </Method>
          </Methods>
        </Class>
        <Class>
          <Summary numSequencePoints="85" visitedSequencePoints="65" numBranchPoints="0" visitedBranchPoints="0" sequenceCoverage="76.47" branchCoverage="0.0" maxCyclomaticComplexity="0" minCyclomaticComplexity="0" maxCrapScore="0" minCrapScore="0" visitedClasses="1" numClasses="1" visitedMethods="6" numMethods="6" />
          <FullName>Dice</FullName>
          <Methods>
            <Method visited="true" cyclomaticComplexity="0" nPathComplexity="0" sequenceCoverage="100.0" branchCoverage="0" crapScore="0" isConstructor="false" isStatic="false" isGetter="true" isSetter="false">
              <Summary numSequencePoints="1" visitedSequencePoints="1" numBranchPoints="0" visitedBranchPoints="0" sequenceCoverage="100.0" branchCoverage="0" maxCyclomaticComplexity="0" minCyclomaticComplexity="0" maxCrapScore="0" minCrapScore="0" visitedClasses="0" numClasses="0" visitedMethods="1" numMethods="1" />
              <MetadataToken>100663299</MetadataToken>
              <Name>System.Boolean Dice::get_HasStoppedRoll()</Name>
              <FileRef uid="2" />
              <SequencePoints>
                <SequencePoint vc="3682" uspid="917" ordinal="0" offset="0" sl="55" sc="41" el="55" ec="41" bec="0" bev="0" fileid="2" />
              </SequencePoints>
              <BranchPoints />
            </Method>
            <Method visited="true" cyclomaticComplexity="0" nPathComplexity="0" sequenceCoverage="100.0" branchCoverage="0" crapScore="0" isConstructor="false" isStatic="false" isGetter="false" isSetter="true">
              <Summary numSequencePoints="1" visitedSequencePoints="1" numBranchPoints="0" visitedBranchPoints="0" sequenceCoverage="100.0" branchCoverage="0" maxCyclomaticComplexity="0" minCyclomaticComplexity="0" maxCrapScore="0" minCrapScore="0" visitedClasses="0" numClasses="0" visitedMethods="1" numMethods="1" />
              <MetadataToken>100663302</MetadataToken>
              <Name>System.Void Dice::set_Weapon(System.Int32)</Name>
              <FileRef uid="2" />
              <SequencePoints>
                <SequencePoint vc="3" uspid="920" ordinal="0" offset="0" sl="56" sc="47" el="56" ec="47" bec="0" bev="0" fileid="2" />
              </SequencePoints>
              <BranchPoints />
            </Method>
            <Method visited="true" cyclomaticComplexity="0" nPathComplexity="0" sequenceCoverage="58.33" branchCoverage="0" crapScore="0" isConstructor="false" isStatic="false" isGetter="false" isSetter="false">
              <Summary numSequencePoints="24" visitedSequencePoints="14" numBranchPoints="0" visitedBranchPoints="0" sequenceCoverage="58.33" branchCoverage="0" maxCyclomaticComplexity="0" minCyclomaticComplexity="0" maxCrapScore="0" minCrapScore="0" visitedClasses="0" numClasses="0" visitedMethods="1" numMethods="1" />
              <MetadataToken>100663303</MetadataToken>
              <Name>System.Void Dice::Update()</Name>
              <FileRef uid="2" />
              <SequencePoints>
                <SequencePoint vc="7758" uspid="921" ordinal="0" offset="0" sl="61" sc="5" el="61" ec="5" bec="0" bev="0" fileid="2" />
                <SequencePoint vc="7758" uspid="922" ordinal="0" offset="1" sl="63" sc="9" el="63" ec="9" bec="0" bev="0" fileid="2" />
                <SequencePoint vc="6" uspid="923" ordinal="0" offset="24" sl="64" sc="9" el="64" ec="9" bec="0" bev="0" fileid="2" />
                <SequencePoint vc="6" uspid="924" ordinal="0" offset="25" sl="66" sc="13" el="66" ec="13" bec="0" bev="0" fileid="2" />
                <SequencePoint vc="6" uspid="925" ordinal="0" offset="32" sl="67" sc="13" el="67" ec="13" bec="0" bev="0" fileid="2" />
                <SequencePoint vc="6" uspid="926" ordinal="0" offset="39" sl="68" sc="9" el="68" ec="9" bec="0" bev="0" fileid="2" />
                <SequencePoint vc="7758" uspid="927" ordinal="0" offset="40" sl="70" sc="9" el="70" ec="9" bec="0" bev="0" fileid="2" />
                <SequencePoint vc="6057" uspid="928" ordinal="0" offset="53" sl="70" sc="30" el="70" ec="30" bec="0" bev="0" fileid="2" />
                <SequencePoint vc="1701" uspid="929" ordinal="0" offset="58" sl="73" sc="9" el="73" ec="9" bec="0" bev="0" fileid="2" />
                <SequencePoint vc="4" uspid="930" ordinal="0" offset="99" sl="74" sc="9" el="74" ec="9" bec="0" bev="0" fileid="2" />
                <SequencePoint vc="4" uspid="931" ordinal="0" offset="100" sl="75" sc="13" el="75" ec="13" bec="0" bev="0" fileid="2" />
                <SequencePoint vc="4" uspid="932" ordinal="0" offset="107" sl="83" sc="9" el="83" ec="9" bec="0" bev="0" fileid="2" />
                <SequencePoint vc="1701" uspid="933" ordinal="0" offset="108" sl="89" sc="9" el="89" ec="9" bec="0" bev="0" fileid="2" />
                <SequencePoint vc="0" uspid="934" ordinal="0" offset="136" sl="90" sc="9" el="90" ec="9" bec="0" bev="0" fileid="2" />
                <SequencePoint vc="0" uspid="935" ordinal="0" offset="137" sl="110" sc="13" el="110" ec="13" bec="0" bev="0" fileid="2" />
                <SequencePoint vc="0" uspid="936" ordinal="0" offset="150" sl="111" sc="13" el="111" ec="13" bec="0" bev="0" fileid="2" />
                <SequencePoint vc="0" uspid="937" ordinal="0" offset="178" sl="114" sc="13" el="114" ec="13" bec="0" bev="0" fileid="2" />
                <SequencePoint vc="0" uspid="938" ordinal="0" offset="247" sl="115" sc="13" el="115" ec="13" bec="0" bev="0" fileid="2" />
                <SequencePoint vc="0" uspid="939" ordinal="0" offset="254" sl="116" sc="13" el="116" ec="13" bec="0" bev="0" fileid="2" />
                <SequencePoint vc="0" uspid="940" ordinal="0" offset="261" sl="120" sc="13" el="120" ec="13" bec="0" bev="0" fileid="2" />
                <SequencePoint vc="0" uspid="941" ordinal="0" offset="268" sl="121" sc="13" el="121" ec="13" bec="0" bev="0" fileid="2" />
                <SequencePoint vc="0" uspid="942" ordinal="0" offset="275" sl="122" sc="13" el="122" ec="13" bec="0" bev="0" fileid="2" />
                <SequencePoint vc="0" uspid="943" ordinal="0" offset="282" sl="124" sc="9" el="124" ec="9" bec="0" bev="0" fileid="2" />
                <SequencePoint vc="7758" uspid="944" ordinal="0" offset="283" sl="126" sc="5" el="126" ec="5" bec="0" bev="0" fileid="2" />
              </SequencePoints>
              <BranchPoints />
            </Method>
            <Method visited="true" cyclomaticComplexity="0" nPathComplexity="0" sequenceCoverage="100.0" branchCoverage="0" crapScore="0" isConstructor="false" isStatic="false" isGetter="false" isSetter="false">
              <Summary numSequencePoints="13" visitedSequencePoints="13" numBranchPoints="0" visitedBranchPoints="0" sequenceCoverage="100.0" branchCoverage="0" maxCyclomaticComplexity="0" minCyclomaticComplexity="0" maxCrapScore="0" minCrapScore="0" visitedClasses="0" numClasses="0" visitedMethods="1" numMethods="1" />
              <MetadataToken>100663305</MetadataToken>
              <Name>System.Void Dice::RollDice()</Name>
              <FileRef uid="2" />
              <SequencePoints>
                <SequencePoint vc="6" uspid="963" ordinal="0" offset="0" sl="159" sc="5" el="159" ec="5" bec="0" bev="0" fileid="2" />
                <SequencePoint vc="6" uspid="964" ordinal="0" offset="1" sl="163" sc="9" el="163" ec="9" bec="0" bev="0" fileid="2" />
                <SequencePoint vc="6" uspid="965" ordinal="0" offset="23" sl="166" sc="9" el="166" ec="9" bec="0" bev="0" fileid="2" />
                <SequencePoint vc="6" uspid="966" ordinal="0" offset="39" sl="167" sc="9" el="167" ec="9" bec="0" bev="0" fileid="2" />
                <SequencePoint vc="6" uspid="967" ordinal="0" offset="55" sl="168" sc="9" el="168" ec="9" bec="0" bev="0" fileid="2" />
                <SequencePoint vc="6" uspid="968" ordinal="0" offset="61" sl="170" sc="9" el="170" ec="9" bec="0" bev="0" fileid="2" />
                <SequencePoint vc="6" uspid="969" ordinal="0" offset="92" sl="172" sc="9" el="172" ec="9" bec="0" bev="0" fileid="2" />
                <SequencePoint vc="6" uspid="970" ordinal="0" offset="108" sl="173" sc="9" el="173" ec="9" bec="0" bev="0" fileid="2" />
                <SequencePoint vc="6" uspid="971" ordinal="0" offset="125" sl="174" sc="9" el="174" ec="9" bec="0" bev="0" fileid="2" />
                <SequencePoint vc="6" uspid="972" ordinal="0" offset="142" sl="176" sc="9" el="176" ec="9" bec="0" bev="0" fileid="2" />
                <SequencePoint vc="6" uspid="973" ordinal="0" offset="171" sl="178" sc="9" el="178" ec="9" bec="0" bev="0" fileid="2" />
                <SequencePoint vc="6" uspid="974" ordinal="0" offset="184" sl="180" sc="9" el="180" ec="9" bec="0" bev="0" fileid="2" />
                <SequencePoint vc="6" uspid="975" ordinal="0" offset="191" sl="182" sc="5" el="182" ec="5" bec="0" bev="0" fileid="2" />
              </SequencePoints>
              <BranchPoints />
            </Method>
            <Method visited="true" cyclomaticComplexity="0" nPathComplexity="0" sequenceCoverage="76.74" branchCoverage="0" crapScore="0" isConstructor="false" isStatic="false" isGetter="false" isSetter="false">
              <Summary numSequencePoints="43" visitedSequencePoints="33" numBranchPoints="0" visitedBranchPoints="0" sequenceCoverage="76.74" branchCoverage="0" maxCyclomaticComplexity="0" minCyclomaticComplexity="0" maxCrapScore="0" minCrapScore="0" visitedClasses="0" numClasses="0" visitedMethods="1" numMethods="1" />
              <MetadataToken>100663307</MetadataToken>
              <Name>System.Void Dice::diceValuesUpdate()</Name>
              <FileRef uid="2" />
              <SequencePoints>
                <SequencePoint vc="3" uspid="976" ordinal="0" offset="0" sl="193" sc="5" el="193" ec="5" bec="0" bev="0" fileid="2" />
                <SequencePoint vc="3" uspid="977" ordinal="0" offset="1" sl="194" sc="9" el="194" ec="9" bec="0" bev="0" fileid="2" />
                <SequencePoint vc="1" uspid="978" ordinal="0" offset="34" sl="197" sc="17" el="197" ec="17" bec="0" bev="0" fileid="2" />
                <SequencePoint vc="1" uspid="979" ordinal="0" offset="40" sl="198" sc="17" el="198" ec="17" bec="0" bev="0" fileid="2" />
                <SequencePoint vc="1" uspid="980" ordinal="0" offset="42" sl="201" sc="17" el="201" ec="17" bec="0" bev="0" fileid="2" />
                <SequencePoint vc="1" uspid="981" ordinal="0" offset="48" sl="202" sc="17" el="202" ec="17" bec="0" bev="0" fileid="2" />
                <SequencePoint vc="0" uspid="982" ordinal="0" offset="50" sl="204" sc="17" el="204" ec="17" bec="0" bev="0" fileid="2" />
                <SequencePoint vc="0" uspid="983" ordinal="0" offset="56" sl="205" sc="17" el="205" ec="17" bec="0" bev="0" fileid="2" />
                <SequencePoint vc="1" uspid="984" ordinal="0" offset="58" sl="207" sc="17" el="207" ec="17" bec="0" bev="0" fileid="2" />
                <SequencePoint vc="1" uspid="985" ordinal="0" offset="64" sl="208" sc="17" el="208" ec="17" bec="0" bev="0" fileid="2" />
                <SequencePoint vc="3" uspid="986" ordinal="0" offset="66" sl="210" sc="22" el="210" ec="22" bec="0" bev="0" fileid="2" />
                <SequencePoint vc="18" uspid="987" ordinal="0" offset="73" sl="210" sc="72" el="210" ec="72" bec="0" bev="0" fileid="2" />
                <SequencePoint vc="18" uspid="988" ordinal="0" offset="74" sl="213" sc="13" el="213" ec="13" bec="0" bev="0" fileid="2" />
                <SequencePoint vc="18" uspid="989" ordinal="0" offset="113" sl="217" sc="13" el="217" ec="13" bec="0" bev="0" fileid="2" />
                <SequencePoint vc="18" uspid="990" ordinal="0" offset="128" sl="218" sc="13" el="218" ec="13" bec="0" bev="0" fileid="2" />
                <SequencePoint vc="18" uspid="991" ordinal="0" offset="129" sl="219" sc="17" el="219" ec="17" bec="0" bev="0" fileid="2" />
                <SequencePoint vc="18" uspid="992" ordinal="0" offset="149" sl="220" sc="17" el="220" ec="17" bec="0" bev="0" fileid="2" />
                <SequencePoint vc="18" uspid="993" ordinal="0" offset="188" sl="221" sc="13" el="221" ec="13" bec="0" bev="0" fileid="2" />
                <SequencePoint vc="0" uspid="994" ordinal="0" offset="191" sl="222" sc="13" el="222" ec="13" bec="0" bev="0" fileid="2" />
                <SequencePoint vc="0" uspid="995" ordinal="0" offset="192" sl="224" sc="17" el="224" ec="17" bec="0" bev="0" fileid="2" />
                <SequencePoint vc="0" uspid="996" ordinal="0" offset="228" sl="226" sc="17" el="226" ec="17" bec="0" bev="0" fileid="2" />
                <SequencePoint vc="0" uspid="997" ordinal="0" offset="274" sl="227" sc="13" el="227" ec="13" bec="0" bev="0" fileid="2" />
                <SequencePoint vc="18" uspid="998" ordinal="0" offset="275" sl="230" sc="13" el="230" ec="13" bec="0" bev="0" fileid="2" />
                <SequencePoint vc="18" uspid="999" ordinal="0" offset="282" sl="232" sc="13" el="232" ec="13" bec="0" bev="0" fileid="2" />
                <SequencePoint vc="5" uspid="1000" ordinal="0" offset="292" sl="233" sc="13" el="233" ec="13" bec="0" bev="0" fileid="2" />
                <SequencePoint vc="5" uspid="1001" ordinal="0" offset="293" sl="234" sc="17" el="234" ec="17" bec="0" bev="0" fileid="2" />
                <SequencePoint vc="5" uspid="1002" ordinal="0" offset="322" sl="236" sc="13" el="236" ec="13" bec="0" bev="0" fileid="2" />
                <SequencePoint vc="13" uspid="1003" ordinal="0" offset="325" sl="236" sc="20" el="236" ec="20" bec="0" bev="0" fileid="2" />
                <SequencePoint vc="7" uspid="1004" ordinal="0" offset="335" sl="237" sc="13" el="237" ec="13" bec="0" bev="0" fileid="2" />
                <SequencePoint vc="7" uspid="1005" ordinal="0" offset="336" sl="238" sc="17" el="238" ec="17" bec="0" bev="0" fileid="2" />
                <SequencePoint vc="7" uspid="1006" ordinal="0" offset="365" sl="241" sc="13" el="241" ec="13" bec="0" bev="0" fileid="2" />
                <SequencePoint vc="6" uspid="1007" ordinal="0" offset="368" sl="241" sc="20" el="241" ec="20" bec="0" bev="0" fileid="2" />
                <SequencePoint vc="6" uspid="1008" ordinal="0" offset="378" sl="242" sc="13" el="242" ec="13" bec="0" bev="0" fileid="2" />
                <SequencePoint vc="6" uspid="1009" ordinal="0" offset="379" sl="243" sc="17" el="243" ec="17" bec="0" bev="0" fileid="2" />
                <SequencePoint vc="6" uspid="1010" ordinal="0" offset="408" sl="245" sc="13" el="245" ec="13" bec="0" bev="0" fileid="2" />
                <SequencePoint vc="0" uspid="1011" ordinal="0" offset="411" sl="246" sc="18" el="246" ec="18" bec="0" bev="0" fileid="2" />
                <SequencePoint vc="0" uspid="1012" ordinal="0" offset="421" sl="247" sc="13" el="247" ec="13" bec="0" bev="0" fileid="2" />
                <SequencePoint vc="0" uspid="1013" ordinal="0" offset="422" sl="248" sc="17" el="248" ec="17" bec="0" bev="0" fileid="2" />
                <SequencePoint vc="0" uspid="1014" ordinal="0" offset="451" sl="249" sc="13" el="249" ec="13" bec="0" bev="0" fileid="2" />
                <SequencePoint vc="18" uspid="1015" ordinal="0" offset="452" sl="253" sc="9" el="253" ec="9" bec="0" bev="0" fileid="2" />
                <SequencePoint vc="18" uspid="1016" ordinal="0" offset="453" sl="210" sc="67" el="210" ec="67" bec="0" bev="0" fileid="2" />
                <SequencePoint vc="21" uspid="1017" ordinal="0" offset="457" sl="210" sc="33" el="210" ec="33" bec="0" bev="0" fileid="2" />
                <SequencePoint vc="3" uspid="1018" ordinal="0" offset="477" sl="255" sc="5" el="255" ec="5" bec="0" bev="0" fileid="2" />
              </SequencePoints>
              <BranchPoints />
            </Method>
            <Method visited="true" cyclomaticComplexity="0" nPathComplexity="0" sequenceCoverage="100.0" branchCoverage="0" crapScore="0" isConstructor="true" isStatic="false" isGetter="false" isSetter="false">
              <Summary numSequencePoints="3" visitedSequencePoints="3" numBranchPoints="0" visitedBranchPoints="0" sequenceCoverage="100.0" branchCoverage="0" maxCyclomaticComplexity="0" minCyclomaticComplexity="0" maxCrapScore="0" minCrapScore="0" visitedClasses="0" numClasses="0" visitedMethods="1" numMethods="1" />
              <MetadataToken>100663308</MetadataToken>
              <Name>Dice::Dice()</Name>
              <FileRef uid="2" />
              <SequencePoints>
                <SequencePoint vc="6" uspid="1019" ordinal="0" offset="0" sl="30" sc="5" el="30" ec="5" bec="0" bev="0" fileid="2" />
                <SequencePoint vc="6" uspid="1020" ordinal="0" offset="7" sl="44" sc="5" el="44" ec="5" bec="0" bev="0" fileid="2" />
                <SequencePoint vc="6" uspid="1021" ordinal="0" offset="14" sl="48" sc="5" el="48" ec="5" bec="0" bev="0" fileid="2" />
              </SequencePoints>
              <BranchPoints />
            </Method>
          </Methods>
        </Class>
        <Class>
          <Summary numSequencePoints="15" visitedSequencePoints="15" numBranchPoints="0" visitedBranchPoints="0" sequenceCoverage="100.0" branchCoverage="0.0" maxCyclomaticComplexity="0" minCyclomaticComplexity="0" maxCrapScore="0" minCrapScore="0" visitedClasses="1" numClasses="1" visitedMethods="4" numMethods="4" />
          <FullName>DiceCreator</FullName>
          <Methods>
            <Method visited="true" cyclomaticComplexity="0" nPathComplexity="0" sequenceCoverage="100.0" branchCoverage="0" crapScore="0" isConstructor="false" isStatic="true" isGetter="false" isSetter="false">
              <Summary numSequencePoints="8" visitedSequencePoints="8" numBranchPoints="0" visitedBranchPoints="0" sequenceCoverage="100.0" branchCoverage="0" maxCyclomaticComplexity="0" minCyclomaticComplexity="0" maxCrapScore="0" minCrapScore="0" visitedClasses="0" numClasses="0" visitedMethods="1" numMethods="1" />
              <MetadataToken>100663309</MetadataToken>
              <Name>static System.Void DiceCreator::createDice(DiceFace[])</Name>
              <FileRef uid="3" />
              <SequencePoints>
                <SequencePoint vc="3" uspid="1022" ordinal="0" offset="0" sl="13" sc="5" el="13" ec="5" bec="0" bev="0" fileid="3" />
                <SequencePoint vc="3" uspid="1023" ordinal="0" offset="1" sl="14" sc="14" el="14" ec="14" bec="0" bev="0" fileid="3" />
                <SequencePoint vc="18" uspid="1024" ordinal="0" offset="5" sl="15" sc="9" el="15" ec="9" bec="0" bev="0" fileid="3" />
                <SequencePoint vc="18" uspid="1025" ordinal="0" offset="6" sl="22" sc="13" el="22" ec="13" bec="0" bev="0" fileid="3" />
                <SequencePoint vc="18" uspid="1026" ordinal="0" offset="16" sl="27" sc="9" el="27" ec="9" bec="0" bev="0" fileid="3" />
                <SequencePoint vc="18" uspid="1027" ordinal="0" offset="17" sl="14" sc="43" el="14" ec="43" bec="0" bev="0" fileid="3" />
                <SequencePoint vc="21" uspid="1028" ordinal="0" offset="21" sl="14" sc="25" el="14" ec="25" bec="0" bev="0" fileid="3" />
                <SequencePoint vc="3" uspid="1029" ordinal="0" offset="35" sl="28" sc="5" el="28" ec="5" bec="0" bev="0" fileid="3" />
              </SequencePoints>
              <BranchPoints />
            </Method>
            <Method visited="true" cyclomaticComplexity="0" nPathComplexity="0" sequenceCoverage="100.0" branchCoverage="0" crapScore="0" isConstructor="false" isStatic="true" isGetter="false" isSetter="false">
              <Summary numSequencePoints="3" visitedSequencePoints="3" numBranchPoints="0" visitedBranchPoints="0" sequenceCoverage="100.0" branchCoverage="0" maxCyclomaticComplexity="0" minCyclomaticComplexity="0" maxCrapScore="0" minCrapScore="0" visitedClasses="0" numClasses="0" visitedMethods="1" numMethods="1" />
              <MetadataToken>100663310</MetadataToken>
              <Name>static System.Int32 DiceCreator::getValueOfFace(System.Int32)</Name>
              <FileRef uid="3" />
              <SequencePoints>
                <SequencePoint vc="36" uspid="1030" ordinal="0" offset="0" sl="31" sc="5" el="31" ec="5" bec="0" bev="0" fileid="3" />
                <SequencePoint vc="36" uspid="1031" ordinal="0" offset="1" sl="32" sc="9" el="32" ec="9" bec="0" bev="0" fileid="3" />
                <SequencePoint vc="36" uspid="1032" ordinal="0" offset="16" sl="33" sc="5" el="33" ec="5" bec="0" bev="0" fileid="3" />
              </SequencePoints>
              <BranchPoints />
            </Method>
            <Method visited="true" cyclomaticComplexity="0" nPathComplexity="0" sequenceCoverage="100.0" branchCoverage="0" crapScore="0" isConstructor="false" isStatic="true" isGetter="false" isSetter="false">
              <Summary numSequencePoints="3" visitedSequencePoints="3" numBranchPoints="0" visitedBranchPoints="0" sequenceCoverage="100.0" branchCoverage="0" maxCyclomaticComplexity="0" minCyclomaticComplexity="0" maxCrapScore="0" minCrapScore="0" visitedClasses="0" numClasses="0" visitedMethods="1" numMethods="1" />
              <MetadataToken>100663311</MetadataToken>
              <Name>static System.Int32 DiceCreator::getTipeOfFace(System.Int32)</Name>
              <FileRef uid="3" />
              <SequencePoints>
                <SequencePoint vc="18" uspid="1033" ordinal="0" offset="0" sl="36" sc="5" el="36" ec="5" bec="0" bev="0" fileid="3" />
                <SequencePoint vc="18" uspid="1034" ordinal="0" offset="1" sl="37" sc="9" el="37" ec="9" bec="0" bev="0" fileid="3" />
                <SequencePoint vc="18" uspid="1035" ordinal="0" offset="16" sl="38" sc="5" el="38" ec="5" bec="0" bev="0" fileid="3" />
              </SequencePoints>
              <BranchPoints />
            </Method>
            <Method visited="true" cyclomaticComplexity="0" nPathComplexity="0" sequenceCoverage="100.0" branchCoverage="0" crapScore="0" isConstructor="true" isStatic="true" isGetter="false" isSetter="false">
              <Summary numSequencePoints="1" visitedSequencePoints="1" numBranchPoints="0" visitedBranchPoints="0" sequenceCoverage="100.0" branchCoverage="0" maxCyclomaticComplexity="0" minCyclomaticComplexity="0" maxCrapScore="0" minCrapScore="0" visitedClasses="0" numClasses="0" visitedMethods="1" numMethods="1" />
              <MetadataToken>100663315</MetadataToken>
              <Name>static DiceCreator::DiceCreator()</Name>
              <FileRef uid="3" />
              <SequencePoints>
                <SequencePoint vc="1" uspid="1043" ordinal="0" offset="0" sl="8" sc="5" el="8" ec="5" bec="0" bev="0" fileid="3" />
              </SequencePoints>
              <BranchPoints />
            </Method>
          </Methods>
        </Class>
        <Class>
          <Summary numSequencePoints="7" visitedSequencePoints="7" numBranchPoints="0" visitedBranchPoints="0" sequenceCoverage="100.0" branchCoverage="0.0" maxCyclomaticComplexity="0" minCyclomaticComplexity="0" maxCrapScore="0" minCrapScore="0" visitedClasses="1" numClasses="1" visitedMethods="3" numMethods="3" />
          <FullName>DiceFace</FullName>
          <Methods>
            <Method visited="true" cyclomaticComplexity="0" nPathComplexity="0" sequenceCoverage="100.0" branchCoverage="0" crapScore="0" isConstructor="false" isStatic="false" isGetter="true" isSetter="false">
              <Summary numSequencePoints="1" visitedSequencePoints="1" numBranchPoints="0" visitedBranchPoints="0" sequenceCoverage="100.0" branchCoverage="0" maxCyclomaticComplexity="0" minCyclomaticComplexity="0" maxCrapScore="0" minCrapScore="0" visitedClasses="0" numClasses="0" visitedMethods="1" numMethods="1" />
              <MetadataToken>100663326</MetadataToken>
              <Name>System.Int32 DiceFace::get_FValue()</Name>
              <FileRef uid="5" />
              <SequencePoints>
                <SequencePoint vc="36" uspid="1137" ordinal="0" offset="0" sl="26" sc="32" el="26" ec="32" bec="0" bev="0" fileid="5" />
              </SequencePoints>
              <BranchPoints />
            </Method>
            <Method visited="true" cyclomaticComplexity="0" nPathComplexity="0" sequenceCoverage="100.0" branchCoverage="0" crapScore="0" isConstructor="false" isStatic="false" isGetter="true" isSetter="false">
              <Summary numSequencePoints="1" visitedSequencePoints="1" numBranchPoints="0" visitedBranchPoints="0" sequenceCoverage="100.0" branchCoverage="0" maxCyclomaticComplexity="0" minCyclomaticComplexity="0" maxCrapScore="0" minCrapScore="0" visitedClasses="0" numClasses="0" visitedMethods="1" numMethods="1" />
              <MetadataToken>100663328</MetadataToken>
              <Name>System.Int32 DiceFace::get_Tipe()</Name>
              <FileRef uid="5" />
              <SequencePoints>
                <SequencePoint vc="18" uspid="1139" ordinal="0" offset="0" sl="27" sc="30" el="27" ec="30" bec="0" bev="0" fileid="5" />
              </SequencePoints>
              <BranchPoints />
            </Method>
            <Method visited="true" cyclomaticComplexity="0" nPathComplexity="0" sequenceCoverage="100.0" branchCoverage="0" crapScore="0" isConstructor="true" isStatic="false" isGetter="false" isSetter="false">
              <Summary numSequencePoints="5" visitedSequencePoints="5" numBranchPoints="0" visitedBranchPoints="0" sequenceCoverage="100.0" branchCoverage="0" maxCyclomaticComplexity="0" minCyclomaticComplexity="0" maxCrapScore="0" minCrapScore="0" visitedClasses="0" numClasses="0" visitedMethods="1" numMethods="1" />
              <MetadataToken>100663325</MetadataToken>
              <Name>DiceFace::DiceFace(System.Int32, System.Int32)</Name>
              <FileRef uid="5" />
              <SequencePoints>
                <SequencePoint vc="18" uspid="1141" ordinal="0" offset="0" sl="20" sc="5" el="20" ec="5" bec="0" bev="0" fileid="5" />
                <SequencePoint vc="18" uspid="1142" ordinal="0" offset="7" sl="21" sc="5" el="21" ec="5" bec="0" bev="0" fileid="5" />
                <SequencePoint vc="18" uspid="1143" ordinal="0" offset="8" sl="22" sc="9" el="22" ec="9" bec="0" bev="0" fileid="5" />
                <SequencePoint vc="18" uspid="1144" ordinal="0" offset="15" sl="23" sc="9" el="23" ec="9" bec="0" bev="0" fileid="5" />
                <SequencePoint vc="18" uspid="1145" ordinal="0" offset="22" sl="24" sc="5" el="24" ec="5" bec="0" bev="0" fileid="5" />
              </SequencePoints>
              <BranchPoints />
            </Method>
          </Methods>
        </Class>
        <Class>
          <Summary numSequencePoints="30" visitedSequencePoints="30" numBranchPoints="0" visitedBranchPoints="0" sequenceCoverage="100.0" branchCoverage="0.0" maxCyclomaticComplexity="0" minCyclomaticComplexity="0" maxCrapScore="0" minCrapScore="0" visitedClasses="1" numClasses="1" visitedMethods="3" numMethods="3" />
          <FullName>DicePrefabValues</FullName>
          <Methods>
            <Method visited="true" cyclomaticComplexity="0" nPathComplexity="0" sequenceCoverage="100.0" branchCoverage="0" crapScore="0" isConstructor="false" isStatic="true" isGetter="false" isSetter="false">
              <Summary numSequencePoints="10" visitedSequencePoints="10" numBranchPoints="0" visitedBranchPoints="0" sequenceCoverage="100.0" branchCoverage="0" maxCyclomaticComplexity="0" minCyclomaticComplexity="0" maxCrapScore="0" minCrapScore="0" visitedClasses="0" numClasses="0" visitedMethods="1" numMethods="1" />
              <MetadataToken>100663333</MetadataToken>
              <Name>static System.Void DicePrefabValues::Espada()</Name>
              <FileRef uid="6" />
              <SequencePoints>
                <SequencePoint vc="1" uspid="1152" ordinal="0" offset="0" sl="25" sc="5" el="25" ec="5" bec="0" bev="0" fileid="6" />
                <SequencePoint vc="1" uspid="1153" ordinal="0" offset="1" sl="26" sc="9" el="26" ec="9" bec="0" bev="0" fileid="6" />
                <SequencePoint vc="1" uspid="1154" ordinal="0" offset="8" sl="27" sc="9" el="27" ec="9" bec="0" bev="0" fileid="6" />
                <SequencePoint vc="1" uspid="1155" ordinal="0" offset="18" sl="28" sc="9" el="28" ec="9" bec="0" bev="0" fileid="6" />
                <SequencePoint vc="1" uspid="1156" ordinal="0" offset="28" sl="29" sc="9" el="29" ec="9" bec="0" bev="0" fileid="6" />
                <SequencePoint vc="1" uspid="1157" ordinal="0" offset="38" sl="30" sc="9" el="30" ec="9" bec="0" bev="0" fileid="6" />
                <SequencePoint vc="1" uspid="1158" ordinal="0" offset="48" sl="31" sc="9" el="31" ec="9" bec="0" bev="0" fileid="6" />
                <SequencePoint vc="1" uspid="1159" ordinal="0" offset="58" sl="32" sc="9" el="32" ec="9" bec="0" bev="0" fileid="6" />
                <SequencePoint vc="1" uspid="1160" ordinal="0" offset="68" sl="33" sc="9" el="33" ec="9" bec="0" bev="0" fileid="6" />
                <SequencePoint vc="1" uspid="1161" ordinal="0" offset="75" sl="35" sc="5" el="35" ec="5" bec="0" bev="0" fileid="6" />
              </SequencePoints>
              <BranchPoints />
            </Method>
            <Method visited="true" cyclomaticComplexity="0" nPathComplexity="0" sequenceCoverage="100.0" branchCoverage="0" crapScore="0" isConstructor="false" isStatic="true" isGetter="false" isSetter="false">
              <Summary numSequencePoints="10" visitedSequencePoints="10" numBranchPoints="0" visitedBranchPoints="0" sequenceCoverage="100.0" branchCoverage="0" maxCyclomaticComplexity="0" minCyclomaticComplexity="0" maxCrapScore="0" minCrapScore="0" visitedClasses="0" numClasses="0" visitedMethods="1" numMethods="1" />
              <MetadataToken>100663334</MetadataToken>
              <Name>static System.Void DicePrefabValues::Escudo()</Name>
              <FileRef uid="6" />
              <SequencePoints>
                <SequencePoint vc="1" uspid="1162" ordinal="0" offset="0" sl="39" sc="5" el="39" ec="5" bec="0" bev="0" fileid="6" />
                <SequencePoint vc="1" uspid="1163" ordinal="0" offset="1" sl="40" sc="9" el="40" ec="9" bec="0" bev="0" fileid="6" />
                <SequencePoint vc="1" uspid="1164" ordinal="0" offset="8" sl="41" sc="9" el="41" ec="9" bec="0" bev="0" fileid="6" />
                <SequencePoint vc="1" uspid="1165" ordinal="0" offset="18" sl="42" sc="9" el="42" ec="9" bec="0" bev="0" fileid="6" />
                <SequencePoint vc="1" uspid="1166" ordinal="0" offset="28" sl="43" sc="9" el="43" ec="9" bec="0" bev="0" fileid="6" />
                <SequencePoint vc="1" uspid="1167" ordinal="0" offset="38" sl="44" sc="9" el="44" ec="9" bec="0" bev="0" fileid="6" />
                <SequencePoint vc="1" uspid="1168" ordinal="0" offset="48" sl="45" sc="9" el="45" ec="9" bec="0" bev="0" fileid="6" />
                <SequencePoint vc="1" uspid="1169" ordinal="0" offset="58" sl="46" sc="9" el="46" ec="9" bec="0" bev="0" fileid="6" />
                <SequencePoint vc="1" uspid="1170" ordinal="0" offset="68" sl="47" sc="9" el="47" ec="9" bec="0" bev="0" fileid="6" />
                <SequencePoint vc="1" uspid="1171" ordinal="0" offset="75" sl="48" sc="5" el="48" ec="5" bec="0" bev="0" fileid="6" />
              </SequencePoints>
              <BranchPoints />
            </Method>
            <Method visited="true" cyclomaticComplexity="0" nPathComplexity="0" sequenceCoverage="100.0" branchCoverage="0" crapScore="0" isConstructor="false" isStatic="true" isGetter="false" isSetter="false">
              <Summary numSequencePoints="10" visitedSequencePoints="10" numBranchPoints="0" visitedBranchPoints="0" sequenceCoverage="100.0" branchCoverage="0" maxCyclomaticComplexity="0" minCyclomaticComplexity="0" maxCrapScore="0" minCrapScore="0" visitedClasses="0" numClasses="0" visitedMethods="1" numMethods="1" />
              <MetadataToken>100663336</MetadataToken>
              <Name>static System.Void DicePrefabValues::Habilidad()</Name>
              <FileRef uid="6" />
              <SequencePoints>
                <SequencePoint vc="1" uspid="1182" ordinal="0" offset="0" sl="62" sc="5" el="62" ec="5" bec="0" bev="0" fileid="6" />
                <SequencePoint vc="1" uspid="1183" ordinal="0" offset="1" sl="63" sc="9" el="63" ec="9" bec="0" bev="0" fileid="6" />
                <SequencePoint vc="1" uspid="1184" ordinal="0" offset="8" sl="64" sc="9" el="64" ec="9" bec="0" bev="0" fileid="6" />
                <SequencePoint vc="1" uspid="1185" ordinal="0" offset="18" sl="65" sc="9" el="65" ec="9" bec="0" bev="0" fileid="6" />
                <SequencePoint vc="1" uspid="1186" ordinal="0" offset="28" sl="66" sc="9" el="66" ec="9" bec="0" bev="0" fileid="6" />
                <SequencePoint vc="1" uspid="1187" ordinal="0" offset="38" sl="67" sc="9" el="67" ec="9" bec="0" bev="0" fileid="6" />
                <SequencePoint vc="1" uspid="1188" ordinal="0" offset="48" sl="68" sc="9" el="68" ec="9" bec="0" bev="0" fileid="6" />
                <SequencePoint vc="1" uspid="1189" ordinal="0" offset="58" sl="69" sc="9" el="69" ec="9" bec="0" bev="0" fileid="6" />
                <SequencePoint vc="1" uspid="1190" ordinal="0" offset="68" sl="70" sc="9" el="70" ec="9" bec="0" bev="0" fileid="6" />
                <SequencePoint vc="1" uspid="1191" ordinal="0" offset="75" sl="71" sc="5" el="71" ec="5" bec="0" bev="0" fileid="6" />
              </SequencePoints>
              <BranchPoints />
            </Method>
          </Methods>
        </Class>
        <Class>
          <Summary numSequencePoints="16" visitedSequencePoints="12" numBranchPoints="0" visitedBranchPoints="0" sequenceCoverage="75.00" branchCoverage="0.0" maxCyclomaticComplexity="0" minCyclomaticComplexity="0" maxCrapScore="0" minCrapScore="0" visitedClasses="1" numClasses="1" visitedMethods="4" numMethods="4" />
          <FullName>DicesControl</FullName>
          <Methods>
            <Method visited="true" cyclomaticComplexity="0" nPathComplexity="0" sequenceCoverage="100.0" branchCoverage="0" crapScore="0" isConstructor="false" isStatic="true" isGetter="true" isSetter="false">
              <Summary numSequencePoints="1" visitedSequencePoints="1" numBranchPoints="0" visitedBranchPoints="0" sequenceCoverage="100.0" branchCoverage="0" maxCyclomaticComplexity="0" minCyclomaticComplexity="0" maxCrapScore="0" minCrapScore="0" visitedClasses="0" numClasses="0" visitedMethods="1" numMethods="1" />
              <MetadataToken>100663338</MetadataToken>
              <Name>static System.Boolean DicesControl::get_DicesRolling()</Name>
              <FileRef uid="7" />
              <SequencePoints>
                <SequencePoint vc="3682" uspid="1192" ordinal="0" offset="0" sl="15" sc="46" el="15" ec="46" bec="0" bev="0" fileid="7" />
              </SequencePoints>
              <BranchPoints />
            </Method>
            <Method visited="true" cyclomaticComplexity="0" nPathComplexity="0" sequenceCoverage="100.0" branchCoverage="0" crapScore="0" isConstructor="false" isStatic="true" isGetter="true" isSetter="false">
              <Summary numSequencePoints="1" visitedSequencePoints="1" numBranchPoints="0" visitedBranchPoints="0" sequenceCoverage="100.0" branchCoverage="0" maxCyclomaticComplexity="0" minCyclomaticComplexity="0" maxCrapScore="0" minCrapScore="0" visitedClasses="0" numClasses="0" visitedMethods="1" numMethods="1" />
              <MetadataToken>100663340</MetadataToken>
              <Name>static System.Boolean DicesControl::get_TrowDices()</Name>
              <FileRef uid="7" />
              <SequencePoints>
                <SequencePoint vc="7758" uspid="1194" ordinal="0" offset="0" sl="16" sc="43" el="16" ec="43" bec="0" bev="0" fileid="7" />
              </SequencePoints>
              <BranchPoints />
            </Method>
            <Method visited="true" cyclomaticComplexity="0" nPathComplexity="0" sequenceCoverage="100.0" branchCoverage="0" crapScore="0" isConstructor="false" isStatic="false" isGetter="false" isSetter="false">
              <Summary numSequencePoints="2" visitedSequencePoints="2" numBranchPoints="0" visitedBranchPoints="0" sequenceCoverage="100.0" branchCoverage="0" maxCyclomaticComplexity="0" minCyclomaticComplexity="0" maxCrapScore="0" minCrapScore="0" visitedClasses="0" numClasses="0" visitedMethods="1" numMethods="1" />
              <MetadataToken>100663342</MetadataToken>
              <Name>System.Void DicesControl::Start()</Name>
              <FileRef uid="7" />
              <SequencePoints>
                <SequencePoint vc="2" uspid="1196" ordinal="0" offset="0" sl="21" sc="5" el="21" ec="5" bec="0" bev="0" fileid="7" />
                <SequencePoint vc="2" uspid="1197" ordinal="0" offset="1" sl="23" sc="5" el="23" ec="5" bec="0" bev="0" fileid="7" />
              </SequencePoints>
              <BranchPoints />
            </Method>
            <Method visited="true" cyclomaticComplexity="0" nPathComplexity="0" sequenceCoverage="66.67" branchCoverage="0" crapScore="0" isConstructor="false" isStatic="false" isGetter="false" isSetter="false">
              <Summary numSequencePoints="12" visitedSequencePoints="8" numBranchPoints="0" visitedBranchPoints="0" sequenceCoverage="66.67" branchCoverage="0" maxCyclomaticComplexity="0" minCyclomaticComplexity="0" maxCrapScore="0" minCrapScore="0" visitedClasses="0" numClasses="0" visitedMethods="1" numMethods="1" />
              <MetadataToken>100663343</MetadataToken>
              <Name>System.Void DicesControl::Update()</Name>
              <FileRef uid="7" />
              <SequencePoints>
                <SequencePoint vc="2586" uspid="1198" ordinal="0" offset="0" sl="27" sc="5" el="27" ec="5" bec="0" bev="0" fileid="7" />
                <SequencePoint vc="2586" uspid="1199" ordinal="0" offset="1" sl="31" sc="9" el="31" ec="9" bec="0" bev="0" fileid="7" />
                <SequencePoint vc="1" uspid="1200" ordinal="0" offset="22" sl="32" sc="9" el="32" ec="9" bec="0" bev="0" fileid="7" />
                <SequencePoint vc="1" uspid="1201" ordinal="0" offset="23" sl="33" sc="13" el="33" ec="13" bec="0" bev="0" fileid="7" />
                <SequencePoint vc="1" uspid="1202" ordinal="0" offset="29" sl="34" sc="13" el="34" ec="13" bec="0" bev="0" fileid="7" />
                <SequencePoint vc="1" uspid="1203" ordinal="0" offset="35" sl="36" sc="9" el="36" ec="9" bec="0" bev="0" fileid="7" />
                <SequencePoint vc="2586" uspid="1204" ordinal="0" offset="36" sl="38" sc="9" el="38" ec="9" bec="0" bev="0" fileid="7" />
                <SequencePoint vc="0" uspid="1205" ordinal="0" offset="101" sl="39" sc="9" el="39" ec="9" bec="0" bev="0" fileid="7" />
                <SequencePoint vc="0" uspid="1206" ordinal="0" offset="102" sl="40" sc="13" el="40" ec="13" bec="0" bev="0" fileid="7" />
                <SequencePoint vc="0" uspid="1207" ordinal="0" offset="108" sl="41" sc="13" el="41" ec="13" bec="0" bev="0" fileid="7" />
                <SequencePoint vc="0" uspid="1208" ordinal="0" offset="114" sl="42" sc="9" el="42" ec="9" bec="0" bev="0" fileid="7" />
                <SequencePoint vc="2586" uspid="1209" ordinal="0" offset="115" sl="44" sc="5" el="44" ec="5" bec="0" bev="0" fileid="7" />
              </SequencePoints>
              <BranchPoints />
            </Method>
          </Methods>
        </Class>
        <Class>
          <Summary numSequencePoints="17" visitedSequencePoints="17" numBranchPoints="0" visitedBranchPoints="0" sequenceCoverage="100.0" branchCoverage="0.0" maxCyclomaticComplexity="0" minCyclomaticComplexity="0" maxCrapScore="0" minCrapScore="0" visitedClasses="1" numClasses="1" visitedMethods="2" numMethods="2" />
          <FullName>InitializaDecoration</FullName>
          <Methods>
            <Method visited="true" cyclomaticComplexity="0" nPathComplexity="0" sequenceCoverage="100.0" branchCoverage="0" crapScore="0" isConstructor="false" isStatic="false" isGetter="false" isSetter="false">
              <Summary numSequencePoints="14" visitedSequencePoints="14" numBranchPoints="0" visitedBranchPoints="0" sequenceCoverage="100.0" branchCoverage="0" maxCyclomaticComplexity="0" minCyclomaticComplexity="0" maxCrapScore="0" minCrapScore="0" visitedClasses="0" numClasses="0" visitedMethods="1" numMethods="1" />
              <MetadataToken>100663350</MetadataToken>
              <Name>System.Void InitializaDecoration::setElements()</Name>
              <FileRef uid="9" />
              <SequencePoints>
                <SequencePoint vc="6" uspid="1349" ordinal="0" offset="0" sl="17" sc="5" el="17" ec="5" bec="0" bev="0" fileid="9" />
                <SequencePoint vc="6" uspid="1350" ordinal="0" offset="1" sl="19" sc="9" el="19" ec="9" bec="0" bev="0" fileid="9" />
                <SequencePoint vc="6" uspid="1351" ordinal="0" offset="2" sl="19" sc="40" el="19" ec="40" bec="0" bev="0" fileid="9" />
                <SequencePoint vc="12" uspid="1352" ordinal="0" offset="13" sl="19" sc="18" el="19" ec="18" bec="0" bev="0" fileid="9" />
                <SequencePoint vc="12" uspid="1353" ordinal="0" offset="17" sl="20" sc="9" el="20" ec="9" bec="0" bev="0" fileid="9" />
                <SequencePoint vc="12" uspid="1354" ordinal="0" offset="18" sl="21" sc="13" el="21" ec="13" bec="0" bev="0" fileid="9" />
                <SequencePoint vc="12" uspid="1355" ordinal="0" offset="35" sl="22" sc="13" el="22" ec="13" bec="0" bev="0" fileid="9" />
                <SequencePoint vc="11" uspid="1356" ordinal="0" offset="55" sl="23" sc="13" el="23" ec="13" bec="0" bev="0" fileid="9" />
                <SequencePoint vc="11" uspid="1357" ordinal="0" offset="56" sl="25" sc="17" el="25" ec="17" bec="0" bev="0" fileid="9" />
                <SequencePoint vc="11" uspid="1358" ordinal="0" offset="77" sl="26" sc="17" el="26" ec="17" bec="0" bev="0" fileid="9" />
                <SequencePoint vc="11" uspid="1359" ordinal="0" offset="115" sl="27" sc="13" el="27" ec="13" bec="0" bev="0" fileid="9" />
                <SequencePoint vc="12" uspid="1360" ordinal="0" offset="116" sl="28" sc="9" el="28" ec="9" bec="0" bev="0" fileid="9" />
                <SequencePoint vc="18" uspid="1361" ordinal="0" offset="121" sl="19" sc="37" el="19" ec="37" bec="0" bev="0" fileid="9" />
                <SequencePoint vc="6" uspid="1362" ordinal="0" offset="127" sl="43" sc="5" el="43" ec="5" bec="0" bev="0" fileid="9" />
              </SequencePoints>
              <BranchPoints />
            </Method>
            <Method visited="true" cyclomaticComplexity="0" nPathComplexity="0" sequenceCoverage="100.0" branchCoverage="0" crapScore="0" isConstructor="false" isStatic="false" isGetter="false" isSetter="false">
              <Summary numSequencePoints="3" visitedSequencePoints="3" numBranchPoints="0" visitedBranchPoints="0" sequenceCoverage="100.0" branchCoverage="0" maxCyclomaticComplexity="0" minCyclomaticComplexity="0" maxCrapScore="0" minCrapScore="0" visitedClasses="0" numClasses="0" visitedMethods="1" numMethods="1" />
              <MetadataToken>100663351</MetadataToken>
              <Name>System.Void InitializaDecoration::Awake()</Name>
              <FileRef uid="9" />
              <SequencePoints>
                <SequencePoint vc="6" uspid="1363" ordinal="0" offset="0" sl="46" sc="5" el="46" ec="5" bec="0" bev="0" fileid="9" />
                <SequencePoint vc="6" uspid="1364" ordinal="0" offset="1" sl="47" sc="9" el="47" ec="9" bec="0" bev="0" fileid="9" />
                <SequencePoint vc="6" uspid="1365" ordinal="0" offset="8" sl="48" sc="5" el="48" ec="5" bec="0" bev="0" fileid="9" />
              </SequencePoints>
              <BranchPoints />
            </Method>
          </Methods>
        </Class>
        <Class>
          <Summary numSequencePoints="16" visitedSequencePoints="13" numBranchPoints="0" visitedBranchPoints="0" sequenceCoverage="81.25" branchCoverage="0.0" maxCyclomaticComplexity="0" minCyclomaticComplexity="0" maxCrapScore="0" minCrapScore="0" visitedClasses="1" numClasses="1" visitedMethods="4" numMethods="4" />
          <FullName>lamplight</FullName>
          <Methods>
            <Method visited="true" cyclomaticComplexity="0" nPathComplexity="0" sequenceCoverage="100.0" branchCoverage="0" crapScore="0" isConstructor="false" isStatic="false" isGetter="false" isSetter="false">
              <Summary numSequencePoints="5" visitedSequencePoints="5" numBranchPoints="0" visitedBranchPoints="0" sequenceCoverage="100.0" branchCoverage="0" maxCyclomaticComplexity="0" minCyclomaticComplexity="0" maxCrapScore="0" minCrapScore="0" visitedClasses="0" numClasses="0" visitedMethods="1" numMethods="1" />
              <MetadataToken>100663363</MetadataToken>
              <Name>System.Void lamplight::Awake()</Name>
              <FileRef uid="13" />
              <SequencePoints>
                <SequencePoint vc="20" uspid="1396" ordinal="0" offset="0" sl="13" sc="5" el="13" ec="5" bec="0" bev="0" fileid="13" />
                <SequencePoint vc="20" uspid="1397" ordinal="0" offset="1" sl="14" sc="9" el="14" ec="9" bec="0" bev="0" fileid="13" />
                <SequencePoint vc="20" uspid="1398" ordinal="0" offset="13" sl="15" sc="9" el="15" ec="9" bec="0" bev="0" fileid="13" />
                <SequencePoint vc="20" uspid="1399" ordinal="0" offset="40" sl="16" sc="9" el="16" ec="9" bec="0" bev="0" fileid="13" />
                <SequencePoint vc="20" uspid="1400" ordinal="0" offset="61" sl="17" sc="5" el="17" ec="5" bec="0" bev="0" fileid="13" />
              </SequencePoints>
              <BranchPoints />
            </Method>
            <Method visited="true" cyclomaticComplexity="0" nPathComplexity="0" sequenceCoverage="100.0" branchCoverage="0" crapScore="0" isConstructor="false" isStatic="false" isGetter="false" isSetter="false">
              <Summary numSequencePoints="2" visitedSequencePoints="2" numBranchPoints="0" visitedBranchPoints="0" sequenceCoverage="100.0" branchCoverage="0" maxCyclomaticComplexity="0" minCyclomaticComplexity="0" maxCrapScore="0" minCrapScore="0" visitedClasses="0" numClasses="0" visitedMethods="1" numMethods="1" />
              <MetadataToken>100663364</MetadataToken>
              <Name>System.Void lamplight::Start()</Name>
              <FileRef uid="13" />
              <SequencePoints>
                <SequencePoint vc="20" uspid="1401" ordinal="0" offset="0" sl="21" sc="5" el="21" ec="5" bec="0" bev="0" fileid="13" />
                <SequencePoint vc="20" uspid="1402" ordinal="0" offset="1" sl="23" sc="5" el="23" ec="5" bec="0" bev="0" fileid="13" />
              </SequencePoints>
              <BranchPoints />
            </Method>
            <Method visited="true" cyclomaticComplexity="0" nPathComplexity="0" sequenceCoverage="57.14" branchCoverage="0" crapScore="0" isConstructor="false" isStatic="false" isGetter="false" isSetter="false">
              <Summary numSequencePoints="7" visitedSequencePoints="4" numBranchPoints="0" visitedBranchPoints="0" sequenceCoverage="57.14" branchCoverage="0" maxCyclomaticComplexity="0" minCyclomaticComplexity="0" maxCrapScore="0" minCrapScore="0" visitedClasses="0" numClasses="0" visitedMethods="1" numMethods="1" />
              <MetadataToken>100663365</MetadataToken>
              <Name>System.Void lamplight::Update()</Name>
              <FileRef uid="13" />
              <SequencePoints>
                <SequencePoint vc="20040" uspid="1403" ordinal="0" offset="0" sl="27" sc="5" el="27" ec="5" bec="0" bev="0" fileid="13" />
                <SequencePoint vc="20040" uspid="1404" ordinal="0" offset="1" sl="29" sc="9" el="29" ec="9" bec="0" bev="0" fileid="13" />
                <SequencePoint vc="0" uspid="1405" ordinal="0" offset="24" sl="30" sc="9" el="30" ec="9" bec="0" bev="0" fileid="13" />
                <SequencePoint vc="0" uspid="1406" ordinal="0" offset="25" sl="32" sc="13" el="32" ec="13" bec="0" bev="0" fileid="13" />
                <SequencePoint vc="0" uspid="1407" ordinal="0" offset="46" sl="34" sc="9" el="34" ec="9" bec="0" bev="0" fileid="13" />
                <SequencePoint vc="20040" uspid="1408" ordinal="0" offset="47" sl="36" sc="9" el="36" ec="9" bec="0" bev="0" fileid="13" />
                <SequencePoint vc="20040" uspid="1409" ordinal="0" offset="92" sl="44" sc="5" el="44" ec="5" bec="0" bev="0" fileid="13" />
              </SequencePoints>
              <BranchPoints />
            </Method>
            <Method visited="true" cyclomaticComplexity="0" nPathComplexity="0" sequenceCoverage="100.0" branchCoverage="0" crapScore="0" isConstructor="true" isStatic="false" isGetter="false" isSetter="false">
              <Summary numSequencePoints="2" visitedSequencePoints="2" numBranchPoints="0" visitedBranchPoints="0" sequenceCoverage="100.0" branchCoverage="0" maxCyclomaticComplexity="0" minCyclomaticComplexity="0" maxCrapScore="0" minCrapScore="0" visitedClasses="0" numClasses="0" visitedMethods="1" numMethods="1" />
              <MetadataToken>100663366</MetadataToken>
              <Name>lamplight::lamplight()</Name>
              <FileRef uid="13" />
              <SequencePoints>
                <SequencePoint vc="28" uspid="1410" ordinal="0" offset="0" sl="8" sc="5" el="8" ec="5" bec="0" bev="0" fileid="13" />
                <SequencePoint vc="28" uspid="1411" ordinal="0" offset="11" sl="9" sc="5" el="9" ec="5" bec="0" bev="0" fileid="13" />
              </SequencePoints>
              <BranchPoints />
            </Method>
          </Methods>
        </Class>
        <Class>
          <Summary numSequencePoints="3" visitedSequencePoints="3" numBranchPoints="0" visitedBranchPoints="0" sequenceCoverage="100.0" branchCoverage="0.0" maxCyclomaticComplexity="0" minCyclomaticComplexity="0" maxCrapScore="0" minCrapScore="0" visitedClasses="1" numClasses="1" visitedMethods="1" numMethods="1" />
          <FullName>Controller</FullName>
          <Methods>
            <Method visited="true" cyclomaticComplexity="0" nPathComplexity="0" sequenceCoverage="100.0" branchCoverage="0" crapScore="0" isConstructor="false" isStatic="true" isGetter="false" isSetter="false">
              <Summary numSequencePoints="3" visitedSequencePoints="3" numBranchPoints="0" visitedBranchPoints="0" sequenceCoverage="100.0" branchCoverage="0" maxCyclomaticComplexity="0" minCyclomaticComplexity="0" maxCrapScore="0" minCrapScore="0" visitedClasses="0" numClasses="0" visitedMethods="1" numMethods="1" />
              <MetadataToken>100663367</MetadataToken>
              <Name>static System.Void Controller::play()</Name>
              <FileRef uid="14" />
              <SequencePoints>
                <SequencePoint vc="1" uspid="1412" ordinal="0" offset="0" sl="9" sc="5" el="9" ec="5" bec="0" bev="0" fileid="14" />
                <SequencePoint vc="1" uspid="1413" ordinal="0" offset="1" sl="10" sc="9" el="10" ec="9" bec="0" bev="0" fileid="14" />
                <SequencePoint vc="1" uspid="1414" ordinal="0" offset="12" sl="11" sc="5" el="11" ec="5" bec="0" bev="0" fileid="14" />
              </SequencePoints>
              <BranchPoints />
            </Method>
          </Methods>
        </Class>
        <Class>
          <Summary numSequencePoints="2" visitedSequencePoints="2" numBranchPoints="0" visitedBranchPoints="0" sequenceCoverage="100.0" branchCoverage="0.0" maxCyclomaticComplexity="0" minCyclomaticComplexity="0" maxCrapScore="0" minCrapScore="0" visitedClasses="1" numClasses="1" visitedMethods="1" numMethods="1" />
          <FullName>CharacterCollition</FullName>
          <Methods>
            <Method visited="true" cyclomaticComplexity="0" nPathComplexity="0" sequenceCoverage="100.0" branchCoverage="0" crapScore="0" isConstructor="true" isStatic="false" isGetter="false" isSetter="false">
              <Summary numSequencePoints="2" visitedSequencePoints="2" numBranchPoints="0" visitedBranchPoints="0" sequenceCoverage="100.0" branchCoverage="0" maxCyclomaticComplexity="0" minCyclomaticComplexity="0" maxCrapScore="0" minCrapScore="0" visitedClasses="0" numClasses="0" visitedMethods="1" numMethods="1" />
              <MetadataToken>100663371</MetadataToken>
              <Name>CharacterCollition::CharacterCollition()</Name>
              <FileRef uid="15" />
              <SequencePoints>
                <SequencePoint vc="4" uspid="1420" ordinal="0" offset="0" sl="10" sc="5" el="10" ec="5" bec="0" bev="0" fileid="15" />
                <SequencePoint vc="4" uspid="1421" ordinal="0" offset="11" sl="13" sc="5" el="13" ec="5" bec="0" bev="0" fileid="15" />
              </SequencePoints>
              <BranchPoints />
            </Method>
          </Methods>
        </Class>
        <Class>
          <Summary numSequencePoints="29" visitedSequencePoints="29" numBranchPoints="0" visitedBranchPoints="0" sequenceCoverage="100.0" branchCoverage="0.0" maxCyclomaticComplexity="0" minCyclomaticComplexity="0" maxCrapScore="0" minCrapScore="0" visitedClasses="1" numClasses="1" visitedMethods="7" numMethods="7" />
          <FullName>CharacterMovement</FullName>
          <Methods>
            <Method visited="true" cyclomaticComplexity="0" nPathComplexity="0" sequenceCoverage="100.0" branchCoverage="0" crapScore="0" isConstructor="false" isStatic="false" isGetter="false" isSetter="false">
              <Summary numSequencePoints="4" visitedSequencePoints="4" numBranchPoints="0" visitedBranchPoints="0" sequenceCoverage="100.0" branchCoverage="0" maxCyclomaticComplexity="0" minCyclomaticComplexity="0" maxCrapScore="0" minCrapScore="0" visitedClasses="0" numClasses="0" visitedMethods="1" numMethods="1" />
              <MetadataToken>100663374</MetadataToken>
              <Name>System.Void CharacterMovement::Start()</Name>
              <FileRef uid="16" />
              <SequencePoints>
                <SequencePoint vc="2" uspid="1424" ordinal="0" offset="0" sl="27" sc="5" el="27" ec="5" bec="0" bev="0" fileid="16" />
                <SequencePoint vc="2" uspid="1425" ordinal="0" offset="1" sl="28" sc="9" el="28" ec="9" bec="0" bev="0" fileid="16" />
                <SequencePoint vc="2" uspid="1426" ordinal="0" offset="12" sl="29" sc="9" el="29" ec="9" bec="0" bev="0" fileid="16" />
                <SequencePoint vc="2" uspid="1427" ordinal="0" offset="23" sl="30" sc="5" el="30" ec="5" bec="0" bev="0" fileid="16" />
              </SequencePoints>
              <BranchPoints />
            </Method>
            <Method visited="true" cyclomaticComplexity="0" nPathComplexity="0" sequenceCoverage="100.0" branchCoverage="0" crapScore="0" isConstructor="false" isStatic="false" isGetter="false" isSetter="false">
              <Summary numSequencePoints="2" visitedSequencePoints="2" numBranchPoints="0" visitedBranchPoints="0" sequenceCoverage="100.0" branchCoverage="0" maxCyclomaticComplexity="0" minCyclomaticComplexity="0" maxCrapScore="0" minCrapScore="0" visitedClasses="0" numClasses="0" visitedMethods="1" numMethods="1" />
              <MetadataToken>100663375</MetadataToken>
              <Name>System.Void CharacterMovement::Update()</Name>
              <FileRef uid="16" />
              <SequencePoints>
                <SequencePoint vc="1900" uspid="1428" ordinal="0" offset="0" sl="34" sc="5" el="34" ec="5" bec="0" bev="0" fileid="16" />
                <SequencePoint vc="1900" uspid="1429" ordinal="0" offset="1" sl="36" sc="5" el="36" ec="5" bec="0" bev="0" fileid="16" />
              </SequencePoints>
              <BranchPoints />
            </Method>
            <Method visited="true" cyclomaticComplexity="0" nPathComplexity="0" sequenceCoverage="100.0" branchCoverage="0" crapScore="0" isConstructor="false" isStatic="false" isGetter="false" isSetter="false">
              <Summary numSequencePoints="11" visitedSequencePoints="11" numBranchPoints="0" visitedBranchPoints="0" sequenceCoverage="100.0" branchCoverage="0" maxCyclomaticComplexity="0" minCyclomaticComplexity="0" maxCrapScore="0" minCrapScore="0" visitedClasses="0" numClasses="0" visitedMethods="1" numMethods="1" />
              <MetadataToken>100663376</MetadataToken>
              <Name>System.Void CharacterMovement::FixedUpdate()</Name>
              <FileRef uid="16" />
              <SequencePoints>
                <SequencePoint vc="1668" uspid="1430" ordinal="0" offset="0" sl="40" sc="5" el="40" ec="5" bec="0" bev="0" fileid="16" />
                <SequencePoint vc="1668" uspid="1431" ordinal="0" offset="1" sl="41" sc="9" el="41" ec="9" bec="0" bev="0" fileid="16" />
                <SequencePoint vc="1668" uspid="1432" ordinal="0" offset="12" sl="42" sc="9" el="42" ec="9" bec="0" bev="0" fileid="16" />
                <SequencePoint vc="1668" uspid="1433" ordinal="0" offset="23" sl="43" sc="9" el="43" ec="9" bec="0" bev="0" fileid="16" />
                <SequencePoint vc="1668" uspid="1434" ordinal="0" offset="73" sl="45" sc="9" el="45" ec="9" bec="0" bev="0" fileid="16" />
                <SequencePoint vc="1668" uspid="1435" ordinal="0" offset="92" sl="46" sc="9" el="46" ec="9" bec="0" bev="0" fileid="16" />
                <SequencePoint vc="997" uspid="1436" ordinal="0" offset="122" sl="46" sc="49" el="46" ec="49" bec="0" bev="0" fileid="16" />
                <SequencePoint vc="997" uspid="1437" ordinal="0" offset="123" sl="47" sc="13" el="47" ec="13" bec="0" bev="0" fileid="16" />
                <SequencePoint vc="997" uspid="1438" ordinal="0" offset="162" sl="48" sc="13" el="48" ec="13" bec="0" bev="0" fileid="16" />
                <SequencePoint vc="997" uspid="1439" ordinal="0" offset="223" sl="49" sc="9" el="49" ec="9" bec="0" bev="0" fileid="16" />
                <SequencePoint vc="1668" uspid="1440" ordinal="0" offset="224" sl="50" sc="5" el="50" ec="5" bec="0" bev="0" fileid="16" />
              </SequencePoints>
              <BranchPoints />
            </Method>
            <Method visited="true" cyclomaticComplexity="0" nPathComplexity="0" sequenceCoverage="100.0" branchCoverage="0" crapScore="0" isConstructor="false" isStatic="true" isGetter="false" isSetter="false">
              <Summary numSequencePoints="5" visitedSequencePoints="5" numBranchPoints="0" visitedBranchPoints="0" sequenceCoverage="100.0" branchCoverage="0" maxCyclomaticComplexity="0" minCyclomaticComplexity="0" maxCrapScore="0" minCrapScore="0" visitedClasses="0" numClasses="0" visitedMethods="1" numMethods="1" />
              <MetadataToken>100663377</MetadataToken>
              <Name>static System.Void CharacterMovement::PlayerAnimationStart()</Name>
              <FileRef uid="16" />
              <SequencePoints>
                <SequencePoint vc="2" uspid="1441" ordinal="0" offset="0" sl="53" sc="5" el="53" ec="5" bec="0" bev="0" fileid="16" />
                <SequencePoint vc="2" uspid="1442" ordinal="0" offset="1" sl="54" sc="9" el="54" ec="9" bec="0" bev="0" fileid="16" />
                <SequencePoint vc="2" uspid="1443" ordinal="0" offset="7" sl="55" sc="9" el="55" ec="9" bec="0" bev="0" fileid="16" />
                <SequencePoint vc="2" uspid="1444" ordinal="0" offset="19" sl="56" sc="9" el="56" ec="9" bec="0" bev="0" fileid="16" />
                <SequencePoint vc="2" uspid="1445" ordinal="0" offset="31" sl="57" sc="5" el="57" ec="5" bec="0" bev="0" fileid="16" />
              </SequencePoints>
              <BranchPoints />
            </Method>
            <Method visited="true" cyclomaticComplexity="0" nPathComplexity="0" sequenceCoverage="100.0" branchCoverage="0" crapScore="0" isConstructor="false" isStatic="true" isGetter="false" isSetter="false">
              <Summary numSequencePoints="5" visitedSequencePoints="5" numBranchPoints="0" visitedBranchPoints="0" sequenceCoverage="100.0" branchCoverage="0" maxCyclomaticComplexity="0" minCyclomaticComplexity="0" maxCrapScore="0" minCrapScore="0" visitedClasses="0" numClasses="0" visitedMethods="1" numMethods="1" />
              <MetadataToken>100663378</MetadataToken>
              <Name>static System.Void CharacterMovement::PlayerAnimationStop()</Name>
              <FileRef uid="16" />
              <SequencePoints>
                <SequencePoint vc="2" uspid="1446" ordinal="0" offset="0" sl="60" sc="5" el="60" ec="5" bec="0" bev="0" fileid="16" />
                <SequencePoint vc="2" uspid="1447" ordinal="0" offset="1" sl="61" sc="9" el="61" ec="9" bec="0" bev="0" fileid="16" />
                <SequencePoint vc="2" uspid="1448" ordinal="0" offset="7" sl="62" sc="9" el="62" ec="9" bec="0" bev="0" fileid="16" />
                <SequencePoint vc="2" uspid="1449" ordinal="0" offset="19" sl="63" sc="9" el="63" ec="9" bec="0" bev="0" fileid="16" />
                <SequencePoint vc="2" uspid="1450" ordinal="0" offset="31" sl="65" sc="5" el="65" ec="5" bec="0" bev="0" fileid="16" />
              </SequencePoints>
              <BranchPoints />
            </Method>
            <Method visited="true" cyclomaticComplexity="0" nPathComplexity="0" sequenceCoverage="100.0" branchCoverage="0" crapScore="0" isConstructor="true" isStatic="false" isGetter="false" isSetter="false">
              <Summary numSequencePoints="1" visitedSequencePoints="1" numBranchPoints="0" visitedBranchPoints="0" sequenceCoverage="100.0" branchCoverage="0" maxCyclomaticComplexity="0" minCyclomaticComplexity="0" maxCrapScore="0" minCrapScore="0" visitedClasses="0" numClasses="0" visitedMethods="1" numMethods="1" />
              <MetadataToken>100663381</MetadataToken>
              <Name>CharacterMovement::CharacterMovement()</Name>
              <FileRef uid="16" />
              <SequencePoints>
                <SequencePoint vc="4" uspid="1454" ordinal="0" offset="0" sl="18" sc="5" el="18" ec="5" bec="0" bev="0" fileid="16" />
              </SequencePoints>
              <BranchPoints />
            </Method>
            <Method visited="true" cyclomaticComplexity="0" nPathComplexity="0" sequenceCoverage="100.0" branchCoverage="0" crapScore="0" isConstructor="true" isStatic="true" isGetter="false" isSetter="false">
              <Summary numSequencePoints="1" visitedSequencePoints="1" numBranchPoints="0" visitedBranchPoints="0" sequenceCoverage="100.0" branchCoverage="0" maxCyclomaticComplexity="0" minCyclomaticComplexity="0" maxCrapScore="0" minCrapScore="0" visitedClasses="0" numClasses="0" visitedMethods="1" numMethods="1" />
              <MetadataToken>100663382</MetadataToken>
              <Name>static CharacterMovement::CharacterMovement()</Name>
              <FileRef uid="16" />
              <SequencePoints>
                <SequencePoint vc="1" uspid="1455" ordinal="0" offset="0" sl="15" sc="5" el="15" ec="5" bec="0" bev="0" fileid="16" />
              </SequencePoints>
              <BranchPoints />
            </Method>
          </Methods>
        </Class>
        <Class>
          <Summary numSequencePoints="24" visitedSequencePoints="24" numBranchPoints="0" visitedBranchPoints="0" sequenceCoverage="100.0" branchCoverage="0.0" maxCyclomaticComplexity="0" minCyclomaticComplexity="0" maxCrapScore="0" minCrapScore="0" visitedClasses="1" numClasses="1" visitedMethods="3" numMethods="3" />
          <FullName>RoomCameraControl</FullName>
          <Methods>
            <Method visited="true" cyclomaticComplexity="0" nPathComplexity="0" sequenceCoverage="100.0" branchCoverage="0" crapScore="0" isConstructor="false" isStatic="false" isGetter="false" isSetter="false">
              <Summary numSequencePoints="8" visitedSequencePoints="8" numBranchPoints="0" visitedBranchPoints="0" sequenceCoverage="100.0" branchCoverage="0" maxCyclomaticComplexity="0" minCyclomaticComplexity="0" maxCrapScore="0" minCrapScore="0" visitedClasses="0" numClasses="0" visitedMethods="1" numMethods="1" />
              <MetadataToken>100663383</MetadataToken>
              <Name>System.Void RoomCameraControl::OnTriggerEnter(UnityEngine.Collider)</Name>
              <FileRef uid="17" />
              <SequencePoints>
                <SequencePoint vc="12" uspid="1456" ordinal="0" offset="0" sl="23" sc="5" el="23" ec="5" bec="0" bev="0" fileid="17" />
                <SequencePoint vc="12" uspid="1457" ordinal="0" offset="1" sl="24" sc="9" el="24" ec="9" bec="0" bev="0" fileid="17" />
                <SequencePoint vc="4" uspid="1458" ordinal="0" offset="30" sl="25" sc="9" el="25" ec="9" bec="0" bev="0" fileid="17" />
                <SequencePoint vc="4" uspid="1459" ordinal="0" offset="31" sl="26" sc="13" el="26" ec="13" bec="0" bev="0" fileid="17" />
                <SequencePoint vc="4" uspid="1460" ordinal="0" offset="44" sl="27" sc="13" el="27" ec="13" bec="0" bev="0" fileid="17" />
                <SequencePoint vc="4" uspid="1461" ordinal="0" offset="60" sl="28" sc="13" el="28" ec="13" bec="0" bev="0" fileid="17" />
                <SequencePoint vc="4" uspid="1462" ordinal="0" offset="67" sl="29" sc="9" el="29" ec="9" bec="0" bev="0" fileid="17" />
                <SequencePoint vc="12" uspid="1463" ordinal="0" offset="68" sl="30" sc="5" el="30" ec="5" bec="0" bev="0" fileid="17" />
              </SequencePoints>
              <BranchPoints />
            </Method>
            <Method visited="true" cyclomaticComplexity="0" nPathComplexity="0" sequenceCoverage="100.0" branchCoverage="0" crapScore="0" isConstructor="false" isStatic="false" isGetter="false" isSetter="false">
              <Summary numSequencePoints="6" visitedSequencePoints="6" numBranchPoints="0" visitedBranchPoints="0" sequenceCoverage="100.0" branchCoverage="0" maxCyclomaticComplexity="0" minCyclomaticComplexity="0" maxCrapScore="0" minCrapScore="0" visitedClasses="0" numClasses="0" visitedMethods="1" numMethods="1" />
              <MetadataToken>100663384</MetadataToken>
              <Name>System.Void RoomCameraControl::OnTriggerExit(UnityEngine.Collider)</Name>
              <FileRef uid="17" />
              <SequencePoints>
                <SequencePoint vc="9" uspid="1464" ordinal="0" offset="0" sl="37" sc="5" el="37" ec="5" bec="0" bev="0" fileid="17" />
                <SequencePoint vc="9" uspid="1465" ordinal="0" offset="1" sl="38" sc="9" el="38" ec="9" bec="0" bev="0" fileid="17" />
                <SequencePoint vc="3" uspid="1466" ordinal="0" offset="16" sl="39" sc="9" el="39" ec="9" bec="0" bev="0" fileid="17" />
                <SequencePoint vc="3" uspid="1467" ordinal="0" offset="17" sl="40" sc="13" el="40" ec="13" bec="0" bev="0" fileid="17" />
                <SequencePoint vc="3" uspid="1468" ordinal="0" offset="30" sl="41" sc="9" el="41" ec="9" bec="0" bev="0" fileid="17" />
                <SequencePoint vc="9" uspid="1469" ordinal="0" offset="31" sl="42" sc="5" el="42" ec="5" bec="0" bev="0" fileid="17" />
              </SequencePoints>
              <BranchPoints />
            </Method>
            <Method visited="true" cyclomaticComplexity="0" nPathComplexity="0" sequenceCoverage="100.0" branchCoverage="0" crapScore="0" isConstructor="false" isStatic="false" isGetter="false" isSetter="false">
              <Summary numSequencePoints="10" visitedSequencePoints="10" numBranchPoints="0" visitedBranchPoints="0" sequenceCoverage="100.0" branchCoverage="0" maxCyclomaticComplexity="0" minCyclomaticComplexity="0" maxCrapScore="0" minCrapScore="0" visitedClasses="0" numClasses="0" visitedMethods="1" numMethods="1" />
              <MetadataToken>100663385</MetadataToken>
              <Name>System.Void RoomCameraControl::LateUpdate()</Name>
              <FileRef uid="17" />
              <SequencePoints>
                <SequencePoint vc="5830" uspid="1470" ordinal="0" offset="0" sl="45" sc="5" el="45" ec="5" bec="0" bev="0" fileid="17" />
                <SequencePoint vc="5830" uspid="1471" ordinal="0" offset="1" sl="46" sc="9" el="46" ec="9" bec="0" bev="0" fileid="17" />
                <SequencePoint vc="4" uspid="1472" ordinal="0" offset="48" sl="47" sc="9" el="47" ec="9" bec="0" bev="0" fileid="17" />
                <SequencePoint vc="4" uspid="1473" ordinal="0" offset="49" sl="49" sc="13" el="49" ec="13" bec="0" bev="0" fileid="17" />
                <SequencePoint vc="4" uspid="1474" ordinal="0" offset="56" sl="50" sc="9" el="50" ec="9" bec="0" bev="0" fileid="17" />
                <SequencePoint vc="5830" uspid="1475" ordinal="0" offset="57" sl="51" sc="9" el="51" ec="9" bec="0" bev="0" fileid="17" />
                <SequencePoint vc="3" uspid="1476" ordinal="0" offset="104" sl="51" sc="80" el="51" ec="80" bec="0" bev="0" fileid="17" />
                <SequencePoint vc="3" uspid="1477" ordinal="0" offset="105" sl="52" sc="13" el="52" ec="13" bec="0" bev="0" fileid="17" />
                <SequencePoint vc="3" uspid="1478" ordinal="0" offset="133" sl="56" sc="9" el="56" ec="9" bec="0" bev="0" fileid="17" />
                <SequencePoint vc="5830" uspid="1479" ordinal="0" offset="134" sl="57" sc="5" el="57" ec="5" bec="0" bev="0" fileid="17" />
              </SequencePoints>
              <BranchPoints />
            </Method>
          </Methods>
        </Class>
        <Class>
          <Summary numSequencePoints="6" visitedSequencePoints="6" numBranchPoints="0" visitedBranchPoints="0" sequenceCoverage="100.0" branchCoverage="0.0" maxCyclomaticComplexity="0" minCyclomaticComplexity="0" maxCrapScore="0" minCrapScore="0" visitedClasses="1" numClasses="1" visitedMethods="1" numMethods="1" />
          <FullName>NewBehaviourScript</FullName>
          <Methods>
            <Method visited="true" cyclomaticComplexity="0" nPathComplexity="0" sequenceCoverage="100.0" branchCoverage="0" crapScore="0" isConstructor="false" isStatic="false" isGetter="false" isSetter="false">
              <Summary numSequencePoints="6" visitedSequencePoints="6" numBranchPoints="0" visitedBranchPoints="0" sequenceCoverage="100.0" branchCoverage="0" maxCyclomaticComplexity="0" minCyclomaticComplexity="0" maxCrapScore="0" minCrapScore="0" visitedClasses="0" numClasses="0" visitedMethods="1" numMethods="1" />
              <MetadataToken>100663387</MetadataToken>
              <Name>System.Void NewBehaviourScript::OnTriggerEnter(UnityEngine.Collider)</Name>
              <FileRef uid="18" />
              <SequencePoints>
                <SequencePoint vc="6" uspid="1480" ordinal="0" offset="0" sl="16" sc="5" el="16" ec="5" bec="0" bev="0" fileid="18" />
                <SequencePoint vc="6" uspid="1481" ordinal="0" offset="1" sl="17" sc="9" el="17" ec="9" bec="0" bev="0" fileid="18" />
                <SequencePoint vc="2" uspid="1482" ordinal="0" offset="16" sl="17" sc="40" el="17" ec="40" bec="0" bev="0" fileid="18" />
                <SequencePoint vc="2" uspid="1483" ordinal="0" offset="17" sl="18" sc="13" el="18" ec="13" bec="0" bev="0" fileid="18" />
                <SequencePoint vc="2" uspid="1484" ordinal="0" offset="36" sl="20" sc="9" el="20" ec="9" bec="0" bev="0" fileid="18" />
                <SequencePoint vc="6" uspid="1485" ordinal="0" offset="37" sl="21" sc="5" el="21" ec="5" bec="0" bev="0" fileid="18" />
              </SequencePoints>
              <BranchPoints />
            </Method>
          </Methods>
        </Class>
        <Class>
          <Summary numSequencePoints="7" visitedSequencePoints="7" numBranchPoints="0" visitedBranchPoints="0" sequenceCoverage="100.0" branchCoverage="0.0" maxCyclomaticComplexity="0" minCyclomaticComplexity="0" maxCrapScore="0" minCrapScore="0" visitedClasses="1" numClasses="1" visitedMethods="1" numMethods="1" />
          <FullName>ChangeScene</FullName>
          <Methods>
            <Method visited="true" cyclomaticComplexity="0" nPathComplexity="0" sequenceCoverage="100.0" branchCoverage="0" crapScore="0" isConstructor="false" isStatic="false" isGetter="false" isSetter="false">
              <Summary numSequencePoints="7" visitedSequencePoints="7" numBranchPoints="0" visitedBranchPoints="0" sequenceCoverage="100.0" branchCoverage="0" maxCyclomaticComplexity="0" minCyclomaticComplexity="0" maxCrapScore="0" minCrapScore="0" visitedClasses="0" numClasses="0" visitedMethods="1" numMethods="1" />
              <MetadataToken>100663390</MetadataToken>
              <Name>System.Void ChangeScene::OnTriggerEnter(UnityEngine.Collider)</Name>
              <FileRef uid="19" />
              <SequencePoints>
                <SequencePoint vc="3" uspid="1486" ordinal="0" offset="0" sl="9" sc="5" el="9" ec="5" bec="0" bev="0" fileid="19" />
                <SequencePoint vc="3" uspid="1487" ordinal="0" offset="1" sl="10" sc="9" el="10" ec="9" bec="0" bev="0" fileid="19" />
                <SequencePoint vc="1" uspid="1488" ordinal="0" offset="16" sl="11" sc="9" el="11" ec="9" bec="0" bev="0" fileid="19" />
                <SequencePoint vc="1" uspid="1489" ordinal="0" offset="17" sl="12" sc="13" el="12" ec="13" bec="0" bev="0" fileid="19" />
                <SequencePoint vc="1" uspid="1490" ordinal="0" offset="33" sl="13" sc="13" el="13" ec="13" bec="0" bev="0" fileid="19" />
                <SequencePoint vc="1" uspid="1491" ordinal="0" offset="40" sl="16" sc="9" el="16" ec="9" bec="0" bev="0" fileid="19" />
                <SequencePoint vc="3" uspid="1492" ordinal="0" offset="41" sl="17" sc="5" el="17" ec="5" bec="0" bev="0" fileid="19" />
              </SequencePoints>
              <BranchPoints />
            </Method>
          </Methods>
        </Class>
        <Class>
          <Summary numSequencePoints="19" visitedSequencePoints="15" numBranchPoints="0" visitedBranchPoints="0" sequenceCoverage="78.95" branchCoverage="0.0" maxCyclomaticComplexity="0" minCyclomaticComplexity="0" maxCrapScore="0" minCrapScore="0" visitedClasses="1" numClasses="1" visitedMethods="8" numMethods="8" />
          <FullName>GameManager</FullName>
          <Methods>
            <Method visited="true" cyclomaticComplexity="0" nPathComplexity="0" sequenceCoverage="60.00" branchCoverage="0" crapScore="0" isConstructor="false" isStatic="false" isGetter="false" isSetter="false">
[...]
                <SequencePoint vc="1" uspid="1675" ordinal="0" offset="31" sl="106" sc="9" el="106" ec="9" bec="0" bev="0" fileid="22" />
                <SequencePoint vc="1" uspid="1676" ordinal="0" offset="48" sl="107" sc="9" el="107" ec="9" bec="0" bev="0" fileid="22" />
                <SequencePoint vc="1" uspid="1677" ordinal="0" offset="61" sl="108" sc="9" el="108" ec="9" bec="0" bev="0" fileid="22" />
                <SequencePoint vc="1" uspid="1678" ordinal="0" offset="74" sl="109" sc="9" el="109" ec="9" bec="0" bev="0" fileid="22" />
                <SequencePoint vc="1" uspid="1679" ordinal="0" offset="81" sl="111" sc="9" el="111" ec="9" bec="0" bev="0" fileid="22" />
                <SequencePoint vc="1" uspid="1680" ordinal="0" offset="93" sl="113" sc="9" el="113" ec="9" bec="0" bev="0" fileid="22" />
                <SequencePoint vc="1" uspid="1681" ordinal="0" offset="109" sl="115" sc="9" el="115" ec="9" bec="0" bev="0" fileid="22" />
                <SequencePoint vc="1" uspid="1682" ordinal="0" offset="110" sl="115" sc="35" el="115" ec="35" bec="0" bev="0" fileid="22" />
                <SequencePoint vc="2" uspid="1683" ordinal="0" offset="121" sl="115" sc="18" el="115" ec="18" bec="0" bev="0" fileid="22" />
                <SequencePoint vc="2" uspid="1684" ordinal="0" offset="125" sl="116" sc="9" el="116" ec="9" bec="0" bev="0" fileid="22" />
                <SequencePoint vc="2" uspid="1685" ordinal="0" offset="126" sl="117" sc="13" el="117" ec="13" bec="0" bev="0" fileid="22" />
                <SequencePoint vc="2" uspid="1686" ordinal="0" offset="133" sl="118" sc="9" el="118" ec="9" bec="0" bev="0" fileid="22" />
                <SequencePoint vc="3" uspid="1687" ordinal="0" offset="138" sl="115" sc="32" el="115" ec="32" bec="0" bev="0" fileid="22" />
                <SequencePoint vc="1" uspid="1688" ordinal="0" offset="144" sl="119" sc="5" el="119" ec="5" bec="0" bev="0" fileid="22" />
              </SequencePoints>
              <BranchPoints />
            </Method>
          </Methods>
        </Class>
        <Class>
          <Summary numSequencePoints="72" visitedSequencePoints="44" numBranchPoints="0" visitedBranchPoints="0" sequenceCoverage="61.11" branchCoverage="0.0" maxCyclomaticComplexity="0" minCyclomaticComplexity="0" maxCrapScore="0" minCrapScore="0" visitedClasses="1" numClasses="1" visitedMethods="3" numMethods="3" />
          <FullName>Pedestal2</FullName>
          <Methods>
            <Method visited="true" cyclomaticComplexity="0" nPathComplexity="0" sequenceCoverage="47.37" branchCoverage="0" crapScore="0" isConstructor="false" isStatic="false" isGetter="false" isSetter="false">
              <Summary numSequencePoints="38" visitedSequencePoints="18" numBranchPoints="0" visitedBranchPoints="0" sequenceCoverage="47.37" branchCoverage="0" maxCyclomaticComplexity="0" minCyclomaticComplexity="0" maxCrapScore="0" minCrapScore="0" visitedClasses="0" numClasses="0" visitedMethods="1" numMethods="1" />
              <MetadataToken>100663410</MetadataToken>
              <Name>System.Void Pedestal2::OnTriggerStay(UnityEngine.Collider)</Name>
              <FileRef uid="23" />
              <SequencePoints>
                <SequencePoint vc="53" uspid="1689" ordinal="0" offset="0" sl="16" sc="5" el="16" ec="5" bec="0" bev="0" fileid="23" />
                <SequencePoint vc="53" uspid="1690" ordinal="0" offset="1" sl="17" sc="9" el="17" ec="9" bec="0" bev="0" fileid="23" />
                <SequencePoint vc="14" uspid="1691" ordinal="0" offset="19" sl="18" sc="9" el="18" ec="9" bec="0" bev="0" fileid="23" />
                <SequencePoint vc="14" uspid="1692" ordinal="0" offset="20" sl="19" sc="13" el="19" ec="13" bec="0" bev="0" fileid="23" />
                <SequencePoint vc="1" uspid="1693" ordinal="0" offset="62" sl="19" sc="104" el="19" ec="104" bec="0" bev="0" fileid="23" />
                <SequencePoint vc="1" uspid="1694" ordinal="0" offset="63" sl="22" sc="17" el="22" ec="17" bec="0" bev="0" fileid="23" />
                <SequencePoint vc="1" uspid="1695" ordinal="0" offset="71" sl="23" sc="17" el="23" ec="17" bec="0" bev="0" fileid="23" />
                <SequencePoint vc="1" uspid="1696" ordinal="0" offset="72" sl="23" sc="43" el="23" ec="43" bec="0" bev="0" fileid="23" />
                <SequencePoint vc="1" uspid="1697" ordinal="0" offset="83" sl="23" sc="26" el="23" ec="26" bec="0" bev="0" fileid="23" />
                <SequencePoint vc="1" uspid="1698" ordinal="0" offset="88" sl="24" sc="17" el="24" ec="17" bec="0" bev="0" fileid="23" />
                <SequencePoint vc="1" uspid="1699" ordinal="0" offset="89" sl="25" sc="21" el="25" ec="21" bec="0" bev="0" fileid="23" />
                <SequencePoint vc="1" uspid="1700" ordinal="0" offset="98" sl="26" sc="17" el="26" ec="17" bec="0" bev="0" fileid="23" />
                <SequencePoint vc="2" uspid="1701" ordinal="0" offset="103" sl="23" sc="40" el="23" ec="40" bec="0" bev="0" fileid="23" />
                <SequencePoint vc="1" uspid="1702" ordinal="0" offset="109" sl="29" sc="13" el="29" ec="13" bec="0" bev="0" fileid="23" />
                <SequencePoint vc="13" uspid="1703" ordinal="0" offset="115" sl="29" sc="19" el="29" ec="19" bec="0" bev="0" fileid="23" />
                <SequencePoint vc="0" uspid="1704" ordinal="0" offset="159" sl="30" sc="13" el="30" ec="13" bec="0" bev="0" fileid="23" />
                <SequencePoint vc="0" uspid="1705" ordinal="0" offset="160" sl="32" sc="17" el="32" ec="17" bec="0" bev="0" fileid="23" />
                <SequencePoint vc="0" uspid="1706" ordinal="0" offset="168" sl="33" sc="17" el="33" ec="17" bec="0" bev="0" fileid="23" />
                <SequencePoint vc="0" uspid="1707" ordinal="0" offset="169" sl="33" sc="43" el="33" ec="43" bec="0" bev="0" fileid="23" />
                <SequencePoint vc="0" uspid="1708" ordinal="0" offset="182" sl="33" sc="26" el="33" ec="26" bec="0" bev="0" fileid="23" />
                <SequencePoint vc="0" uspid="1709" ordinal="0" offset="189" sl="34" sc="17" el="34" ec="17" bec="0" bev="0" fileid="23" />
                <SequencePoint vc="0" uspid="1710" ordinal="0" offset="190" sl="35" sc="21" el="35" ec="21" bec="0" bev="0" fileid="23" />
                <SequencePoint vc="0" uspid="1711" ordinal="0" offset="199" sl="36" sc="17" el="36" ec="17" bec="0" bev="0" fileid="23" />
                <SequencePoint vc="0" uspid="1712" ordinal="0" offset="206" sl="33" sc="40" el="33" ec="40" bec="0" bev="0" fileid="23" />
                <SequencePoint vc="0" uspid="1713" ordinal="0" offset="214" sl="39" sc="13" el="39" ec="13" bec="0" bev="0" fileid="23" />
                <SequencePoint vc="13" uspid="1714" ordinal="0" offset="217" sl="40" sc="18" el="40" ec="18" bec="0" bev="0" fileid="23" />
                <SequencePoint vc="0" uspid="1715" ordinal="0" offset="261" sl="41" sc="13" el="41" ec="13" bec="0" bev="0" fileid="23" />
                <SequencePoint vc="0" uspid="1716" ordinal="0" offset="262" sl="43" sc="17" el="43" ec="17" bec="0" bev="0" fileid="23" />
                <SequencePoint vc="0" uspid="1717" ordinal="0" offset="270" sl="44" sc="17" el="44" ec="17" bec="0" bev="0" fileid="23" />
                <SequencePoint vc="0" uspid="1718" ordinal="0" offset="271" sl="44" sc="43" el="44" ec="43" bec="0" bev="0" fileid="23" />
                <SequencePoint vc="0" uspid="1719" ordinal="0" offset="284" sl="44" sc="26" el="44" ec="26" bec="0" bev="0" fileid="23" />
                <SequencePoint vc="0" uspid="1720" ordinal="0" offset="291" sl="45" sc="17" el="45" ec="17" bec="0" bev="0" fileid="23" />
                <SequencePoint vc="0" uspid="1721" ordinal="0" offset="292" sl="46" sc="21" el="46" ec="21" bec="0" bev="0" fileid="23" />
                <SequencePoint vc="0" uspid="1722" ordinal="0" offset="301" sl="47" sc="17" el="47" ec="17" bec="0" bev="0" fileid="23" />
                <SequencePoint vc="0" uspid="1723" ordinal="0" offset="308" sl="44" sc="40" el="44" ec="40" bec="0" bev="0" fileid="23" />
                <SequencePoint vc="0" uspid="1724" ordinal="0" offset="316" sl="49" sc="13" el="49" ec="13" bec="0" bev="0" fileid="23" />
                <SequencePoint vc="14" uspid="1725" ordinal="0" offset="317" sl="51" sc="9" el="51" ec="9" bec="0" bev="0" fileid="23" />
                <SequencePoint vc="53" uspid="1726" ordinal="0" offset="318" sl="52" sc="5" el="52" ec="5" bec="0" bev="0" fileid="23" />
              </SequencePoints>
              <BranchPoints />
            </Method>
            <Method visited="true" cyclomaticComplexity="0" nPathComplexity="0" sequenceCoverage="52.94" branchCoverage="0" crapScore="0" isConstructor="false" isStatic="false" isGetter="false" isSetter="false">
              <Summary numSequencePoints="17" visitedSequencePoints="9" numBranchPoints="0" visitedBranchPoints="0" sequenceCoverage="52.94" branchCoverage="0" maxCyclomaticComplexity="0" minCyclomaticComplexity="0" maxCrapScore="0" minCrapScore="0" visitedClasses="0" numClasses="0" visitedMethods="1" numMethods="1" />
              <MetadataToken>100663411</MetadataToken>
              <Name>System.Void Pedestal2::OnTriggerEnter(UnityEngine.Collider)</Name>
              <FileRef uid="23" />
              <SequencePoints>
                <SequencePoint vc="3" uspid="1727" ordinal="0" offset="0" sl="54" sc="5" el="54" ec="5" bec="0" bev="0" fileid="23" />
                <SequencePoint vc="3" uspid="1728" ordinal="0" offset="1" sl="55" sc="9" el="55" ec="9" bec="0" bev="0" fileid="23" />
                <SequencePoint vc="1" uspid="1729" ordinal="0" offset="19" sl="56" sc="9" el="56" ec="9" bec="0" bev="0" fileid="23" />
                <SequencePoint vc="1" uspid="1730" ordinal="0" offset="20" sl="57" sc="13" el="57" ec="13" bec="0" bev="0" fileid="23" />
                <SequencePoint vc="1" uspid="1731" ordinal="0" offset="53" sl="58" sc="13" el="58" ec="13" bec="0" bev="0" fileid="23" />
                <SequencePoint vc="1" uspid="1732" ordinal="0" offset="54" sl="59" sc="17" el="59" ec="17" bec="0" bev="0" fileid="23" />
                <SequencePoint vc="1" uspid="1733" ordinal="0" offset="74" sl="61" sc="13" el="61" ec="13" bec="0" bev="0" fileid="23" />
                <SequencePoint vc="0" uspid="1734" ordinal="0" offset="77" sl="62" sc="18" el="62" ec="18" bec="0" bev="0" fileid="23" />
                <SequencePoint vc="0" uspid="1735" ordinal="0" offset="110" sl="63" sc="13" el="63" ec="13" bec="0" bev="0" fileid="23" />
                <SequencePoint vc="0" uspid="1736" ordinal="0" offset="111" sl="65" sc="17" el="65" ec="17" bec="0" bev="0" fileid="23" />
                <SequencePoint vc="0" uspid="1737" ordinal="0" offset="131" sl="67" sc="13" el="67" ec="13" bec="0" bev="0" fileid="23" />
                <SequencePoint vc="0" uspid="1738" ordinal="0" offset="134" sl="68" sc="18" el="68" ec="18" bec="0" bev="0" fileid="23" />
                <SequencePoint vc="0" uspid="1739" ordinal="0" offset="167" sl="69" sc="13" el="69" ec="13" bec="0" bev="0" fileid="23" />
                <SequencePoint vc="0" uspid="1740" ordinal="0" offset="168" sl="70" sc="17" el="70" ec="17" bec="0" bev="0" fileid="23" />
                <SequencePoint vc="0" uspid="1741" ordinal="0" offset="188" sl="72" sc="13" el="72" ec="13" bec="0" bev="0" fileid="23" />
                <SequencePoint vc="1" uspid="1742" ordinal="0" offset="189" sl="74" sc="9" el="74" ec="9" bec="0" bev="0" fileid="23" />
                <SequencePoint vc="3" uspid="1743" ordinal="0" offset="190" sl="75" sc="5" el="75" ec="5" bec="0" bev="0" fileid="23" />
              </SequencePoints>
              <BranchPoints />
            </Method>
            <Method visited="true" cyclomaticComplexity="0" nPathComplexity="0" sequenceCoverage="100.0" branchCoverage="0" crapScore="0" isConstructor="false" isStatic="false" isGetter="false" isSetter="false">
              <Summary numSequencePoints="17" visitedSequencePoints="17" numBranchPoints="0" visitedBranchPoints="0" sequenceCoverage="100.0" branchCoverage="0" maxCyclomaticComplexity="0" minCyclomaticComplexity="0" maxCrapScore="0" minCrapScore="0" visitedClasses="0" numClasses="0" visitedMethods="1" numMethods="1" />
              <MetadataToken>100663413</MetadataToken>
              <Name>System.Void Pedestal2::selectWeapon(System.Int32)</Name>
              <FileRef uid="23" />
              <SequencePoints>
                <SequencePoint vc="1" uspid="1761" ordinal="0" offset="0" sl="102" sc="5" el="102" ec="5" bec="0" bev="0" fileid="23" />
                <SequencePoint vc="1" uspid="1762" ordinal="0" offset="1" sl="103" sc="9" el="103" ec="9" bec="0" bev="0" fileid="23" />
                <SequencePoint vc="1" uspid="1763" ordinal="0" offset="13" sl="104" sc="9" el="104" ec="9" bec="0" bev="0" fileid="23" />
                <SequencePoint vc="1" uspid="1764" ordinal="0" offset="31" sl="105" sc="9" el="105" ec="9" bec="0" bev="0" fileid="23" />
                <SequencePoint vc="1" uspid="1765" ordinal="0" offset="48" sl="106" sc="9" el="106" ec="9" bec="0" bev="0" fileid="23" />
                <SequencePoint vc="1" uspid="1766" ordinal="0" offset="61" sl="107" sc="9" el="107" ec="9" bec="0" bev="0" fileid="23" />
                <SequencePoint vc="1" uspid="1767" ordinal="0" offset="74" sl="108" sc="9" el="108" ec="9" bec="0" bev="0" fileid="23" />
                <SequencePoint vc="1" uspid="1768" ordinal="0" offset="81" sl="110" sc="9" el="110" ec="9" bec="0" bev="0" fileid="23" />
                <SequencePoint vc="1" uspid="1769" ordinal="0" offset="93" sl="112" sc="9" el="112" ec="9" bec="0" bev="0" fileid="23" />
                <SequencePoint vc="1" uspid="1770" ordinal="0" offset="109" sl="114" sc="9" el="114" ec="9" bec="0" bev="0" fileid="23" />
                <SequencePoint vc="1" uspid="1771" ordinal="0" offset="110" sl="114" sc="35" el="114" ec="35" bec="0" bev="0" fileid="23" />
                <SequencePoint vc="1" uspid="1772" ordinal="0" offset="121" sl="114" sc="18" el="114" ec="18" bec="0" bev="0" fileid="23" />
                <SequencePoint vc="1" uspid="1773" ordinal="0" offset="125" sl="115" sc="9" el="115" ec="9" bec="0" bev="0" fileid="23" />
                <SequencePoint vc="1" uspid="1774" ordinal="0" offset="126" sl="116" sc="13" el="116" ec="13" bec="0" bev="0" fileid="23" />
                <SequencePoint vc="1" uspid="1775" ordinal="0" offset="133" sl="117" sc="9" el="117" ec="9" bec="0" bev="0" fileid="23" />
                <SequencePoint vc="2" uspid="1776" ordinal="0" offset="138" sl="114" sc="32" el="114" ec="32" bec="0" bev="0" fileid="23" />
                <SequencePoint vc="1" uspid="1777" ordinal="0" offset="144" sl="118" sc="5" el="118" ec="5" bec="0" bev="0" fileid="23" />
              </SequencePoints>
              <BranchPoints />
            </Method>
          </Methods>
        </Class>
        <Class>
          <Summary numSequencePoints="6" visitedSequencePoints="6" numBranchPoints="0" visitedBranchPoints="0" sequenceCoverage="100.0" branchCoverage="0.0" maxCyclomaticComplexity="0" minCyclomaticComplexity="0" maxCrapScore="0" minCrapScore="0" visitedClasses="1" numClasses="1" visitedMethods="1" numMethods="1" />
          <FullName>Dice/&lt;DelayResult&gt;d__24</FullName>
          <Methods>
            <Method visited="true" cyclomaticComplexity="0" nPathComplexity="0" sequenceCoverage="100.0" branchCoverage="0" crapScore="0" isConstructor="false" isStatic="false" isGetter="false" isSetter="false">
              <Summary numSequencePoints="6" visitedSequencePoints="6" numBranchPoints="0" visitedBranchPoints="0" sequenceCoverage="100.0" branchCoverage="0" maxCyclomaticComplexity="0" minCyclomaticComplexity="0" maxCrapScore="0" minCrapScore="0" visitedClasses="0" numClasses="0" visitedMethods="1" numMethods="1" />
              <MetadataToken>100663418</MetadataToken>
              <Name>System.Void Dice/&lt;DelayResult&gt;d__24::MoveNext()</Name>
              <FileRef uid="2" />
              <SequencePoints>
                <SequencePoint vc="6" uspid="1778" ordinal="0" offset="14" sl="185" sc="5" el="185" ec="5" bec="0" bev="0" fileid="2" />
                <SequencePoint vc="6" uspid="1779" ordinal="0" offset="15" sl="187" sc="9" el="187" ec="9" bec="0" bev="0" fileid="2" />
                <SequencePoint vc="6" uspid="1780" ordinal="0" offset="49" sl="187" sc="9" el="187" ec="9" bec="0" bev="0" fileid="2" />
                <SequencePoint vc="6" uspid="1781" ordinal="0" offset="76" sl="187" sc="9" el="187" ec="9" bec="0" bev="0" fileid="2" />
                <SequencePoint vc="6" uspid="1782" ordinal="0" offset="112" sl="188" sc="9" el="188" ec="9" bec="0" bev="0" fileid="2" />
                <SequencePoint vc="6" uspid="1783" ordinal="0" offset="150" sl="190" sc="5" el="190" ec="5" bec="0" bev="0" fileid="2" />
              </SequencePoints>
              <BranchPoints />
            </Method>
          </Methods>
        </Class>
        <Class>
          <Summary numSequencePoints="11" visitedSequencePoints="11" numBranchPoints="0" visitedBranchPoints="0" sequenceCoverage="100.0" branchCoverage="0.0" maxCyclomaticComplexity="0" minCyclomaticComplexity="0" maxCrapScore="0" minCrapScore="0" visitedClasses="1" numClasses="1" visitedMethods="1" numMethods="1" />
          <FullName>NewBehaviourScript/&lt;GoTo&gt;d__4</FullName>
          <Methods>
            <Method visited="true" cyclomaticComplexity="0" nPathComplexity="0" sequenceCoverage="100.0" branchCoverage="0" crapScore="0" isConstructor="false" isStatic="false" isGetter="false" isSetter="false">
              <Summary numSequencePoints="11" visitedSequencePoints="11" numBranchPoints="0" visitedBranchPoints="0" sequenceCoverage="100.0" branchCoverage="0" maxCyclomaticComplexity="0" minCyclomaticComplexity="0" maxCrapScore="0" minCrapScore="0" visitedClasses="0" numClasses="0" visitedMethods="1" numMethods="1" />
              <MetadataToken>100663434</MetadataToken>
              <Name>System.Boolean NewBehaviourScript/&lt;GoTo&gt;d__4::MoveNext()</Name>
              <FileRef uid="18" />
              <SequencePoints>
                <SequencePoint vc="2" uspid="1804" ordinal="0" offset="31" sl="25" sc="5" el="25" ec="5" bec="0" bev="0" fileid="18" />
                <SequencePoint vc="2" uspid="1805" ordinal="0" offset="32" sl="26" sc="9" el="26" ec="9" bec="0" bev="0" fileid="18" />
                <SequencePoint vc="2" uspid="1806" ordinal="0" offset="38" sl="27" sc="9" el="27" ec="9" bec="0" bev="0" fileid="18" />
                <SequencePoint vc="22" uspid="1807" ordinal="0" offset="53" sl="34" sc="17" el="34" ec="17" bec="0" bev="0" fileid="18" />
                <SequencePoint vc="22" uspid="1808" ordinal="0" offset="54" sl="36" sc="21" el="36" ec="21" bec="0" bev="0" fileid="18" />
                <SequencePoint vc="22" uspid="1809" ordinal="0" offset="119" sl="37" sc="21" el="37" ec="21" bec="0" bev="0" fileid="18" />
                <SequencePoint vc="22" uspid="1810" ordinal="0" offset="142" sl="38" sc="17" el="38" ec="17" bec="0" bev="0" fileid="18" />
                <SequencePoint vc="24" uspid="1811" ordinal="0" offset="143" sl="33" sc="17" el="33" ec="17" bec="0" bev="0" fileid="18" />
                <SequencePoint vc="2" uspid="1812" ordinal="0" offset="187" sl="41" sc="9" el="41" ec="9" bec="0" bev="0" fileid="18" />
                <SequencePoint vc="2" uspid="1813" ordinal="0" offset="193" sl="42" sc="9" el="42" ec="9" bec="0" bev="0" fileid="18" />
                <SequencePoint vc="2" uspid="1814" ordinal="0" offset="206" sl="44" sc="5" el="44" ec="5" bec="0" bev="0" fileid="18" />
              </SequencePoints>
              <BranchPoints />
            </Method>
          </Methods>
        </Class>
      </Classes>
    </Module>
  </Modules>
</CoverageSession>