<?xml version="1.0" encoding="utf-8"?>
<CoverageSession xmlns:xsd="http://www.w3.org/2001/XMLSchema" xmlns:xsi="http://www.w3.org/2001/XMLSchema-instance" Version="0.0.0.0">
  <Summary numSequencePoints="906" visitedSequencePoints="0" numBranchPoints="0" visitedBranchPoints="0" sequenceCoverage="0.0" branchCoverage="0.0" maxCyclomaticComplexity="0" minCyclomaticComplexity="0" maxCrapScore="0" minCrapScore="0" visitedClasses="0" numClasses="29" visitedMethods="0" numMethods="105" />
  <Modules>
    <Module>
      <Summary numSequencePoints="906" visitedSequencePoints="0" numBranchPoints="0" visitedBranchPoints="0" sequenceCoverage="0.0" branchCoverage="0.0" maxCyclomaticComplexity="0" minCyclomaticComplexity="0" maxCrapScore="0" minCrapScore="0" visitedClasses="0" numClasses="29" visitedMethods="0" numMethods="105" />
      <ModuleTime>0001-01-01T00:00:00</ModuleTime>
      <ModuleName>Assembly-CSharp</ModuleName>
      <Files>
        <File uid="1" fullPath="E:/Juego/RogueLikeGame/Assets/Scripts/ChangeLayer.cs" />
        <File uid="2" fullPath="E:/Juego/RogueLikeGame/Assets/Scripts/Dice/Dice.cs" />
        <File uid="3" fullPath="E:/Juego/RogueLikeGame/Assets/Scripts/Dice/DiceCreator.cs" />
        <File uid="4" fullPath="E:/Juego/RogueLikeGame/Assets/Scripts/Dice/DiceEnemy.cs" />
        <File uid="5" fullPath="E:/Juego/RogueLikeGame/Assets/Scripts/Dice/DiceFace.cs" />
        <File uid="6" fullPath="E:/Juego/RogueLikeGame/Assets/Scripts/Dice/DicePrefabValues.cs" />
        <File uid="7" fullPath="E:/Juego/RogueLikeGame/Assets/Scripts/Dice/DicesControl.cs" />
        <File uid="8" fullPath="E:/Juego/RogueLikeGame/Assets/Scripts/DungeonGenerator/DungeonGenerator.cs" />
        <File uid="9" fullPath="E:/Juego/RogueLikeGame/Assets/Scripts/DungeonGenerator/InitializaDecoration.cs" />
        <File uid="10" fullPath="E:/Juego/RogueLikeGame/Assets/Scripts/DungeonGenerator/InitializeElements.cs" />
        <File uid="11" fullPath="E:/Juego/RogueLikeGame/Assets/Scripts/DungeonGenerator/RoomVehaviour.cs" />
        <File uid="12" fullPath="E:/Juego/RogueLikeGame/Assets/Scripts/Enemy/Enemy.cs" />
        <File uid="13" fullPath="E:/Juego/RogueLikeGame/Assets/Scripts/lights/lamplight.cs" />
        <File uid="14" fullPath="E:/Juego/RogueLikeGame/Assets/Scripts/MainMenu/Controller.cs" />
        <File uid="15" fullPath="E:/Juego/RogueLikeGame/Assets/Scripts/Player/CharacterCollition.cs" />
        <File uid="16" fullPath="E:/Juego/RogueLikeGame/Assets/Scripts/Player/CharacterMovement.cs" />
        <File uid="17" fullPath="E:/Juego/RogueLikeGame/Assets/Scripts/Room/RoomCameraControl.cs" />
        <File uid="18" fullPath="E:/Juego/RogueLikeGame/Assets/Scripts/Room/RoomEntranceControl.cs" />
        <File uid="19" fullPath="E:/Juego/RogueLikeGame/Assets/Scripts/Selector/ChangeScene.cs" />
        <File uid="20" fullPath="E:/Juego/RogueLikeGame/Assets/Scripts/Selector/GameManager.cs" />
        <File uid="21" fullPath="E:/Juego/RogueLikeGame/Assets/Scripts/Selector/Pedestal0.cs" />
        <File uid="22" fullPath="E:/Juego/RogueLikeGame/Assets/Scripts/Selector/Pedestal1.cs" />
        <File uid="23" fullPath="E:/Juego/RogueLikeGame/Assets/Scripts/Selector/Pedestal2.cs" />
      </Files>
      <Classes>
        <Class>
          <Summary numSequencePoints="10" visitedSequencePoints="0" numBranchPoints="0" visitedBranchPoints="0" sequenceCoverage="0.0" branchCoverage="0.0" maxCyclomaticComplexity="0" minCyclomaticComplexity="0" maxCrapScore="0" minCrapScore="0" visitedClasses="0" numClasses="1" visitedMethods="0" numMethods="1" />
          <FullName>ChangeLayer</FullName>
          <Methods>
            <Method visited="false" cyclomaticComplexity="0" nPathComplexity="0" sequenceCoverage="0.0" branchCoverage="0" crapScore="0" isConstructor="false" isStatic="true" isGetter="false" isSetter="false">
              <Summary numSequencePoints="10" visitedSequencePoints="0" numBranchPoints="0" visitedBranchPoints="0" sequenceCoverage="0.0" branchCoverage="0" maxCyclomaticComplexity="0" minCyclomaticComplexity="0" maxCrapScore="0" minCrapScore="0" visitedClasses="0" numClasses="0" visitedMethods="0" numMethods="1" />
              <MetadataToken>100663297</MetadataToken>
              <Name>static System.Void ChangeLayer::SetGameLayerRecursive(UnityEngine.GameObject, System.Int32)</Name>
              <FileRef uid="1" />
              <SequencePoints>
                <SequencePoint vc="0" uspid="1" ordinal="0" offset="0" sl="14" sc="0" el="14" ec="0" bec="0" bev="0" fileid="1" />
                <SequencePoint vc="0" uspid="2" ordinal="0" offset="1" sl="15" sc="0" el="15" ec="0" bec="0" bev="0" fileid="1" />
                <SequencePoint vc="0" uspid="3" ordinal="0" offset="9" sl="16" sc="0" el="16" ec="0" bec="0" bev="0" fileid="1" />
                <SequencePoint vc="0" uspid="4" ordinal="0" offset="10" sl="16" sc="0" el="16" ec="0" bec="0" bev="0" fileid="1" />
                <SequencePoint vc="0" uspid="5" ordinal="0" offset="24" sl="16" sc="0" el="16" ec="0" bec="0" bev="0" fileid="1" />
                <SequencePoint vc="0" uspid="6" ordinal="0" offset="36" sl="17" sc="0" el="17" ec="0" bec="0" bev="0" fileid="1" />
                <SequencePoint vc="0" uspid="7" ordinal="0" offset="37" sl="18" sc="0" el="18" ec="0" bec="0" bev="0" fileid="1" />
                <SequencePoint vc="0" uspid="8" ordinal="0" offset="50" sl="19" sc="0" el="19" ec="0" bec="0" bev="0" fileid="1" />
                <SequencePoint vc="0" uspid="9" ordinal="0" offset="51" sl="16" sc="0" el="16" ec="0" bec="0" bev="0" fileid="1" />
                <SequencePoint vc="0" uspid="10" ordinal="0" offset="79" sl="20" sc="0" el="20" ec="0" bec="0" bev="0" fileid="1" />
              </SequencePoints>
              <BranchPoints />
            </Method>
          </Methods>
        </Class>
        <Class>
          <Summary numSequencePoints="105" visitedSequencePoints="0" numBranchPoints="0" visitedBranchPoints="0" sequenceCoverage="0.0" branchCoverage="0.0" maxCyclomaticComplexity="0" minCyclomaticComplexity="0" maxCrapScore="0" minCrapScore="0" visitedClasses="0" numClasses="1" visitedMethods="0" numMethods="9" />
          <FullName>Dice</FullName>
          <Methods>
            <Method visited="false" cyclomaticComplexity="0" nPathComplexity="0" sequenceCoverage="0.0" branchCoverage="0" crapScore="0" isConstructor="false" isStatic="false" isGetter="true" isSetter="false">
              <Summary numSequencePoints="1" visitedSequencePoints="0" numBranchPoints="0" visitedBranchPoints="0" sequenceCoverage="0.0" branchCoverage="0" maxCyclomaticComplexity="0" minCyclomaticComplexity="0" maxCrapScore="0" minCrapScore="0" visitedClasses="0" numClasses="0" visitedMethods="0" numMethods="1" />
              <MetadataToken>100663299</MetadataToken>
              <Name>System.Boolean Dice::get_HasStoppedRoll()</Name>
              <FileRef uid="2" />
              <SequencePoints>
                <SequencePoint vc="0" uspid="11" ordinal="0" offset="0" sl="55" sc="0" el="55" ec="0" bec="0" bev="0" fileid="2" />
              </SequencePoints>
              <BranchPoints />
            </Method>
            <Method visited="false" cyclomaticComplexity="0" nPathComplexity="0" sequenceCoverage="0.0" branchCoverage="0" crapScore="0" isConstructor="false" isStatic="false" isGetter="false" isSetter="true">
              <Summary numSequencePoints="1" visitedSequencePoints="0" numBranchPoints="0" visitedBranchPoints="0" sequenceCoverage="0.0" branchCoverage="0" maxCyclomaticComplexity="0" minCyclomaticComplexity="0" maxCrapScore="0" minCrapScore="0" visitedClasses="0" numClasses="0" visitedMethods="0" numMethods="1" />
              <MetadataToken>100663300</MetadataToken>
              <Name>System.Void Dice::set_HasStoppedRoll(System.Boolean)</Name>
              <FileRef uid="2" />
              <SequencePoints>
                <SequencePoint vc="0" uspid="12" ordinal="0" offset="0" sl="55" sc="0" el="55" ec="0" bec="0" bev="0" fileid="2" />
              </SequencePoints>
              <BranchPoints />
            </Method>
            <Method visited="false" cyclomaticComplexity="0" nPathComplexity="0" sequenceCoverage="0.0" branchCoverage="0" crapScore="0" isConstructor="false" isStatic="false" isGetter="true" isSetter="false">
              <Summary numSequencePoints="1" visitedSequencePoints="0" numBranchPoints="0" visitedBranchPoints="0" sequenceCoverage="0.0" branchCoverage="0" maxCyclomaticComplexity="0" minCyclomaticComplexity="0" maxCrapScore="0" minCrapScore="0" visitedClasses="0" numClasses="0" visitedMethods="0" numMethods="1" />
              <MetadataToken>100663301</MetadataToken>
              <Name>System.Int32 Dice::get_Weapon()</Name>
              <FileRef uid="2" />
              <SequencePoints>
                <SequencePoint vc="0" uspid="13" ordinal="0" offset="0" sl="56" sc="0" el="56" ec="0" bec="0" bev="0" fileid="2" />
              </SequencePoints>
              <BranchPoints />
            </Method>
            <Method visited="false" cyclomaticComplexity="0" nPathComplexity="0" sequenceCoverage="0.0" branchCoverage="0" crapScore="0" isConstructor="false" isStatic="false" isGetter="false" isSetter="true">
              <Summary numSequencePoints="1" visitedSequencePoints="0" numBranchPoints="0" visitedBranchPoints="0" sequenceCoverage="0.0" branchCoverage="0" maxCyclomaticComplexity="0" minCyclomaticComplexity="0" maxCrapScore="0" minCrapScore="0" visitedClasses="0" numClasses="0" visitedMethods="0" numMethods="1" />
              <MetadataToken>100663302</MetadataToken>
              <Name>System.Void Dice::set_Weapon(System.Int32)</Name>
              <FileRef uid="2" />
              <SequencePoints>
                <SequencePoint vc="0" uspid="14" ordinal="0" offset="0" sl="56" sc="0" el="56" ec="0" bec="0" bev="0" fileid="2" />
              </SequencePoints>
              <BranchPoints />
            </Method>
            <Method visited="false" cyclomaticComplexity="0" nPathComplexity="0" sequenceCoverage="0.0" branchCoverage="0" crapScore="0" isConstructor="false" isStatic="false" isGetter="false" isSetter="false">
              <Summary numSequencePoints="24" visitedSequencePoints="0" numBranchPoints="0" visitedBranchPoints="0" sequenceCoverage="0.0" branchCoverage="0" maxCyclomaticComplexity="0" minCyclomaticComplexity="0" maxCrapScore="0" minCrapScore="0" visitedClasses="0" numClasses="0" visitedMethods="0" numMethods="1" />
              <MetadataToken>100663303</MetadataToken>
              <Name>System.Void Dice::Update()</Name>
              <FileRef uid="2" />
              <SequencePoints>
                <SequencePoint vc="0" uspid="15" ordinal="0" offset="0" sl="61" sc="0" el="61" ec="0" bec="0" bev="0" fileid="2" />
                <SequencePoint vc="0" uspid="16" ordinal="0" offset="1" sl="63" sc="0" el="63" ec="0" bec="0" bev="0" fileid="2" />
                <SequencePoint vc="0" uspid="17" ordinal="0" offset="24" sl="64" sc="0" el="64" ec="0" bec="0" bev="0" fileid="2" />
                <SequencePoint vc="0" uspid="18" ordinal="0" offset="25" sl="66" sc="0" el="66" ec="0" bec="0" bev="0" fileid="2" />
                <SequencePoint vc="0" uspid="19" ordinal="0" offset="32" sl="67" sc="0" el="67" ec="0" bec="0" bev="0" fileid="2" />
                <SequencePoint vc="0" uspid="20" ordinal="0" offset="39" sl="68" sc="0" el="68" ec="0" bec="0" bev="0" fileid="2" />
                <SequencePoint vc="0" uspid="21" ordinal="0" offset="40" sl="70" sc="0" el="70" ec="0" bec="0" bev="0" fileid="2" />
                <SequencePoint vc="0" uspid="22" ordinal="0" offset="53" sl="70" sc="0" el="70" ec="0" bec="0" bev="0" fileid="2" />
                <SequencePoint vc="0" uspid="23" ordinal="0" offset="58" sl="73" sc="0" el="73" ec="0" bec="0" bev="0" fileid="2" />
                <SequencePoint vc="0" uspid="24" ordinal="0" offset="99" sl="74" sc="0" el="74" ec="0" bec="0" bev="0" fileid="2" />
                <SequencePoint vc="0" uspid="25" ordinal="0" offset="100" sl="75" sc="0" el="75" ec="0" bec="0" bev="0" fileid="2" />
                <SequencePoint vc="0" uspid="26" ordinal="0" offset="107" sl="83" sc="0" el="83" ec="0" bec="0" bev="0" fileid="2" />
                <SequencePoint vc="0" uspid="27" ordinal="0" offset="108" sl="89" sc="0" el="89" ec="0" bec="0" bev="0" fileid="2" />
                <SequencePoint vc="0" uspid="28" ordinal="0" offset="136" sl="90" sc="0" el="90" ec="0" bec="0" bev="0" fileid="2" />
                <SequencePoint vc="0" uspid="29" ordinal="0" offset="137" sl="110" sc="0" el="110" ec="0" bec="0" bev="0" fileid="2" />
                <SequencePoint vc="0" uspid="30" ordinal="0" offset="150" sl="111" sc="0" el="111" ec="0" bec="0" bev="0" fileid="2" />
                <SequencePoint vc="0" uspid="31" ordinal="0" offset="178" sl="114" sc="0" el="114" ec="0" bec="0" bev="0" fileid="2" />
                <SequencePoint vc="0" uspid="32" ordinal="0" offset="247" sl="115" sc="0" el="115" ec="0" bec="0" bev="0" fileid="2" />
                <SequencePoint vc="0" uspid="33" ordinal="0" offset="254" sl="116" sc="0" el="116" ec="0" bec="0" bev="0" fileid="2" />
                <SequencePoint vc="0" uspid="34" ordinal="0" offset="261" sl="120" sc="0" el="120" ec="0" bec="0" bev="0" fileid="2" />
                <SequencePoint vc="0" uspid="35" ordinal="0" offset="268" sl="121" sc="0" el="121" ec="0" bec="0" bev="0" fileid="2" />
                <SequencePoint vc="0" uspid="36" ordinal="0" offset="275" sl="122" sc="0" el="122" ec="0" bec="0" bev="0" fileid="2" />
                <SequencePoint vc="0" uspid="37" ordinal="0" offset="282" sl="124" sc="0" el="124" ec="0" bec="0" bev="0" fileid="2" />
                <SequencePoint vc="0" uspid="38" ordinal="0" offset="283" sl="126" sc="0" el="126" ec="0" bec="0" bev="0" fileid="2" />
              </SequencePoints>
              <BranchPoints />
            </Method>
            <Method visited="false" cyclomaticComplexity="0" nPathComplexity="0" sequenceCoverage="0.0" branchCoverage="0" crapScore="0" isConstructor="false" isStatic="false" isGetter="false" isSetter="false">
              <Summary numSequencePoints="18" visitedSequencePoints="0" numBranchPoints="0" visitedBranchPoints="0" sequenceCoverage="0.0" branchCoverage="0" maxCyclomaticComplexity="0" minCyclomaticComplexity="0" maxCrapScore="0" minCrapScore="0" visitedClasses="0" numClasses="0" visitedMethods="0" numMethods="1" />
              <MetadataToken>100663304</MetadataToken>
              <Name>System.Int32 Dice::GetFaceSideUp()</Name>
              <FileRef uid="2" />
              <SequencePoints>
                <SequencePoint vc="0" uspid="39" ordinal="0" offset="0" sl="134" sc="0" el="134" ec="0" bec="0" bev="0" fileid="2" />
                <SequencePoint vc="0" uspid="40" ordinal="0" offset="1" sl="135" sc="0" el="135" ec="0" bec="0" bev="0" fileid="2" />
                <SequencePoint vc="0" uspid="41" ordinal="0" offset="14" sl="135" sc="0" el="135" ec="0" bec="0" bev="0" fileid="2" />
                <SequencePoint vc="0" uspid="42" ordinal="0" offset="21" sl="136" sc="0" el="136" ec="0" bec="0" bev="0" fileid="2" />
                <SequencePoint vc="0" uspid="43" ordinal="0" offset="23" sl="137" sc="0" el="137" ec="0" bec="0" bev="0" fileid="2" />
                <SequencePoint vc="0" uspid="44" ordinal="0" offset="42" sl="139" sc="0" el="139" ec="0" bec="0" bev="0" fileid="2" />
                <SequencePoint vc="0" uspid="45" ordinal="0" offset="47" sl="140" sc="0" el="140" ec="0" bec="0" bev="0" fileid="2" />
                <SequencePoint vc="0" uspid="46" ordinal="0" offset="48" sl="141" sc="0" el="141" ec="0" bec="0" bev="0" fileid="2" />
                <SequencePoint vc="0" uspid="47" ordinal="0" offset="76" sl="141" sc="0" el="141" ec="0" bec="0" bev="0" fileid="2" />
                <SequencePoint vc="0" uspid="48" ordinal="0" offset="77" sl="143" sc="0" el="143" ec="0" bec="0" bev="0" fileid="2" />
                <SequencePoint vc="0" uspid="49" ordinal="0" offset="97" sl="144" sc="0" el="144" ec="0" bec="0" bev="0" fileid="2" />
                <SequencePoint vc="0" uspid="50" ordinal="0" offset="100" sl="146" sc="0" el="146" ec="0" bec="0" bev="0" fileid="2" />
                <SequencePoint vc="0" uspid="51" ordinal="0" offset="101" sl="147" sc="0" el="147" ec="0" bec="0" bev="0" fileid="2" />
                <SequencePoint vc="0" uspid="52" ordinal="0" offset="102" sl="139" sc="0" el="139" ec="0" bec="0" bev="0" fileid="2" />
                <SequencePoint vc="0" uspid="53" ordinal="0" offset="108" sl="139" sc="0" el="139" ec="0" bec="0" bev="0" fileid="2" />
                <SequencePoint vc="0" uspid="54" ordinal="0" offset="126" sl="150" sc="0" el="150" ec="0" bec="0" bev="0" fileid="2" />
                <SequencePoint vc="0" uspid="55" ordinal="0" offset="148" sl="151" sc="0" el="151" ec="0" bec="0" bev="0" fileid="2" />
                <SequencePoint vc="0" uspid="56" ordinal="0" offset="152" sl="153" sc="0" el="153" ec="0" bec="0" bev="0" fileid="2" />
              </SequencePoints>
              <BranchPoints />
            </Method>
            <Method visited="false" cyclomaticComplexity="0" nPathComplexity="0" sequenceCoverage="0.0" branchCoverage="0" crapScore="0" isConstructor="false" isStatic="false" isGetter="false" isSetter="false">
              <Summary numSequencePoints="13" visitedSequencePoints="0" numBranchPoints="0" visitedBranchPoints="0" sequenceCoverage="0.0" branchCoverage="0" maxCyclomaticComplexity="0" minCyclomaticComplexity="0" maxCrapScore="0" minCrapScore="0" visitedClasses="0" numClasses="0" visitedMethods="0" numMethods="1" />
              <MetadataToken>100663305</MetadataToken>
              <Name>System.Void Dice::RollDice()</Name>
              <FileRef uid="2" />
              <SequencePoints>
                <SequencePoint vc="0" uspid="57" ordinal="0" offset="0" sl="159" sc="0" el="159" ec="0" bec="0" bev="0" fileid="2" />
                <SequencePoint vc="0" uspid="58" ordinal="0" offset="1" sl="163" sc="0" el="163" ec="0" bec="0" bev="0" fileid="2" />
                <SequencePoint vc="0" uspid="59" ordinal="0" offset="23" sl="166" sc="0" el="166" ec="0" bec="0" bev="0" fileid="2" />
                <SequencePoint vc="0" uspid="60" ordinal="0" offset="39" sl="167" sc="0" el="167" ec="0" bec="0" bev="0" fileid="2" />
                <SequencePoint vc="0" uspid="61" ordinal="0" offset="55" sl="168" sc="0" el="168" ec="0" bec="0" bev="0" fileid="2" />
                <SequencePoint vc="0" uspid="62" ordinal="0" offset="61" sl="170" sc="0" el="170" ec="0" bec="0" bev="0" fileid="2" />
                <SequencePoint vc="0" uspid="63" ordinal="0" offset="92" sl="172" sc="0" el="172" ec="0" bec="0" bev="0" fileid="2" />
                <SequencePoint vc="0" uspid="64" ordinal="0" offset="108" sl="173" sc="0" el="173" ec="0" bec="0" bev="0" fileid="2" />
                <SequencePoint vc="0" uspid="65" ordinal="0" offset="125" sl="174" sc="0" el="174" ec="0" bec="0" bev="0" fileid="2" />
                <SequencePoint vc="0" uspid="66" ordinal="0" offset="142" sl="176" sc="0" el="176" ec="0" bec="0" bev="0" fileid="2" />
                <SequencePoint vc="0" uspid="67" ordinal="0" offset="171" sl="178" sc="0" el="178" ec="0" bec="0" bev="0" fileid="2" />
                <SequencePoint vc="0" uspid="68" ordinal="0" offset="184" sl="180" sc="0" el="180" ec="0" bec="0" bev="0" fileid="2" />
                <SequencePoint vc="0" uspid="69" ordinal="0" offset="191" sl="182" sc="0" el="182" ec="0" bec="0" bev="0" fileid="2" />
              </SequencePoints>
              <BranchPoints />
            </Method>
            <Method visited="false" cyclomaticComplexity="0" nPathComplexity="0" sequenceCoverage="0.0" branchCoverage="0" crapScore="0" isConstructor="false" isStatic="false" isGetter="false" isSetter="false">
              <Summary numSequencePoints="43" visitedSequencePoints="0" numBranchPoints="0" visitedBranchPoints="0" sequenceCoverage="0.0" branchCoverage="0" maxCyclomaticComplexity="0" minCyclomaticComplexity="0" maxCrapScore="0" minCrapScore="0" visitedClasses="0" numClasses="0" visitedMethods="0" numMethods="1" />
              <MetadataToken>100663307</MetadataToken>
              <Name>System.Void Dice::diceValuesUpdate()</Name>
              <FileRef uid="2" />
              <SequencePoints>
                <SequencePoint vc="0" uspid="70" ordinal="0" offset="0" sl="193" sc="0" el="193" ec="0" bec="0" bev="0" fileid="2" />
                <SequencePoint vc="0" uspid="71" ordinal="0" offset="1" sl="194" sc="0" el="194" ec="0" bec="0" bev="0" fileid="2" />
                <SequencePoint vc="0" uspid="72" ordinal="0" offset="34" sl="197" sc="0" el="197" ec="0" bec="0" bev="0" fileid="2" />
                <SequencePoint vc="0" uspid="73" ordinal="0" offset="40" sl="198" sc="0" el="198" ec="0" bec="0" bev="0" fileid="2" />
                <SequencePoint vc="0" uspid="74" ordinal="0" offset="42" sl="201" sc="0" el="201" ec="0" bec="0" bev="0" fileid="2" />
                <SequencePoint vc="0" uspid="75" ordinal="0" offset="48" sl="202" sc="0" el="202" ec="0" bec="0" bev="0" fileid="2" />
                <SequencePoint vc="0" uspid="76" ordinal="0" offset="50" sl="204" sc="0" el="204" ec="0" bec="0" bev="0" fileid="2" />
                <SequencePoint vc="0" uspid="77" ordinal="0" offset="56" sl="205" sc="0" el="205" ec="0" bec="0" bev="0" fileid="2" />
                <SequencePoint vc="0" uspid="78" ordinal="0" offset="58" sl="207" sc="0" el="207" ec="0" bec="0" bev="0" fileid="2" />
                <SequencePoint vc="0" uspid="79" ordinal="0" offset="64" sl="208" sc="0" el="208" ec="0" bec="0" bev="0" fileid="2" />
                <SequencePoint vc="0" uspid="80" ordinal="0" offset="66" sl="210" sc="0" el="210" ec="0" bec="0" bev="0" fileid="2" />
                <SequencePoint vc="0" uspid="81" ordinal="0" offset="73" sl="210" sc="0" el="210" ec="0" bec="0" bev="0" fileid="2" />
                <SequencePoint vc="0" uspid="82" ordinal="0" offset="74" sl="213" sc="0" el="213" ec="0" bec="0" bev="0" fileid="2" />
                <SequencePoint vc="0" uspid="83" ordinal="0" offset="113" sl="217" sc="0" el="217" ec="0" bec="0" bev="0" fileid="2" />
                <SequencePoint vc="0" uspid="84" ordinal="0" offset="128" sl="218" sc="0" el="218" ec="0" bec="0" bev="0" fileid="2" />
                <SequencePoint vc="0" uspid="85" ordinal="0" offset="129" sl="219" sc="0" el="219" ec="0" bec="0" bev="0" fileid="2" />
                <SequencePoint vc="0" uspid="86" ordinal="0" offset="149" sl="220" sc="0" el="220" ec="0" bec="0" bev="0" fileid="2" />
                <SequencePoint vc="0" uspid="87" ordinal="0" offset="188" sl="221" sc="0" el="221" ec="0" bec="0" bev="0" fileid="2" />
                <SequencePoint vc="0" uspid="88" ordinal="0" offset="191" sl="222" sc="0" el="222" ec="0" bec="0" bev="0" fileid="2" />
                <SequencePoint vc="0" uspid="89" ordinal="0" offset="192" sl="224" sc="0" el="224" ec="0" bec="0" bev="0" fileid="2" />
                <SequencePoint vc="0" uspid="90" ordinal="0" offset="228" sl="226" sc="0" el="226" ec="0" bec="0" bev="0" fileid="2" />
                <SequencePoint vc="0" uspid="91" ordinal="0" offset="274" sl="227" sc="0" el="227" ec="0" bec="0" bev="0" fileid="2" />
                <SequencePoint vc="0" uspid="92" ordinal="0" offset="275" sl="230" sc="0" el="230" ec="0" bec="0" bev="0" fileid="2" />
                <SequencePoint vc="0" uspid="93" ordinal="0" offset="282" sl="232" sc="0" el="232" ec="0" bec="0" bev="0" fileid="2" />
                <SequencePoint vc="0" uspid="94" ordinal="0" offset="292" sl="233" sc="0" el="233" ec="0" bec="0" bev="0" fileid="2" />
                <SequencePoint vc="0" uspid="95" ordinal="0" offset="293" sl="234" sc="0" el="234" ec="0" bec="0" bev="0" fileid="2" />
                <SequencePoint vc="0" uspid="96" ordinal="0" offset="322" sl="236" sc="0" el="236" ec="0" bec="0" bev="0" fileid="2" />
                <SequencePoint vc="0" uspid="97" ordinal="0" offset="325" sl="236" sc="0" el="236" ec="0" bec="0" bev="0" fileid="2" />
                <SequencePoint vc="0" uspid="98" ordinal="0" offset="335" sl="237" sc="0" el="237" ec="0" bec="0" bev="0" fileid="2" />
                <SequencePoint vc="0" uspid="99" ordinal="0" offset="336" sl="238" sc="0" el="238" ec="0" bec="0" bev="0" fileid="2" />
                <SequencePoint vc="0" uspid="100" ordinal="0" offset="365" sl="241" sc="0" el="241" ec="0" bec="0" bev="0" fileid="2" />
                <SequencePoint vc="0" uspid="101" ordinal="0" offset="368" sl="241" sc="0" el="241" ec="0" bec="0" bev="0" fileid="2" />
                <SequencePoint vc="0" uspid="102" ordinal="0" offset="378" sl="242" sc="0" el="242" ec="0" bec="0" bev="0" fileid="2" />
                <SequencePoint vc="0" uspid="103" ordinal="0" offset="379" sl="243" sc="0" el="243" ec="0" bec="0" bev="0" fileid="2" />
                <SequencePoint vc="0" uspid="104" ordinal="0" offset="408" sl="245" sc="0" el="245" ec="0" bec="0" bev="0" fileid="2" />
                <SequencePoint vc="0" uspid="105" ordinal="0" offset="411" sl="246" sc="0" el="246" ec="0" bec="0" bev="0" fileid="2" />
                <SequencePoint vc="0" uspid="106" ordinal="0" offset="421" sl="247" sc="0" el="247" ec="0" bec="0" bev="0" fileid="2" />
                <SequencePoint vc="0" uspid="107" ordinal="0" offset="422" sl="248" sc="0" el="248" ec="0" bec="0" bev="0" fileid="2" />
                <SequencePoint vc="0" uspid="108" ordinal="0" offset="451" sl="249" sc="0" el="249" ec="0" bec="0" bev="0" fileid="2" />
                <SequencePoint vc="0" uspid="109" ordinal="0" offset="452" sl="253" sc="0" el="253" ec="0" bec="0" bev="0" fileid="2" />
                <SequencePoint vc="0" uspid="110" ordinal="0" offset="453" sl="210" sc="0" el="210" ec="0" bec="0" bev="0" fileid="2" />
                <SequencePoint vc="0" uspid="111" ordinal="0" offset="457" sl="210" sc="0" el="210" ec="0" bec="0" bev="0" fileid="2" />
                <SequencePoint vc="0" uspid="112" ordinal="0" offset="477" sl="255" sc="0" el="255" ec="0" bec="0" bev="0" fileid="2" />
              </SequencePoints>
              <BranchPoints />
            </Method>
            <Method visited="false" cyclomaticComplexity="0" nPathComplexity="0" sequenceCoverage="0.0" branchCoverage="0" crapScore="0" isConstructor="true" isStatic="false" isGetter="false" isSetter="false">
              <Summary numSequencePoints="3" visitedSequencePoints="0" numBranchPoints="0" visitedBranchPoints="0" sequenceCoverage="0.0" branchCoverage="0" maxCyclomaticComplexity="0" minCyclomaticComplexity="0" maxCrapScore="0" minCrapScore="0" visitedClasses="0" numClasses="0" visitedMethods="0" numMethods="1" />
              <MetadataToken>100663308</MetadataToken>
              <Name>Dice::Dice()</Name>
              <FileRef uid="2" />
              <SequencePoints>
                <SequencePoint vc="0" uspid="113" ordinal="0" offset="0" sl="30" sc="0" el="30" ec="0" bec="0" bev="0" fileid="2" />
                <SequencePoint vc="0" uspid="114" ordinal="0" offset="7" sl="44" sc="0" el="44" ec="0" bec="0" bev="0" fileid="2" />
                <SequencePoint vc="0" uspid="115" ordinal="0" offset="14" sl="48" sc="0" el="48" ec="0" bec="0" bev="0" fileid="2" />
              </SequencePoints>
              <BranchPoints />
            </Method>
          </Methods>
        </Class>
        <Class>
          <Summary numSequencePoints="22" visitedSequencePoints="0" numBranchPoints="0" visitedBranchPoints="0" sequenceCoverage="0.0" branchCoverage="0.0" maxCyclomaticComplexity="0" minCyclomaticComplexity="0" maxCrapScore="0" minCrapScore="0" visitedClasses="0" numClasses="1" visitedMethods="0" numMethods="6" />
          <FullName>DiceCreator</FullName>
          <Methods>
            <Method visited="false" cyclomaticComplexity="0" nPathComplexity="0" sequenceCoverage="0.0" branchCoverage="0" crapScore="0" isConstructor="false" isStatic="true" isGetter="false" isSetter="false">
              <Summary numSequencePoints="8" visitedSequencePoints="0" numBranchPoints="0" visitedBranchPoints="0" sequenceCoverage="0.0" branchCoverage="0" maxCyclomaticComplexity="0" minCyclomaticComplexity="0" maxCrapScore="0" minCrapScore="0" visitedClasses="0" numClasses="0" visitedMethods="0" numMethods="1" />
              <MetadataToken>100663309</MetadataToken>
              <Name>static System.Void DiceCreator::createDice(DiceFace[])</Name>
              <FileRef uid="3" />
              <SequencePoints>
                <SequencePoint vc="0" uspid="116" ordinal="0" offset="0" sl="13" sc="0" el="13" ec="0" bec="0" bev="0" fileid="3" />
                <SequencePoint vc="0" uspid="117" ordinal="0" offset="1" sl="14" sc="0" el="14" ec="0" bec="0" bev="0" fileid="3" />
                <SequencePoint vc="0" uspid="118" ordinal="0" offset="5" sl="15" sc="0" el="15" ec="0" bec="0" bev="0" fileid="3" />
                <SequencePoint vc="0" uspid="119" ordinal="0" offset="6" sl="22" sc="0" el="22" ec="0" bec="0" bev="0" fileid="3" />
                <SequencePoint vc="0" uspid="120" ordinal="0" offset="16" sl="27" sc="0" el="27" ec="0" bec="0" bev="0" fileid="3" />
                <SequencePoint vc="0" uspid="121" ordinal="0" offset="17" sl="14" sc="0" el="14" ec="0" bec="0" bev="0" fileid="3" />
                <SequencePoint vc="0" uspid="122" ordinal="0" offset="21" sl="14" sc="0" el="14" ec="0" bec="0" bev="0" fileid="3" />
                <SequencePoint vc="0" uspid="123" ordinal="0" offset="35" sl="28" sc="0" el="28" ec="0" bec="0" bev="0" fileid="3" />
              </SequencePoints>
              <BranchPoints />
            </Method>
            <Method visited="false" cyclomaticComplexity="0" nPathComplexity="0" sequenceCoverage="0.0" branchCoverage="0" crapScore="0" isConstructor="false" isStatic="true" isGetter="false" isSetter="false">
              <Summary numSequencePoints="3" visitedSequencePoints="0" numBranchPoints="0" visitedBranchPoints="0" sequenceCoverage="0.0" branchCoverage="0" maxCyclomaticComplexity="0" minCyclomaticComplexity="0" maxCrapScore="0" minCrapScore="0" visitedClasses="0" numClasses="0" visitedMethods="0" numMethods="1" />
              <MetadataToken>100663310</MetadataToken>
              <Name>static System.Int32 DiceCreator::getValueOfFace(System.Int32)</Name>
              <FileRef uid="3" />
              <SequencePoints>
                <SequencePoint vc="0" uspid="124" ordinal="0" offset="0" sl="31" sc="0" el="31" ec="0" bec="0" bev="0" fileid="3" />
                <SequencePoint vc="0" uspid="125" ordinal="0" offset="1" sl="32" sc="0" el="32" ec="0" bec="0" bev="0" fileid="3" />
                <SequencePoint vc="0" uspid="126" ordinal="0" offset="16" sl="33" sc="0" el="33" ec="0" bec="0" bev="0" fileid="3" />
              </SequencePoints>
              <BranchPoints />
            </Method>
            <Method visited="false" cyclomaticComplexity="0" nPathComplexity="0" sequenceCoverage="0.0" branchCoverage="0" crapScore="0" isConstructor="false" isStatic="true" isGetter="false" isSetter="false">
              <Summary numSequencePoints="3" visitedSequencePoints="0" numBranchPoints="0" visitedBranchPoints="0" sequenceCoverage="0.0" branchCoverage="0" maxCyclomaticComplexity="0" minCyclomaticComplexity="0" maxCrapScore="0" minCrapScore="0" visitedClasses="0" numClasses="0" visitedMethods="0" numMethods="1" />
              <MetadataToken>100663311</MetadataToken>
              <Name>static System.Int32 DiceCreator::getTipeOfFace(System.Int32)</Name>
              <FileRef uid="3" />
              <SequencePoints>
                <SequencePoint vc="0" uspid="127" ordinal="0" offset="0" sl="36" sc="0" el="36" ec="0" bec="0" bev="0" fileid="3" />
                <SequencePoint vc="0" uspid="128" ordinal="0" offset="1" sl="37" sc="0" el="37" ec="0" bec="0" bev="0" fileid="3" />
                <SequencePoint vc="0" uspid="129" ordinal="0" offset="16" sl="38" sc="0" el="38" ec="0" bec="0" bev="0" fileid="3" />
              </SequencePoints>
              <BranchPoints />
            </Method>
            <Method visited="false" cyclomaticComplexity="0" nPathComplexity="0" sequenceCoverage="0.0" branchCoverage="0" crapScore="0" isConstructor="false" isStatic="true" isGetter="false" isSetter="false">
              <Summary numSequencePoints="3" visitedSequencePoints="0" numBranchPoints="0" visitedBranchPoints="0" sequenceCoverage="0.0" branchCoverage="0" maxCyclomaticComplexity="0" minCyclomaticComplexity="0" maxCrapScore="0" minCrapScore="0" visitedClasses="0" numClasses="0" visitedMethods="0" numMethods="1" />
              <MetadataToken>100663312</MetadataToken>
              <Name>static System.Void DiceCreator::modifiValueOfFace(System.Int32, System.Int32)</Name>
              <FileRef uid="3" />
              <SequencePoints>
                <SequencePoint vc="0" uspid="130" ordinal="0" offset="0" sl="41" sc="0" el="41" ec="0" bec="0" bev="0" fileid="3" />
                <SequencePoint vc="0" uspid="131" ordinal="0" offset="1" sl="42" sc="0" el="42" ec="0" bec="0" bev="0" fileid="3" />
                <SequencePoint vc="0" uspid="132" ordinal="0" offset="15" sl="43" sc="0" el="43" ec="0" bec="0" bev="0" fileid="3" />
              </SequencePoints>
              <BranchPoints />
            </Method>
            <Method visited="false" cyclomaticComplexity="0" nPathComplexity="0" sequenceCoverage="0.0" branchCoverage="0" crapScore="0" isConstructor="false" isStatic="true" isGetter="false" isSetter="false">
              <Summary numSequencePoints="4" visitedSequencePoints="0" numBranchPoints="0" visitedBranchPoints="0" sequenceCoverage="0.0" branchCoverage="0" maxCyclomaticComplexity="0" minCyclomaticComplexity="0" maxCrapScore="0" minCrapScore="0" visitedClasses="0" numClasses="0" visitedMethods="0" numMethods="1" />
              <MetadataToken>100663313</MetadataToken>
              <Name>static System.Void DiceCreator::modifiFaceOfDice(System.Int32, System.Int32, System.Int32)</Name>
              <FileRef uid="3" />
              <SequencePoints>
                <SequencePoint vc="0" uspid="133" ordinal="0" offset="0" sl="46" sc="0" el="46" ec="0" bec="0" bev="0" fileid="3" />
                <SequencePoint vc="0" uspid="134" ordinal="0" offset="1" sl="47" sc="0" el="47" ec="0" bec="0" bev="0" fileid="3" />
                <SequencePoint vc="0" uspid="135" ordinal="0" offset="15" sl="48" sc="0" el="48" ec="0" bec="0" bev="0" fileid="3" />
                <SequencePoint vc="0" uspid="136" ordinal="0" offset="29" sl="49" sc="0" el="49" ec="0" bec="0" bev="0" fileid="3" />
              </SequencePoints>
              <BranchPoints />
            </Method>
            <Method visited="false" cyclomaticComplexity="0" nPathComplexity="0" sequenceCoverage="0.0" branchCoverage="0" crapScore="0" isConstructor="true" isStatic="true" isGetter="false" isSetter="false">
              <Summary numSequencePoints="1" visitedSequencePoints="0" numBranchPoints="0" visitedBranchPoints="0" sequenceCoverage="0.0" branchCoverage="0" maxCyclomaticComplexity="0" minCyclomaticComplexity="0" maxCrapScore="0" minCrapScore="0" visitedClasses="0" numClasses="0" visitedMethods="0" numMethods="1" />
              <MetadataToken>100663315</MetadataToken>
              <Name>static DiceCreator::DiceCreator()</Name>
              <FileRef uid="3" />
              <SequencePoints>
                <SequencePoint vc="0" uspid="137" ordinal="0" offset="0" sl="8" sc="0" el="8" ec="0" bec="0" bev="0" fileid="3" />
              </SequencePoints>
              <BranchPoints />
            </Method>
          </Methods>
        </Class>
        <Class>
          <Summary numSequencePoints="93" visitedSequencePoints="0" numBranchPoints="0" visitedBranchPoints="0" sequenceCoverage="0.0" branchCoverage="0.0" maxCyclomaticComplexity="0" minCyclomaticComplexity="0" maxCrapScore="0" minCrapScore="0" visitedClasses="0" numClasses="1" visitedMethods="0" numMethods="8" />
          <FullName>DiceEnemy</FullName>
          <Methods>
            <Method visited="false" cyclomaticComplexity="0" nPathComplexity="0" sequenceCoverage="0.0" branchCoverage="0" crapScore="0" isConstructor="false" isStatic="false" isGetter="true" isSetter="false">
              <Summary numSequencePoints="1" visitedSequencePoints="0" numBranchPoints="0" visitedBranchPoints="0" sequenceCoverage="0.0" branchCoverage="0" maxCyclomaticComplexity="0" minCyclomaticComplexity="0" maxCrapScore="0" minCrapScore="0" visitedClasses="0" numClasses="0" visitedMethods="0" numMethods="1" />
              <MetadataToken>100663316</MetadataToken>
              <Name>System.Boolean DiceEnemy::get_HasStoppedRoll()</Name>
              <FileRef uid="4" />
              <SequencePoints>
                <SequencePoint vc="0" uspid="138" ordinal="0" offset="0" sl="53" sc="0" el="53" ec="0" bec="0" bev="0" fileid="4" />
              </SequencePoints>
              <BranchPoints />
            </Method>
            <Method visited="false" cyclomaticComplexity="0" nPathComplexity="0" sequenceCoverage="0.0" branchCoverage="0" crapScore="0" isConstructor="false" isStatic="false" isGetter="false" isSetter="true">
              <Summary numSequencePoints="1" visitedSequencePoints="0" numBranchPoints="0" visitedBranchPoints="0" sequenceCoverage="0.0" branchCoverage="0" maxCyclomaticComplexity="0" minCyclomaticComplexity="0" maxCrapScore="0" minCrapScore="0" visitedClasses="0" numClasses="0" visitedMethods="0" numMethods="1" />
              <MetadataToken>100663317</MetadataToken>
              <Name>System.Void DiceEnemy::set_HasStoppedRoll(System.Boolean)</Name>
              <FileRef uid="4" />
              <SequencePoints>
                <SequencePoint vc="0" uspid="139" ordinal="0" offset="0" sl="53" sc="0" el="53" ec="0" bec="0" bev="0" fileid="4" />
              </SequencePoints>
              <BranchPoints />
            </Method>
            <Method visited="false" cyclomaticComplexity="0" nPathComplexity="0" sequenceCoverage="0.0" branchCoverage="0" crapScore="0" isConstructor="false" isStatic="false" isGetter="false" isSetter="false">
              <Summary numSequencePoints="4" visitedSequencePoints="0" numBranchPoints="0" visitedBranchPoints="0" sequenceCoverage="0.0" branchCoverage="0" maxCyclomaticComplexity="0" minCyclomaticComplexity="0" maxCrapScore="0" minCrapScore="0" visitedClasses="0" numClasses="0" visitedMethods="0" numMethods="1" />
              <MetadataToken>100663318</MetadataToken>
              <Name>System.Void DiceEnemy::Awake()</Name>
              <FileRef uid="4" />
              <SequencePoints>
                <SequencePoint vc="0" uspid="140" ordinal="0" offset="0" sl="56" sc="0" el="56" ec="0" bec="0" bev="0" fileid="4" />
                <SequencePoint vc="0" uspid="141" ordinal="0" offset="1" sl="57" sc="0" el="57" ec="0" bec="0" bev="0" fileid="4" />
                <SequencePoint vc="0" uspid="142" ordinal="0" offset="7" sl="58" sc="0" el="58" ec="0" bec="0" bev="0" fileid="4" />
                <SequencePoint vc="0" uspid="143" ordinal="0" offset="14" sl="59" sc="0" el="59" ec="0" bec="0" bev="0" fileid="4" />
              </SequencePoints>
              <BranchPoints />
            </Method>
            <Method visited="false" cyclomaticComplexity="0" nPathComplexity="0" sequenceCoverage="0.0" branchCoverage="0" crapScore="0" isConstructor="false" isStatic="false" isGetter="false" isSetter="false">
              <Summary numSequencePoints="24" visitedSequencePoints="0" numBranchPoints="0" visitedBranchPoints="0" sequenceCoverage="0.0" branchCoverage="0" maxCyclomaticComplexity="0" minCyclomaticComplexity="0" maxCrapScore="0" minCrapScore="0" visitedClasses="0" numClasses="0" visitedMethods="0" numMethods="1" />
              <MetadataToken>100663319</MetadataToken>
              <Name>System.Void DiceEnemy::Update()</Name>
              <FileRef uid="4" />
              <SequencePoints>
                <SequencePoint vc="0" uspid="144" ordinal="0" offset="0" sl="63" sc="0" el="63" ec="0" bec="0" bev="0" fileid="4" />
                <SequencePoint vc="0" uspid="145" ordinal="0" offset="1" sl="65" sc="0" el="65" ec="0" bec="0" bev="0" fileid="4" />
                <SequencePoint vc="0" uspid="146" ordinal="0" offset="24" sl="66" sc="0" el="66" ec="0" bec="0" bev="0" fileid="4" />
                <SequencePoint vc="0" uspid="147" ordinal="0" offset="25" sl="68" sc="0" el="68" ec="0" bec="0" bev="0" fileid="4" />
                <SequencePoint vc="0" uspid="148" ordinal="0" offset="32" sl="69" sc="0" el="69" ec="0" bec="0" bev="0" fileid="4" />
                <SequencePoint vc="0" uspid="149" ordinal="0" offset="39" sl="70" sc="0" el="70" ec="0" bec="0" bev="0" fileid="4" />
                <SequencePoint vc="0" uspid="150" ordinal="0" offset="40" sl="72" sc="0" el="72" ec="0" bec="0" bev="0" fileid="4" />
                <SequencePoint vc="0" uspid="151" ordinal="0" offset="53" sl="72" sc="0" el="72" ec="0" bec="0" bev="0" fileid="4" />
                <SequencePoint vc="0" uspid="152" ordinal="0" offset="58" sl="75" sc="0" el="75" ec="0" bec="0" bev="0" fileid="4" />
                <SequencePoint vc="0" uspid="153" ordinal="0" offset="99" sl="76" sc="0" el="76" ec="0" bec="0" bev="0" fileid="4" />
                <SequencePoint vc="0" uspid="154" ordinal="0" offset="100" sl="77" sc="0" el="77" ec="0" bec="0" bev="0" fileid="4" />
                <SequencePoint vc="0" uspid="155" ordinal="0" offset="107" sl="85" sc="0" el="85" ec="0" bec="0" bev="0" fileid="4" />
                <SequencePoint vc="0" uspid="156" ordinal="0" offset="108" sl="91" sc="0" el="91" ec="0" bec="0" bev="0" fileid="4" />
                <SequencePoint vc="0" uspid="157" ordinal="0" offset="136" sl="92" sc="0" el="92" ec="0" bec="0" bev="0" fileid="4" />
                <SequencePoint vc="0" uspid="158" ordinal="0" offset="137" sl="112" sc="0" el="112" ec="0" bec="0" bev="0" fileid="4" />
                <SequencePoint vc="0" uspid="159" ordinal="0" offset="150" sl="113" sc="0" el="113" ec="0" bec="0" bev="0" fileid="4" />
                <SequencePoint vc="0" uspid="160" ordinal="0" offset="178" sl="116" sc="0" el="116" ec="0" bec="0" bev="0" fileid="4" />
                <SequencePoint vc="0" uspid="161" ordinal="0" offset="247" sl="117" sc="0" el="117" ec="0" bec="0" bev="0" fileid="4" />
                <SequencePoint vc="0" uspid="162" ordinal="0" offset="254" sl="118" sc="0" el="118" ec="0" bec="0" bev="0" fileid="4" />
                <SequencePoint vc="0" uspid="163" ordinal="0" offset="261" sl="122" sc="0" el="122" ec="0" bec="0" bev="0" fileid="4" />
                <SequencePoint vc="0" uspid="164" ordinal="0" offset="268" sl="123" sc="0" el="123" ec="0" bec="0" bev="0" fileid="4" />
                <SequencePoint vc="0" uspid="165" ordinal="0" offset="275" sl="124" sc="0" el="124" ec="0" bec="0" bev="0" fileid="4" />
                <SequencePoint vc="0" uspid="166" ordinal="0" offset="282" sl="126" sc="0" el="126" ec="0" bec="0" bev="0" fileid="4" />
                <SequencePoint vc="0" uspid="167" ordinal="0" offset="283" sl="128" sc="0" el="128" ec="0" bec="0" bev="0" fileid="4" />
              </SequencePoints>
              <BranchPoints />
            </Method>
            <Method visited="false" cyclomaticComplexity="0" nPathComplexity="0" sequenceCoverage="0.0" branchCoverage="0" crapScore="0" isConstructor="false" isStatic="false" isGetter="false" isSetter="false">
              <Summary numSequencePoints="18" visitedSequencePoints="0" numBranchPoints="0" visitedBranchPoints="0" sequenceCoverage="0.0" branchCoverage="0" maxCyclomaticComplexity="0" minCyclomaticComplexity="0" maxCrapScore="0" minCrapScore="0" visitedClasses="0" numClasses="0" visitedMethods="0" numMethods="1" />
              <MetadataToken>100663320</MetadataToken>
              <Name>System.Int32 DiceEnemy::GetFaceSideUp()</Name>
              <FileRef uid="4" />
              <SequencePoints>
                <SequencePoint vc="0" uspid="168" ordinal="0" offset="0" sl="136" sc="0" el="136" ec="0" bec="0" bev="0" fileid="4" />
                <SequencePoint vc="0" uspid="169" ordinal="0" offset="1" sl="137" sc="0" el="137" ec="0" bec="0" bev="0" fileid="4" />
                <SequencePoint vc="0" uspid="170" ordinal="0" offset="14" sl="137" sc="0" el="137" ec="0" bec="0" bev="0" fileid="4" />
                <SequencePoint vc="0" uspid="171" ordinal="0" offset="21" sl="138" sc="0" el="138" ec="0" bec="0" bev="0" fileid="4" />
                <SequencePoint vc="0" uspid="172" ordinal="0" offset="23" sl="139" sc="0" el="139" ec="0" bec="0" bev="0" fileid="4" />
                <SequencePoint vc="0" uspid="173" ordinal="0" offset="42" sl="141" sc="0" el="141" ec="0" bec="0" bev="0" fileid="4" />
                <SequencePoint vc="0" uspid="174" ordinal="0" offset="47" sl="142" sc="0" el="142" ec="0" bec="0" bev="0" fileid="4" />
                <SequencePoint vc="0" uspid="175" ordinal="0" offset="48" sl="143" sc="0" el="143" ec="0" bec="0" bev="0" fileid="4" />
                <SequencePoint vc="0" uspid="176" ordinal="0" offset="76" sl="143" sc="0" el="143" ec="0" bec="0" bev="0" fileid="4" />
                <SequencePoint vc="0" uspid="177" ordinal="0" offset="77" sl="145" sc="0" el="145" ec="0" bec="0" bev="0" fileid="4" />
                <SequencePoint vc="0" uspid="178" ordinal="0" offset="97" sl="146" sc="0" el="146" ec="0" bec="0" bev="0" fileid="4" />
                <SequencePoint vc="0" uspid="179" ordinal="0" offset="100" sl="148" sc="0" el="148" ec="0" bec="0" bev="0" fileid="4" />
                <SequencePoint vc="0" uspid="180" ordinal="0" offset="101" sl="149" sc="0" el="149" ec="0" bec="0" bev="0" fileid="4" />
                <SequencePoint vc="0" uspid="181" ordinal="0" offset="102" sl="141" sc="0" el="141" ec="0" bec="0" bev="0" fileid="4" />
                <SequencePoint vc="0" uspid="182" ordinal="0" offset="108" sl="141" sc="0" el="141" ec="0" bec="0" bev="0" fileid="4" />
                <SequencePoint vc="0" uspid="183" ordinal="0" offset="126" sl="152" sc="0" el="152" ec="0" bec="0" bev="0" fileid="4" />
                <SequencePoint vc="0" uspid="184" ordinal="0" offset="148" sl="153" sc="0" el="153" ec="0" bec="0" bev="0" fileid="4" />
                <SequencePoint vc="0" uspid="185" ordinal="0" offset="152" sl="155" sc="0" el="155" ec="0" bec="0" bev="0" fileid="4" />
              </SequencePoints>
              <BranchPoints />
            </Method>
            <Method visited="false" cyclomaticComplexity="0" nPathComplexity="0" sequenceCoverage="0.0" branchCoverage="0" crapScore="0" isConstructor="false" isStatic="false" isGetter="false" isSetter="false">
              <Summary numSequencePoints="13" visitedSequencePoints="0" numBranchPoints="0" visitedBranchPoints="0" sequenceCoverage="0.0" branchCoverage="0" maxCyclomaticComplexity="0" minCyclomaticComplexity="0" maxCrapScore="0" minCrapScore="0" visitedClasses="0" numClasses="0" visitedMethods="0" numMethods="1" />
              <MetadataToken>100663321</MetadataToken>
              <Name>System.Void DiceEnemy::RollDice()</Name>
              <FileRef uid="4" />
              <SequencePoints>
                <SequencePoint vc="0" uspid="186" ordinal="0" offset="0" sl="161" sc="0" el="161" ec="0" bec="0" bev="0" fileid="4" />
                <SequencePoint vc="0" uspid="187" ordinal="0" offset="1" sl="165" sc="0" el="165" ec="0" bec="0" bev="0" fileid="4" />
                <SequencePoint vc="0" uspid="188" ordinal="0" offset="23" sl="168" sc="0" el="168" ec="0" bec="0" bev="0" fileid="4" />
                <SequencePoint vc="0" uspid="189" ordinal="0" offset="39" sl="169" sc="0" el="169" ec="0" bec="0" bev="0" fileid="4" />
                <SequencePoint vc="0" uspid="190" ordinal="0" offset="55" sl="170" sc="0" el="170" ec="0" bec="0" bev="0" fileid="4" />
                <SequencePoint vc="0" uspid="191" ordinal="0" offset="61" sl="172" sc="0" el="172" ec="0" bec="0" bev="0" fileid="4" />
                <SequencePoint vc="0" uspid="192" ordinal="0" offset="92" sl="174" sc="0" el="174" ec="0" bec="0" bev="0" fileid="4" />
                <SequencePoint vc="0" uspid="193" ordinal="0" offset="108" sl="175" sc="0" el="175" ec="0" bec="0" bev="0" fileid="4" />
                <SequencePoint vc="0" uspid="194" ordinal="0" offset="125" sl="176" sc="0" el="176" ec="0" bec="0" bev="0" fileid="4" />
                <SequencePoint vc="0" uspid="195" ordinal="0" offset="142" sl="178" sc="0" el="178" ec="0" bec="0" bev="0" fileid="4" />
                <SequencePoint vc="0" uspid="196" ordinal="0" offset="171" sl="180" sc="0" el="180" ec="0" bec="0" bev="0" fileid="4" />
                <SequencePoint vc="0" uspid="197" ordinal="0" offset="184" sl="182" sc="0" el="182" ec="0" bec="0" bev="0" fileid="4" />
                <SequencePoint vc="0" uspid="198" ordinal="0" offset="191" sl="184" sc="0" el="184" ec="0" bec="0" bev="0" fileid="4" />
              </SequencePoints>
              <BranchPoints />
            </Method>
            <Method visited="false" cyclomaticComplexity="0" nPathComplexity="0" sequenceCoverage="0.0" branchCoverage="0" crapScore="0" isConstructor="false" isStatic="false" isGetter="false" isSetter="false">
              <Summary numSequencePoints="30" visitedSequencePoints="0" numBranchPoints="0" visitedBranchPoints="0" sequenceCoverage="0.0" branchCoverage="0" maxCyclomaticComplexity="0" minCyclomaticComplexity="0" maxCrapScore="0" minCrapScore="0" visitedClasses="0" numClasses="0" visitedMethods="0" numMethods="1" />
              <MetadataToken>100663323</MetadataToken>
              <Name>System.Void DiceEnemy::diceValuesUpdate()</Name>
              <FileRef uid="4" />
              <SequencePoints>
                <SequencePoint vc="0" uspid="199" ordinal="0" offset="0" sl="195" sc="0" el="195" ec="0" bec="0" bev="0" fileid="4" />
                <SequencePoint vc="0" uspid="200" ordinal="0" offset="1" sl="196" sc="0" el="196" ec="0" bec="0" bev="0" fileid="4" />
                <SequencePoint vc="0" uspid="201" ordinal="0" offset="8" sl="196" sc="0" el="196" ec="0" bec="0" bev="0" fileid="4" />
                <SequencePoint vc="0" uspid="202" ordinal="0" offset="9" sl="199" sc="0" el="199" ec="0" bec="0" bev="0" fileid="4" />
                <SequencePoint vc="0" uspid="203" ordinal="0" offset="47" sl="203" sc="0" el="203" ec="0" bec="0" bev="0" fileid="4" />
                <SequencePoint vc="0" uspid="204" ordinal="0" offset="60" sl="204" sc="0" el="204" ec="0" bec="0" bev="0" fileid="4" />
                <SequencePoint vc="0" uspid="205" ordinal="0" offset="61" sl="205" sc="0" el="205" ec="0" bec="0" bev="0" fileid="4" />
                <SequencePoint vc="0" uspid="206" ordinal="0" offset="81" sl="206" sc="0" el="206" ec="0" bec="0" bev="0" fileid="4" />
                <SequencePoint vc="0" uspid="207" ordinal="0" offset="119" sl="207" sc="0" el="207" ec="0" bec="0" bev="0" fileid="4" />
                <SequencePoint vc="0" uspid="208" ordinal="0" offset="122" sl="208" sc="0" el="208" ec="0" bec="0" bev="0" fileid="4" />
                <SequencePoint vc="0" uspid="209" ordinal="0" offset="123" sl="210" sc="0" el="210" ec="0" bec="0" bev="0" fileid="4" />
                <SequencePoint vc="0" uspid="210" ordinal="0" offset="159" sl="212" sc="0" el="212" ec="0" bec="0" bev="0" fileid="4" />
                <SequencePoint vc="0" uspid="211" ordinal="0" offset="204" sl="213" sc="0" el="213" ec="0" bec="0" bev="0" fileid="4" />
                <SequencePoint vc="0" uspid="212" ordinal="0" offset="205" sl="216" sc="0" el="216" ec="0" bec="0" bev="0" fileid="4" />
                <SequencePoint vc="0" uspid="213" ordinal="0" offset="212" sl="218" sc="0" el="218" ec="0" bec="0" bev="0" fileid="4" />
                <SequencePoint vc="0" uspid="214" ordinal="0" offset="222" sl="219" sc="0" el="219" ec="0" bec="0" bev="0" fileid="4" />
                <SequencePoint vc="0" uspid="215" ordinal="0" offset="223" sl="220" sc="0" el="220" ec="0" bec="0" bev="0" fileid="4" />
                <SequencePoint vc="0" uspid="216" ordinal="0" offset="252" sl="222" sc="0" el="222" ec="0" bec="0" bev="0" fileid="4" />
                <SequencePoint vc="0" uspid="217" ordinal="0" offset="255" sl="222" sc="0" el="222" ec="0" bec="0" bev="0" fileid="4" />
                <SequencePoint vc="0" uspid="218" ordinal="0" offset="265" sl="223" sc="0" el="223" ec="0" bec="0" bev="0" fileid="4" />
                <SequencePoint vc="0" uspid="219" ordinal="0" offset="266" sl="224" sc="0" el="224" ec="0" bec="0" bev="0" fileid="4" />
                <SequencePoint vc="0" uspid="220" ordinal="0" offset="295" sl="227" sc="0" el="227" ec="0" bec="0" bev="0" fileid="4" />
                <SequencePoint vc="0" uspid="221" ordinal="0" offset="298" sl="227" sc="0" el="227" ec="0" bec="0" bev="0" fileid="4" />
                <SequencePoint vc="0" uspid="222" ordinal="0" offset="308" sl="228" sc="0" el="228" ec="0" bec="0" bev="0" fileid="4" />
                <SequencePoint vc="0" uspid="223" ordinal="0" offset="309" sl="229" sc="0" el="229" ec="0" bec="0" bev="0" fileid="4" />
                <SequencePoint vc="0" uspid="224" ordinal="0" offset="338" sl="231" sc="0" el="231" ec="0" bec="0" bev="0" fileid="4" />
                <SequencePoint vc="0" uspid="225" ordinal="0" offset="339" sl="234" sc="0" el="234" ec="0" bec="0" bev="0" fileid="4" />
                <SequencePoint vc="0" uspid="226" ordinal="0" offset="340" sl="196" sc="0" el="196" ec="0" bec="0" bev="0" fileid="4" />
                <SequencePoint vc="0" uspid="227" ordinal="0" offset="344" sl="196" sc="0" el="196" ec="0" bec="0" bev="0" fileid="4" />
                <SequencePoint vc="0" uspid="228" ordinal="0" offset="364" sl="236" sc="0" el="236" ec="0" bec="0" bev="0" fileid="4" />
              </SequencePoints>
              <BranchPoints />
            </Method>
            <Method visited="false" cyclomaticComplexity="0" nPathComplexity="0" sequenceCoverage="0.0" branchCoverage="0" crapScore="0" isConstructor="true" isStatic="false" isGetter="false" isSetter="false">
              <Summary numSequencePoints="2" visitedSequencePoints="0" numBranchPoints="0" visitedBranchPoints="0" sequenceCoverage="0.0" branchCoverage="0" maxCyclomaticComplexity="0" minCyclomaticComplexity="0" maxCrapScore="0" minCrapScore="0" visitedClasses="0" numClasses="0" visitedMethods="0" numMethods="1" />
              <MetadataToken>100663324</MetadataToken>
              <Name>DiceEnemy::DiceEnemy()</Name>
              <FileRef uid="4" />
              <SequencePoints>
                <SequencePoint vc="0" uspid="229" ordinal="0" offset="0" sl="30" sc="0" el="30" ec="0" bec="0" bev="0" fileid="4" />
                <SequencePoint vc="0" uspid="230" ordinal="0" offset="7" sl="46" sc="0" el="46" ec="0" bec="0" bev="0" fileid="4" />
              </SequencePoints>
              <BranchPoints />
            </Method>
          </Methods>
        </Class>
        <Class>
          <Summary numSequencePoints="9" visitedSequencePoints="0" numBranchPoints="0" visitedBranchPoints="0" sequenceCoverage="0.0" branchCoverage="0.0" maxCyclomaticComplexity="0" minCyclomaticComplexity="0" maxCrapScore="0" minCrapScore="0" visitedClasses="0" numClasses="1" visitedMethods="0" numMethods="5" />
          <FullName>DiceFace</FullName>
          <Methods>
            <Method visited="false" cyclomaticComplexity="0" nPathComplexity="0" sequenceCoverage="0.0" branchCoverage="0" crapScore="0" isConstructor="false" isStatic="false" isGetter="true" isSetter="false">
              <Summary numSequencePoints="1" visitedSequencePoints="0" numBranchPoints="0" visitedBranchPoints="0" sequenceCoverage="0.0" branchCoverage="0" maxCyclomaticComplexity="0" minCyclomaticComplexity="0" maxCrapScore="0" minCrapScore="0" visitedClasses="0" numClasses="0" visitedMethods="0" numMethods="1" />
              <MetadataToken>100663326</MetadataToken>
              <Name>System.Int32 DiceFace::get_FValue()</Name>
              <FileRef uid="5" />
              <SequencePoints>
                <SequencePoint vc="0" uspid="231" ordinal="0" offset="0" sl="26" sc="0" el="26" ec="0" bec="0" bev="0" fileid="5" />
              </SequencePoints>
              <BranchPoints />
            </Method>
            <Method visited="false" cyclomaticComplexity="0" nPathComplexity="0" sequenceCoverage="0.0" branchCoverage="0" crapScore="0" isConstructor="false" isStatic="false" isGetter="false" isSetter="true">
              <Summary numSequencePoints="1" visitedSequencePoints="0" numBranchPoints="0" visitedBranchPoints="0" sequenceCoverage="0.0" branchCoverage="0" maxCyclomaticComplexity="0" minCyclomaticComplexity="0" maxCrapScore="0" minCrapScore="0" visitedClasses="0" numClasses="0" visitedMethods="0" numMethods="1" />
              <MetadataToken>100663327</MetadataToken>
              <Name>System.Void DiceFace::set_FValue(System.Int32)</Name>
              <FileRef uid="5" />
              <SequencePoints>
                <SequencePoint vc="0" uspid="232" ordinal="0" offset="0" sl="26" sc="0" el="26" ec="0" bec="0" bev="0" fileid="5" />
              </SequencePoints>
              <BranchPoints />
            </Method>
            <Method visited="false" cyclomaticComplexity="0" nPathComplexity="0" sequenceCoverage="0.0" branchCoverage="0" crapScore="0" isConstructor="false" isStatic="false" isGetter="true" isSetter="false">
              <Summary numSequencePoints="1" visitedSequencePoints="0" numBranchPoints="0" visitedBranchPoints="0" sequenceCoverage="0.0" branchCoverage="0" maxCyclomaticComplexity="0" minCyclomaticComplexity="0" maxCrapScore="0" minCrapScore="0" visitedClasses="0" numClasses="0" visitedMethods="0" numMethods="1" />
              <MetadataToken>100663328</MetadataToken>
              <Name>System.Int32 DiceFace::get_Tipe()</Name>
              <FileRef uid="5" />
              <SequencePoints>
                <SequencePoint vc="0" uspid="233" ordinal="0" offset="0" sl="27" sc="0" el="27" ec="0" bec="0" bev="0" fileid="5" />
              </SequencePoints>
              <BranchPoints />
            </Method>
            <Method visited="false" cyclomaticComplexity="0" nPathComplexity="0" sequenceCoverage="0.0" branchCoverage="0" crapScore="0" isConstructor="false" isStatic="false" isGetter="false" isSetter="true">
              <Summary numSequencePoints="1" visitedSequencePoints="0" numBranchPoints="0" visitedBranchPoints="0" sequenceCoverage="0.0" branchCoverage="0" maxCyclomaticComplexity="0" minCyclomaticComplexity="0" maxCrapScore="0" minCrapScore="0" visitedClasses="0" numClasses="0" visitedMethods="0" numMethods="1" />
              <MetadataToken>100663329</MetadataToken>
              <Name>System.Void DiceFace::set_Tipe(System.Int32)</Name>
              <FileRef uid="5" />
              <SequencePoints>
                <SequencePoint vc="0" uspid="234" ordinal="0" offset="0" sl="27" sc="0" el="27" ec="0" bec="0" bev="0" fileid="5" />
              </SequencePoints>
              <BranchPoints />
            </Method>
            <Method visited="false" cyclomaticComplexity="0" nPathComplexity="0" sequenceCoverage="0.0" branchCoverage="0" crapScore="0" isConstructor="true" isStatic="false" isGetter="false" isSetter="false">
              <Summary numSequencePoints="5" visitedSequencePoints="0" numBranchPoints="0" visitedBranchPoints="0" sequenceCoverage="0.0" branchCoverage="0" maxCyclomaticComplexity="0" minCyclomaticComplexity="0" maxCrapScore="0" minCrapScore="0" visitedClasses="0" numClasses="0" visitedMethods="0" numMethods="1" />
              <MetadataToken>100663325</MetadataToken>
              <Name>DiceFace::DiceFace(System.Int32, System.Int32)</Name>
              <FileRef uid="5" />
              <SequencePoints>
                <SequencePoint vc="0" uspid="235" ordinal="0" offset="0" sl="20" sc="0" el="20" ec="0" bec="0" bev="0" fileid="5" />
                <SequencePoint vc="0" uspid="236" ordinal="0" offset="7" sl="21" sc="0" el="21" ec="0" bec="0" bev="0" fileid="5" />
                <SequencePoint vc="0" uspid="237" ordinal="0" offset="8" sl="22" sc="0" el="22" ec="0" bec="0" bev="0" fileid="5" />
                <SequencePoint vc="0" uspid="238" ordinal="0" offset="15" sl="23" sc="0" el="23" ec="0" bec="0" bev="0" fileid="5" />
                <SequencePoint vc="0" uspid="239" ordinal="0" offset="22" sl="24" sc="0" el="24" ec="0" bec="0" bev="0" fileid="5" />
              </SequencePoints>
              <BranchPoints />
            </Method>
          </Methods>
        </Class>
        <Class>
          <Summary numSequencePoints="46" visitedSequencePoints="0" numBranchPoints="0" visitedBranchPoints="0" sequenceCoverage="0.0" branchCoverage="0.0" maxCyclomaticComplexity="0" minCyclomaticComplexity="0" maxCrapScore="0" minCrapScore="0" visitedClasses="0" numClasses="1" visitedMethods="0" numMethods="7" />
          <FullName>DicePrefabValues</FullName>
          <Methods>
            <Method visited="false" cyclomaticComplexity="0" nPathComplexity="0" sequenceCoverage="0.0" branchCoverage="0" crapScore="0" isConstructor="false" isStatic="false" isGetter="false" isSetter="false">
              <Summary numSequencePoints="2" visitedSequencePoints="0" numBranchPoints="0" visitedBranchPoints="0" sequenceCoverage="0.0" branchCoverage="0" maxCyclomaticComplexity="0" minCyclomaticComplexity="0" maxCrapScore="0" minCrapScore="0" visitedClasses="0" numClasses="0" visitedMethods="0" numMethods="1" />
              <MetadataToken>100663330</MetadataToken>
              <Name>System.Void DicePrefabValues::Awake()</Name>
              <FileRef uid="6" />
              <SequencePoints>
                <SequencePoint vc="0" uspid="240" ordinal="0" offset="0" sl="8" sc="0" el="8" ec="0" bec="0" bev="0" fileid="6" />
                <SequencePoint vc="0" uspid="241" ordinal="0" offset="1" sl="10" sc="0" el="10" ec="0" bec="0" bev="0" fileid="6" />
              </SequencePoints>
              <BranchPoints />
            </Method>
            <Method visited="false" cyclomaticComplexity="0" nPathComplexity="0" sequenceCoverage="0.0" branchCoverage="0" crapScore="0" isConstructor="false" isStatic="false" isGetter="false" isSetter="false">
              <Summary numSequencePoints="2" visitedSequencePoints="0" numBranchPoints="0" visitedBranchPoints="0" sequenceCoverage="0.0" branchCoverage="0" maxCyclomaticComplexity="0" minCyclomaticComplexity="0" maxCrapScore="0" minCrapScore="0" visitedClasses="0" numClasses="0" visitedMethods="0" numMethods="1" />
              <MetadataToken>100663331</MetadataToken>
              <Name>System.Void DicePrefabValues::Start()</Name>
              <FileRef uid="6" />
              <SequencePoints>
                <SequencePoint vc="0" uspid="242" ordinal="0" offset="0" sl="14" sc="0" el="14" ec="0" bec="0" bev="0" fileid="6" />
                <SequencePoint vc="0" uspid="243" ordinal="0" offset="1" sl="16" sc="0" el="16" ec="0" bec="0" bev="0" fileid="6" />
              </SequencePoints>
              <BranchPoints />
            </Method>
            <Method visited="false" cyclomaticComplexity="0" nPathComplexity="0" sequenceCoverage="0.0" branchCoverage="0" crapScore="0" isConstructor="false" isStatic="false" isGetter="false" isSetter="false">
              <Summary numSequencePoints="2" visitedSequencePoints="0" numBranchPoints="0" visitedBranchPoints="0" sequenceCoverage="0.0" branchCoverage="0" maxCyclomaticComplexity="0" minCyclomaticComplexity="0" maxCrapScore="0" minCrapScore="0" visitedClasses="0" numClasses="0" visitedMethods="0" numMethods="1" />
              <MetadataToken>100663332</MetadataToken>
              <Name>System.Void DicePrefabValues::Update()</Name>
              <FileRef uid="6" />
              <SequencePoints>
                <SequencePoint vc="0" uspid="244" ordinal="0" offset="0" sl="20" sc="0" el="20" ec="0" bec="0" bev="0" fileid="6" />
                <SequencePoint vc="0" uspid="245" ordinal="0" offset="1" sl="22" sc="0" el="22" ec="0" bec="0" bev="0" fileid="6" />
              </SequencePoints>
              <BranchPoints />
            </Method>
            <Method visited="false" cyclomaticComplexity="0" nPathComplexity="0" sequenceCoverage="0.0" branchCoverage="0" crapScore="0" isConstructor="false" isStatic="true" isGetter="false" isSetter="false">
              <Summary numSequencePoints="10" visitedSequencePoints="0" numBranchPoints="0" visitedBranchPoints="0" sequenceCoverage="0.0" branchCoverage="0" maxCyclomaticComplexity="0" minCyclomaticComplexity="0" maxCrapScore="0" minCrapScore="0" visitedClasses="0" numClasses="0" visitedMethods="0" numMethods="1" />
              <MetadataToken>100663333</MetadataToken>
              <Name>static System.Void DicePrefabValues::Espada()</Name>
              <FileRef uid="6" />
              <SequencePoints>
                <SequencePoint vc="0" uspid="246" ordinal="0" offset="0" sl="25" sc="0" el="25" ec="0" bec="0" bev="0" fileid="6" />
                <SequencePoint vc="0" uspid="247" ordinal="0" offset="1" sl="26" sc="0" el="26" ec="0" bec="0" bev="0" fileid="6" />
                <SequencePoint vc="0" uspid="248" ordinal="0" offset="8" sl="27" sc="0" el="27" ec="0" bec="0" bev="0" fileid="6" />
                <SequencePoint vc="0" uspid="249" ordinal="0" offset="18" sl="28" sc="0" el="28" ec="0" bec="0" bev="0" fileid="6" />
                <SequencePoint vc="0" uspid="250" ordinal="0" offset="28" sl="29" sc="0" el="29" ec="0" bec="0" bev="0" fileid="6" />
                <SequencePoint vc="0" uspid="251" ordinal="0" offset="38" sl="30" sc="0" el="30" ec="0" bec="0" bev="0" fileid="6" />
                <SequencePoint vc="0" uspid="252" ordinal="0" offset="48" sl="31" sc="0" el="31" ec="0" bec="0" bev="0" fileid="6" />
                <SequencePoint vc="0" uspid="253" ordinal="0" offset="58" sl="32" sc="0" el="32" ec="0" bec="0" bev="0" fileid="6" />
                <SequencePoint vc="0" uspid="254" ordinal="0" offset="68" sl="33" sc="0" el="33" ec="0" bec="0" bev="0" fileid="6" />
                <SequencePoint vc="0" uspid="255" ordinal="0" offset="75" sl="35" sc="0" el="35" ec="0" bec="0" bev="0" fileid="6" />
              </SequencePoints>
              <BranchPoints />
            </Method>
            <Method visited="false" cyclomaticComplexity="0" nPathComplexity="0" sequenceCoverage="0.0" branchCoverage="0" crapScore="0" isConstructor="false" isStatic="true" isGetter="false" isSetter="false">
              <Summary numSequencePoints="10" visitedSequencePoints="0" numBranchPoints="0" visitedBranchPoints="0" sequenceCoverage="0.0" branchCoverage="0" maxCyclomaticComplexity="0" minCyclomaticComplexity="0" maxCrapScore="0" minCrapScore="0" visitedClasses="0" numClasses="0" visitedMethods="0" numMethods="1" />
              <MetadataToken>100663334</MetadataToken>
              <Name>static System.Void DicePrefabValues::Escudo()</Name>
              <FileRef uid="6" />
              <SequencePoints>
                <SequencePoint vc="0" uspid="256" ordinal="0" offset="0" sl="39" sc="0" el="39" ec="0" bec="0" bev="0" fileid="6" />
                <SequencePoint vc="0" uspid="257" ordinal="0" offset="1" sl="40" sc="0" el="40" ec="0" bec="0" bev="0" fileid="6" />
                <SequencePoint vc="0" uspid="258" ordinal="0" offset="8" sl="41" sc="0" el="41" ec="0" bec="0" bev="0" fileid="6" />
                <SequencePoint vc="0" uspid="259" ordinal="0" offset="18" sl="42" sc="0" el="42" ec="0" bec="0" bev="0" fileid="6" />
                <SequencePoint vc="0" uspid="260" ordinal="0" offset="28" sl="43" sc="0" el="43" ec="0" bec="0" bev="0" fileid="6" />
                <SequencePoint vc="0" uspid="261" ordinal="0" offset="38" sl="44" sc="0" el="44" ec="0" bec="0" bev="0" fileid="6" />
                <SequencePoint vc="0" uspid="262" ordinal="0" offset="48" sl="45" sc="0" el="45" ec="0" bec="0" bev="0" fileid="6" />
                <SequencePoint vc="0" uspid="263" ordinal="0" offset="58" sl="46" sc="0" el="46" ec="0" bec="0" bev="0" fileid="6" />
                <SequencePoint vc="0" uspid="264" ordinal="0" offset="68" sl="47" sc="0" el="47" ec="0" bec="0" bev="0" fileid="6" />
                <SequencePoint vc="0" uspid="265" ordinal="0" offset="75" sl="48" sc="0" el="48" ec="0" bec="0" bev="0" fileid="6" />
              </SequencePoints>
              <BranchPoints />
            </Method>
            <Method visited="false" cyclomaticComplexity="0" nPathComplexity="0" sequenceCoverage="0.0" branchCoverage="0" crapScore="0" isConstructor="false" isStatic="true" isGetter="false" isSetter="false">
              <Summary numSequencePoints="10" visitedSequencePoints="0" numBranchPoints="0" visitedBranchPoints="0" sequenceCoverage="0.0" branchCoverage="0" maxCyclomaticComplexity="0" minCyclomaticComplexity="0" maxCrapScore="0" minCrapScore="0" visitedClasses="0" numClasses="0" visitedMethods="0" numMethods="1" />
              <MetadataToken>100663335</MetadataToken>
              <Name>static System.Void DicePrefabValues::Arco()</Name>
              <FileRef uid="6" />
              <SequencePoints>
                <SequencePoint vc="0" uspid="266" ordinal="0" offset="0" sl="50" sc="0" el="50" ec="0" bec="0" bev="0" fileid="6" />
                <SequencePoint vc="0" uspid="267" ordinal="0" offset="1" sl="51" sc="0" el="51" ec="0" bec="0" bev="0" fileid="6" />
                <SequencePoint vc="0" uspid="268" ordinal="0" offset="8" sl="52" sc="0" el="52" ec="0" bec="0" bev="0" fileid="6" />
                <SequencePoint vc="0" uspid="269" ordinal="0" offset="18" sl="53" sc="0" el="53" ec="0" bec="0" bev="0" fileid="6" />
                <SequencePoint vc="0" uspid="270" ordinal="0" offset="28" sl="54" sc="0" el="54" ec="0" bec="0" bev="0" fileid="6" />
                <SequencePoint vc="0" uspid="271" ordinal="0" offset="38" sl="55" sc="0" el="55" ec="0" bec="0" bev="0" fileid="6" />
                <SequencePoint vc="0" uspid="272" ordinal="0" offset="48" sl="56" sc="0" el="56" ec="0" bec="0" bev="0" fileid="6" />
                <SequencePoint vc="0" uspid="273" ordinal="0" offset="58" sl="57" sc="0" el="57" ec="0" bec="0" bev="0" fileid="6" />
                <SequencePoint vc="0" uspid="274" ordinal="0" offset="68" sl="58" sc="0" el="58" ec="0" bec="0" bev="0" fileid="6" />
                <SequencePoint vc="0" uspid="275" ordinal="0" offset="75" sl="59" sc="0" el="59" ec="0" bec="0" bev="0" fileid="6" />
              </SequencePoints>
              <BranchPoints />
            </Method>
            <Method visited="false" cyclomaticComplexity="0" nPathComplexity="0" sequenceCoverage="0.0" branchCoverage="0" crapScore="0" isConstructor="false" isStatic="true" isGetter="false" isSetter="false">
              <Summary numSequencePoints="10" visitedSequencePoints="0" numBranchPoints="0" visitedBranchPoints="0" sequenceCoverage="0.0" branchCoverage="0" maxCyclomaticComplexity="0" minCyclomaticComplexity="0" maxCrapScore="0" minCrapScore="0" visitedClasses="0" numClasses="0" visitedMethods="0" numMethods="1" />
              <MetadataToken>100663336</MetadataToken>
              <Name>static System.Void DicePrefabValues::Habilidad()</Name>
              <FileRef uid="6" />
              <SequencePoints>
                <SequencePoint vc="0" uspid="276" ordinal="0" offset="0" sl="62" sc="0" el="62" ec="0" bec="0" bev="0" fileid="6" />
                <SequencePoint vc="0" uspid="277" ordinal="0" offset="1" sl="63" sc="0" el="63" ec="0" bec="0" bev="0" fileid="6" />
                <SequencePoint vc="0" uspid="278" ordinal="0" offset="8" sl="64" sc="0" el="64" ec="0" bec="0" bev="0" fileid="6" />
                <SequencePoint vc="0" uspid="279" ordinal="0" offset="18" sl="65" sc="0" el="65" ec="0" bec="0" bev="0" fileid="6" />
                <SequencePoint vc="0" uspid="280" ordinal="0" offset="28" sl="66" sc="0" el="66" ec="0" bec="0" bev="0" fileid="6" />
                <SequencePoint vc="0" uspid="281" ordinal="0" offset="38" sl="67" sc="0" el="67" ec="0" bec="0" bev="0" fileid="6" />
                <SequencePoint vc="0" uspid="282" ordinal="0" offset="48" sl="68" sc="0" el="68" ec="0" bec="0" bev="0" fileid="6" />
                <SequencePoint vc="0" uspid="283" ordinal="0" offset="58" sl="69" sc="0" el="69" ec="0" bec="0" bev="0" fileid="6" />
                <SequencePoint vc="0" uspid="284" ordinal="0" offset="68" sl="70" sc="0" el="70" ec="0" bec="0" bev="0" fileid="6" />
                <SequencePoint vc="0" uspid="285" ordinal="0" offset="75" sl="71" sc="0" el="71" ec="0" bec="0" bev="0" fileid="6" />
              </SequencePoints>
              <BranchPoints />
            </Method>
          </Methods>
        </Class>
        <Class>
          <Summary numSequencePoints="18" visitedSequencePoints="0" numBranchPoints="0" visitedBranchPoints="0" sequenceCoverage="0.0" branchCoverage="0.0" maxCyclomaticComplexity="0" minCyclomaticComplexity="0" maxCrapScore="0" minCrapScore="0" visitedClasses="0" numClasses="1" visitedMethods="0" numMethods="6" />
          <FullName>DicesControl</FullName>
          <Methods>
            <Method visited="false" cyclomaticComplexity="0" nPathComplexity="0" sequenceCoverage="0.0" branchCoverage="0" crapScore="0" isConstructor="false" isStatic="true" isGetter="true" isSetter="false">
              <Summary numSequencePoints="1" visitedSequencePoints="0" numBranchPoints="0" visitedBranchPoints="0" sequenceCoverage="0.0" branchCoverage="0" maxCyclomaticComplexity="0" minCyclomaticComplexity="0" maxCrapScore="0" minCrapScore="0" visitedClasses="0" numClasses="0" visitedMethods="0" numMethods="1" />
              <MetadataToken>100663338</MetadataToken>
              <Name>static System.Boolean DicesControl::get_DicesRolling()</Name>
              <FileRef uid="7" />
              <SequencePoints>
                <SequencePoint vc="0" uspid="286" ordinal="0" offset="0" sl="15" sc="0" el="15" ec="0" bec="0" bev="0" fileid="7" />
              </SequencePoints>
              <BranchPoints />
            </Method>
            <Method visited="false" cyclomaticComplexity="0" nPathComplexity="0" sequenceCoverage="0.0" branchCoverage="0" crapScore="0" isConstructor="false" isStatic="true" isGetter="false" isSetter="true">
              <Summary numSequencePoints="1" visitedSequencePoints="0" numBranchPoints="0" visitedBranchPoints="0" sequenceCoverage="0.0" branchCoverage="0" maxCyclomaticComplexity="0" minCyclomaticComplexity="0" maxCrapScore="0" minCrapScore="0" visitedClasses="0" numClasses="0" visitedMethods="0" numMethods="1" />
              <MetadataToken>100663339</MetadataToken>
              <Name>static System.Void DicesControl::set_DicesRolling(System.Boolean)</Name>
              <FileRef uid="7" />
              <SequencePoints>
                <SequencePoint vc="0" uspid="287" ordinal="0" offset="0" sl="15" sc="0" el="15" ec="0" bec="0" bev="0" fileid="7" />
              </SequencePoints>
              <BranchPoints />
            </Method>
            <Method visited="false" cyclomaticComplexity="0" nPathComplexity="0" sequenceCoverage="0.0" branchCoverage="0" crapScore="0" isConstructor="false" isStatic="true" isGetter="true" isSetter="false">
              <Summary numSequencePoints="1" visitedSequencePoints="0" numBranchPoints="0" visitedBranchPoints="0" sequenceCoverage="0.0" branchCoverage="0" maxCyclomaticComplexity="0" minCyclomaticComplexity="0" maxCrapScore="0" minCrapScore="0" visitedClasses="0" numClasses="0" visitedMethods="0" numMethods="1" />
              <MetadataToken>100663340</MetadataToken>
              <Name>static System.Boolean DicesControl::get_TrowDices()</Name>
              <FileRef uid="7" />
              <SequencePoints>
                <SequencePoint vc="0" uspid="288" ordinal="0" offset="0" sl="16" sc="0" el="16" ec="0" bec="0" bev="0" fileid="7" />
              </SequencePoints>
              <BranchPoints />
            </Method>
            <Method visited="false" cyclomaticComplexity="0" nPathComplexity="0" sequenceCoverage="0.0" branchCoverage="0" crapScore="0" isConstructor="false" isStatic="true" isGetter="false" isSetter="true">
              <Summary numSequencePoints="1" visitedSequencePoints="0" numBranchPoints="0" visitedBranchPoints="0" sequenceCoverage="0.0" branchCoverage="0" maxCyclomaticComplexity="0" minCyclomaticComplexity="0" maxCrapScore="0" minCrapScore="0" visitedClasses="0" numClasses="0" visitedMethods="0" numMethods="1" />
              <MetadataToken>100663341</MetadataToken>
              <Name>static System.Void DicesControl::set_TrowDices(System.Boolean)</Name>
              <FileRef uid="7" />
              <SequencePoints>
                <SequencePoint vc="0" uspid="289" ordinal="0" offset="0" sl="16" sc="0" el="16" ec="0" bec="0" bev="0" fileid="7" />
              </SequencePoints>
              <BranchPoints />
            </Method>
            <Method visited="false" cyclomaticComplexity="0" nPathComplexity="0" sequenceCoverage="0.0" branchCoverage="0" crapScore="0" isConstructor="false" isStatic="false" isGetter="false" isSetter="false">
              <Summary numSequencePoints="2" visitedSequencePoints="0" numBranchPoints="0" visitedBranchPoints="0" sequenceCoverage="0.0" branchCoverage="0" maxCyclomaticComplexity="0" minCyclomaticComplexity="0" maxCrapScore="0" minCrapScore="0" visitedClasses="0" numClasses="0" visitedMethods="0" numMethods="1" />
              <MetadataToken>100663342</MetadataToken>
              <Name>System.Void DicesControl::Start()</Name>
              <FileRef uid="7" />
              <SequencePoints>
                <SequencePoint vc="0" uspid="290" ordinal="0" offset="0" sl="21" sc="0" el="21" ec="0" bec="0" bev="0" fileid="7" />
                <SequencePoint vc="0" uspid="291" ordinal="0" offset="1" sl="23" sc="0" el="23" ec="0" bec="0" bev="0" fileid="7" />
              </SequencePoints>
              <BranchPoints />
            </Method>
            <Method visited="false" cyclomaticComplexity="0" nPathComplexity="0" sequenceCoverage="0.0" branchCoverage="0" crapScore="0" isConstructor="false" isStatic="false" isGetter="false" isSetter="false">
              <Summary numSequencePoints="12" visitedSequencePoints="0" numBranchPoints="0" visitedBranchPoints="0" sequenceCoverage="0.0" branchCoverage="0" maxCyclomaticComplexity="0" minCyclomaticComplexity="0" maxCrapScore="0" minCrapScore="0" visitedClasses="0" numClasses="0" visitedMethods="0" numMethods="1" />
              <MetadataToken>100663343</MetadataToken>
              <Name>System.Void DicesControl::Update()</Name>
              <FileRef uid="7" />
              <SequencePoints>
                <SequencePoint vc="0" uspid="292" ordinal="0" offset="0" sl="27" sc="0" el="27" ec="0" bec="0" bev="0" fileid="7" />
                <SequencePoint vc="0" uspid="293" ordinal="0" offset="1" sl="31" sc="0" el="31" ec="0" bec="0" bev="0" fileid="7" />
                <SequencePoint vc="0" uspid="294" ordinal="0" offset="22" sl="32" sc="0" el="32" ec="0" bec="0" bev="0" fileid="7" />
                <SequencePoint vc="0" uspid="295" ordinal="0" offset="23" sl="33" sc="0" el="33" ec="0" bec="0" bev="0" fileid="7" />
                <SequencePoint vc="0" uspid="296" ordinal="0" offset="29" sl="34" sc="0" el="34" ec="0" bec="0" bev="0" fileid="7" />
[...]
                <SequencePoint vc="0" uspid="830" ordinal="0" offset="111" sl="65" sc="0" el="65" ec="0" bec="0" bev="0" fileid="23" />
                <SequencePoint vc="0" uspid="831" ordinal="0" offset="131" sl="67" sc="0" el="67" ec="0" bec="0" bev="0" fileid="23" />
                <SequencePoint vc="0" uspid="832" ordinal="0" offset="134" sl="68" sc="0" el="68" ec="0" bec="0" bev="0" fileid="23" />
                <SequencePoint vc="0" uspid="833" ordinal="0" offset="167" sl="69" sc="0" el="69" ec="0" bec="0" bev="0" fileid="23" />
                <SequencePoint vc="0" uspid="834" ordinal="0" offset="168" sl="70" sc="0" el="70" ec="0" bec="0" bev="0" fileid="23" />
                <SequencePoint vc="0" uspid="835" ordinal="0" offset="188" sl="72" sc="0" el="72" ec="0" bec="0" bev="0" fileid="23" />
                <SequencePoint vc="0" uspid="836" ordinal="0" offset="189" sl="74" sc="0" el="74" ec="0" bec="0" bev="0" fileid="23" />
                <SequencePoint vc="0" uspid="837" ordinal="0" offset="190" sl="75" sc="0" el="75" ec="0" bec="0" bev="0" fileid="23" />
              </SequencePoints>
              <BranchPoints />
            </Method>
            <Method visited="false" cyclomaticComplexity="0" nPathComplexity="0" sequenceCoverage="0.0" branchCoverage="0" crapScore="0" isConstructor="false" isStatic="false" isGetter="false" isSetter="false">
              <Summary numSequencePoints="17" visitedSequencePoints="0" numBranchPoints="0" visitedBranchPoints="0" sequenceCoverage="0.0" branchCoverage="0" maxCyclomaticComplexity="0" minCyclomaticComplexity="0" maxCrapScore="0" minCrapScore="0" visitedClasses="0" numClasses="0" visitedMethods="0" numMethods="1" />
              <MetadataToken>100663412</MetadataToken>
              <Name>System.Void Pedestal2::OnTriggerExit(UnityEngine.Collider)</Name>
              <FileRef uid="23" />
              <SequencePoints>
                <SequencePoint vc="0" uspid="838" ordinal="0" offset="0" sl="78" sc="0" el="78" ec="0" bec="0" bev="0" fileid="23" />
                <SequencePoint vc="0" uspid="839" ordinal="0" offset="1" sl="79" sc="0" el="79" ec="0" bec="0" bev="0" fileid="23" />
                <SequencePoint vc="0" uspid="840" ordinal="0" offset="19" sl="80" sc="0" el="80" ec="0" bec="0" bev="0" fileid="23" />
                <SequencePoint vc="0" uspid="841" ordinal="0" offset="20" sl="81" sc="0" el="81" ec="0" bec="0" bev="0" fileid="23" />
                <SequencePoint vc="0" uspid="842" ordinal="0" offset="53" sl="82" sc="0" el="82" ec="0" bec="0" bev="0" fileid="23" />
                <SequencePoint vc="0" uspid="843" ordinal="0" offset="54" sl="83" sc="0" el="83" ec="0" bec="0" bev="0" fileid="23" />
                <SequencePoint vc="0" uspid="844" ordinal="0" offset="74" sl="85" sc="0" el="85" ec="0" bec="0" bev="0" fileid="23" />
                <SequencePoint vc="0" uspid="845" ordinal="0" offset="77" sl="86" sc="0" el="86" ec="0" bec="0" bev="0" fileid="23" />
                <SequencePoint vc="0" uspid="846" ordinal="0" offset="110" sl="87" sc="0" el="87" ec="0" bec="0" bev="0" fileid="23" />
                <SequencePoint vc="0" uspid="847" ordinal="0" offset="111" sl="89" sc="0" el="89" ec="0" bec="0" bev="0" fileid="23" />
                <SequencePoint vc="0" uspid="848" ordinal="0" offset="131" sl="91" sc="0" el="91" ec="0" bec="0" bev="0" fileid="23" />
                <SequencePoint vc="0" uspid="849" ordinal="0" offset="134" sl="92" sc="0" el="92" ec="0" bec="0" bev="0" fileid="23" />
                <SequencePoint vc="0" uspid="850" ordinal="0" offset="167" sl="93" sc="0" el="93" ec="0" bec="0" bev="0" fileid="23" />
                <SequencePoint vc="0" uspid="851" ordinal="0" offset="168" sl="94" sc="0" el="94" ec="0" bec="0" bev="0" fileid="23" />
                <SequencePoint vc="0" uspid="852" ordinal="0" offset="188" sl="96" sc="0" el="96" ec="0" bec="0" bev="0" fileid="23" />
                <SequencePoint vc="0" uspid="853" ordinal="0" offset="189" sl="98" sc="0" el="98" ec="0" bec="0" bev="0" fileid="23" />
                <SequencePoint vc="0" uspid="854" ordinal="0" offset="190" sl="99" sc="0" el="99" ec="0" bec="0" bev="0" fileid="23" />
              </SequencePoints>
              <BranchPoints />
            </Method>
            <Method visited="false" cyclomaticComplexity="0" nPathComplexity="0" sequenceCoverage="0.0" branchCoverage="0" crapScore="0" isConstructor="false" isStatic="false" isGetter="false" isSetter="false">
              <Summary numSequencePoints="17" visitedSequencePoints="0" numBranchPoints="0" visitedBranchPoints="0" sequenceCoverage="0.0" branchCoverage="0" maxCyclomaticComplexity="0" minCyclomaticComplexity="0" maxCrapScore="0" minCrapScore="0" visitedClasses="0" numClasses="0" visitedMethods="0" numMethods="1" />
              <MetadataToken>100663413</MetadataToken>
              <Name>System.Void Pedestal2::selectWeapon(System.Int32)</Name>
              <FileRef uid="23" />
              <SequencePoints>
                <SequencePoint vc="0" uspid="855" ordinal="0" offset="0" sl="102" sc="0" el="102" ec="0" bec="0" bev="0" fileid="23" />
                <SequencePoint vc="0" uspid="856" ordinal="0" offset="1" sl="103" sc="0" el="103" ec="0" bec="0" bev="0" fileid="23" />
                <SequencePoint vc="0" uspid="857" ordinal="0" offset="13" sl="104" sc="0" el="104" ec="0" bec="0" bev="0" fileid="23" />
                <SequencePoint vc="0" uspid="858" ordinal="0" offset="31" sl="105" sc="0" el="105" ec="0" bec="0" bev="0" fileid="23" />
                <SequencePoint vc="0" uspid="859" ordinal="0" offset="48" sl="106" sc="0" el="106" ec="0" bec="0" bev="0" fileid="23" />
                <SequencePoint vc="0" uspid="860" ordinal="0" offset="61" sl="107" sc="0" el="107" ec="0" bec="0" bev="0" fileid="23" />
                <SequencePoint vc="0" uspid="861" ordinal="0" offset="74" sl="108" sc="0" el="108" ec="0" bec="0" bev="0" fileid="23" />
                <SequencePoint vc="0" uspid="862" ordinal="0" offset="81" sl="110" sc="0" el="110" ec="0" bec="0" bev="0" fileid="23" />
                <SequencePoint vc="0" uspid="863" ordinal="0" offset="93" sl="112" sc="0" el="112" ec="0" bec="0" bev="0" fileid="23" />
                <SequencePoint vc="0" uspid="864" ordinal="0" offset="109" sl="114" sc="0" el="114" ec="0" bec="0" bev="0" fileid="23" />
                <SequencePoint vc="0" uspid="865" ordinal="0" offset="110" sl="114" sc="0" el="114" ec="0" bec="0" bev="0" fileid="23" />
                <SequencePoint vc="0" uspid="866" ordinal="0" offset="121" sl="114" sc="0" el="114" ec="0" bec="0" bev="0" fileid="23" />
                <SequencePoint vc="0" uspid="867" ordinal="0" offset="125" sl="115" sc="0" el="115" ec="0" bec="0" bev="0" fileid="23" />
                <SequencePoint vc="0" uspid="868" ordinal="0" offset="126" sl="116" sc="0" el="116" ec="0" bec="0" bev="0" fileid="23" />
                <SequencePoint vc="0" uspid="869" ordinal="0" offset="133" sl="117" sc="0" el="117" ec="0" bec="0" bev="0" fileid="23" />
                <SequencePoint vc="0" uspid="870" ordinal="0" offset="138" sl="114" sc="0" el="114" ec="0" bec="0" bev="0" fileid="23" />
                <SequencePoint vc="0" uspid="871" ordinal="0" offset="144" sl="118" sc="0" el="118" ec="0" bec="0" bev="0" fileid="23" />
              </SequencePoints>
              <BranchPoints />
            </Method>
          </Methods>
        </Class>
        <Class>
          <Summary numSequencePoints="4" visitedSequencePoints="0" numBranchPoints="0" visitedBranchPoints="0" sequenceCoverage="0.0" branchCoverage="0.0" maxCyclomaticComplexity="0" minCyclomaticComplexity="0" maxCrapScore="0" minCrapScore="0" visitedClasses="0" numClasses="1" visitedMethods="0" numMethods="1" />
          <FullName>Dice/&lt;DelayResult&gt;d__24</FullName>
          <Methods>
            <Method visited="false" cyclomaticComplexity="0" nPathComplexity="0" sequenceCoverage="0.0" branchCoverage="0" crapScore="0" isConstructor="false" isStatic="false" isGetter="false" isSetter="false">
              <Summary numSequencePoints="4" visitedSequencePoints="0" numBranchPoints="0" visitedBranchPoints="0" sequenceCoverage="0.0" branchCoverage="0" maxCyclomaticComplexity="0" minCyclomaticComplexity="0" maxCrapScore="0" minCrapScore="0" visitedClasses="0" numClasses="0" visitedMethods="0" numMethods="1" />
              <MetadataToken>100663418</MetadataToken>
              <Name>System.Void Dice/&lt;DelayResult&gt;d__24::MoveNext()</Name>
              <FileRef uid="2" />
              <SequencePoints>
                <SequencePoint vc="0" uspid="872" ordinal="0" offset="14" sl="185" sc="0" el="185" ec="0" bec="0" bev="0" fileid="2" />
                <SequencePoint vc="0" uspid="873" ordinal="0" offset="15" sl="187" sc="0" el="187" ec="0" bec="0" bev="0" fileid="2" />
                <SequencePoint vc="0" uspid="874" ordinal="0" offset="112" sl="188" sc="0" el="188" ec="0" bec="0" bev="0" fileid="2" />
                <SequencePoint vc="0" uspid="875" ordinal="0" offset="150" sl="190" sc="0" el="190" ec="0" bec="0" bev="0" fileid="2" />
              </SequencePoints>
              <BranchPoints />
            </Method>
          </Methods>
        </Class>
        <Class>
          <Summary numSequencePoints="4" visitedSequencePoints="0" numBranchPoints="0" visitedBranchPoints="0" sequenceCoverage="0.0" branchCoverage="0.0" maxCyclomaticComplexity="0" minCyclomaticComplexity="0" maxCrapScore="0" minCrapScore="0" visitedClasses="0" numClasses="1" visitedMethods="0" numMethods="1" />
          <FullName>DiceEnemy/&lt;DelayResult&gt;d__21</FullName>
          <Methods>
            <Method visited="false" cyclomaticComplexity="0" nPathComplexity="0" sequenceCoverage="0.0" branchCoverage="0" crapScore="0" isConstructor="false" isStatic="false" isGetter="false" isSetter="false">
              <Summary numSequencePoints="4" visitedSequencePoints="0" numBranchPoints="0" visitedBranchPoints="0" sequenceCoverage="0.0" branchCoverage="0" maxCyclomaticComplexity="0" minCyclomaticComplexity="0" maxCrapScore="0" minCrapScore="0" visitedClasses="0" numClasses="0" visitedMethods="0" numMethods="1" />
              <MetadataToken>100663421</MetadataToken>
              <Name>System.Void DiceEnemy/&lt;DelayResult&gt;d__21::MoveNext()</Name>
              <FileRef uid="4" />
              <SequencePoints>
                <SequencePoint vc="0" uspid="876" ordinal="0" offset="14" sl="187" sc="0" el="187" ec="0" bec="0" bev="0" fileid="4" />
                <SequencePoint vc="0" uspid="877" ordinal="0" offset="15" sl="189" sc="0" el="189" ec="0" bec="0" bev="0" fileid="4" />
                <SequencePoint vc="0" uspid="878" ordinal="0" offset="112" sl="190" sc="0" el="190" ec="0" bec="0" bev="0" fileid="4" />
                <SequencePoint vc="0" uspid="879" ordinal="0" offset="150" sl="192" sc="0" el="192" ec="0" bec="0" bev="0" fileid="4" />
              </SequencePoints>
              <BranchPoints />
            </Method>
          </Methods>
        </Class>
        <Class>
          <Summary numSequencePoints="2" visitedSequencePoints="0" numBranchPoints="0" visitedBranchPoints="0" sequenceCoverage="0.0" branchCoverage="0.0" maxCyclomaticComplexity="0" minCyclomaticComplexity="0" maxCrapScore="0" minCrapScore="0" visitedClasses="0" numClasses="1" visitedMethods="0" numMethods="1" />
          <FullName>DungeonGenerator/Cell</FullName>
          <Methods>
            <Method visited="false" cyclomaticComplexity="0" nPathComplexity="0" sequenceCoverage="0.0" branchCoverage="0" crapScore="0" isConstructor="true" isStatic="false" isGetter="false" isSetter="false">
              <Summary numSequencePoints="2" visitedSequencePoints="0" numBranchPoints="0" visitedBranchPoints="0" sequenceCoverage="0.0" branchCoverage="0" maxCyclomaticComplexity="0" minCyclomaticComplexity="0" maxCrapScore="0" minCrapScore="0" visitedClasses="0" numClasses="0" visitedMethods="0" numMethods="1" />
              <MetadataToken>100663423</MetadataToken>
              <Name>DungeonGenerator/Cell::Cell()</Name>
              <FileRef uid="8" />
              <SequencePoints>
                <SequencePoint vc="0" uspid="880" ordinal="0" offset="0" sl="10" sc="0" el="10" ec="0" bec="0" bev="0" fileid="8" />
                <SequencePoint vc="0" uspid="881" ordinal="0" offset="7" sl="11" sc="0" el="11" ec="0" bec="0" bev="0" fileid="8" />
              </SequencePoints>
              <BranchPoints />
            </Method>
          </Methods>
        </Class>
        <Class>
          <Summary numSequencePoints="6" visitedSequencePoints="0" numBranchPoints="0" visitedBranchPoints="0" sequenceCoverage="0.0" branchCoverage="0.0" maxCyclomaticComplexity="0" minCyclomaticComplexity="0" maxCrapScore="0" minCrapScore="0" visitedClasses="0" numClasses="1" visitedMethods="0" numMethods="1" />
          <FullName>DungeonGenerator/Rule</FullName>
          <Methods>
            <Method visited="false" cyclomaticComplexity="0" nPathComplexity="0" sequenceCoverage="0.0" branchCoverage="0" crapScore="0" isConstructor="false" isStatic="false" isGetter="false" isSetter="false">
              <Summary numSequencePoints="6" visitedSequencePoints="0" numBranchPoints="0" visitedBranchPoints="0" sequenceCoverage="0.0" branchCoverage="0" maxCyclomaticComplexity="0" minCyclomaticComplexity="0" maxCrapScore="0" minCrapScore="0" visitedClasses="0" numClasses="0" visitedMethods="0" numMethods="1" />
              <MetadataToken>100663424</MetadataToken>
              <Name>System.Int32 DungeonGenerator/Rule::ProbabilityOfSpawning(System.Int32, System.Int32)</Name>
              <FileRef uid="8" />
              <SequencePoints>
                <SequencePoint vc="0" uspid="882" ordinal="0" offset="0" sl="24" sc="0" el="24" ec="0" bec="0" bev="0" fileid="8" />
                <SequencePoint vc="0" uspid="883" ordinal="0" offset="1" sl="27" sc="0" el="27" ec="0" bec="0" bev="0" fileid="8" />
                <SequencePoint vc="0" uspid="884" ordinal="0" offset="67" sl="28" sc="0" el="28" ec="0" bec="0" bev="0" fileid="8" />
                <SequencePoint vc="0" uspid="885" ordinal="0" offset="68" sl="29" sc="0" el="29" ec="0" bec="0" bev="0" fileid="8" />
                <SequencePoint vc="0" uspid="886" ordinal="0" offset="83" sl="32" sc="0" el="32" ec="0" bec="0" bev="0" fileid="8" />
                <SequencePoint vc="0" uspid="887" ordinal="0" offset="87" sl="33" sc="0" el="33" ec="0" bec="0" bev="0" fileid="8" />
              </SequencePoints>
              <BranchPoints />
            </Method>
          </Methods>
        </Class>
        <Class>
          <Summary numSequencePoints="8" visitedSequencePoints="0" numBranchPoints="0" visitedBranchPoints="0" sequenceCoverage="0.0" branchCoverage="0.0" maxCyclomaticComplexity="0" minCyclomaticComplexity="0" maxCrapScore="0" minCrapScore="0" visitedClasses="0" numClasses="1" visitedMethods="0" numMethods="1" />
          <FullName>CharacterMovement/&lt;CorutinePlayerStratFigth&gt;d__17</FullName>
          <Methods>
            <Method visited="false" cyclomaticComplexity="0" nPathComplexity="0" sequenceCoverage="0.0" branchCoverage="0" crapScore="0" isConstructor="false" isStatic="false" isGetter="false" isSetter="false">
              <Summary numSequencePoints="8" visitedSequencePoints="0" numBranchPoints="0" visitedBranchPoints="0" sequenceCoverage="0.0" branchCoverage="0" maxCyclomaticComplexity="0" minCyclomaticComplexity="0" maxCrapScore="0" minCrapScore="0" visitedClasses="0" numClasses="0" visitedMethods="0" numMethods="1" />
              <MetadataToken>100663428</MetadataToken>
              <Name>System.Boolean CharacterMovement/&lt;CorutinePlayerStratFigth&gt;d__17::MoveNext()</Name>
              <FileRef uid="16" />
              <SequencePoints>
                <SequencePoint vc="0" uspid="888" ordinal="0" offset="31" sl="73" sc="0" el="73" ec="0" bec="0" bev="0" fileid="16" />
                <SequencePoint vc="0" uspid="889" ordinal="0" offset="32" sl="74" sc="0" el="74" ec="0" bec="0" bev="0" fileid="16" />
                <SequencePoint vc="0" uspid="890" ordinal="0" offset="40" sl="76" sc="0" el="76" ec="0" bec="0" bev="0" fileid="16" />
                <SequencePoint vc="0" uspid="891" ordinal="0" offset="41" sl="77" sc="0" el="77" ec="0" bec="0" bev="0" fileid="16" />
                <SequencePoint vc="0" uspid="892" ordinal="0" offset="99" sl="78" sc="0" el="78" ec="0" bec="0" bev="0" fileid="16" />
                <SequencePoint vc="0" uspid="893" ordinal="0" offset="122" sl="79" sc="0" el="79" ec="0" bec="0" bev="0" fileid="16" />
                <SequencePoint vc="0" uspid="894" ordinal="0" offset="123" sl="75" sc="0" el="75" ec="0" bec="0" bev="0" fileid="16" />
                <SequencePoint vc="0" uspid="895" ordinal="0" offset="158" sl="80" sc="0" el="80" ec="0" bec="0" bev="0" fileid="16" />
              </SequencePoints>
              <BranchPoints />
            </Method>
          </Methods>
        </Class>
        <Class>
          <Summary numSequencePoints="11" visitedSequencePoints="0" numBranchPoints="0" visitedBranchPoints="0" sequenceCoverage="0.0" branchCoverage="0.0" maxCyclomaticComplexity="0" minCyclomaticComplexity="0" maxCrapScore="0" minCrapScore="0" visitedClasses="0" numClasses="1" visitedMethods="0" numMethods="1" />
          <FullName>NewBehaviourScript/&lt;GoTo&gt;d__4</FullName>
          <Methods>
            <Method visited="false" cyclomaticComplexity="0" nPathComplexity="0" sequenceCoverage="0.0" branchCoverage="0" crapScore="0" isConstructor="false" isStatic="false" isGetter="false" isSetter="false">
              <Summary numSequencePoints="11" visitedSequencePoints="0" numBranchPoints="0" visitedBranchPoints="0" sequenceCoverage="0.0" branchCoverage="0" maxCyclomaticComplexity="0" minCyclomaticComplexity="0" maxCrapScore="0" minCrapScore="0" visitedClasses="0" numClasses="0" visitedMethods="0" numMethods="1" />
              <MetadataToken>100663434</MetadataToken>
              <Name>System.Boolean NewBehaviourScript/&lt;GoTo&gt;d__4::MoveNext()</Name>
              <FileRef uid="18" />
              <SequencePoints>
                <SequencePoint vc="0" uspid="896" ordinal="0" offset="31" sl="25" sc="0" el="25" ec="0" bec="0" bev="0" fileid="18" />
                <SequencePoint vc="0" uspid="897" ordinal="0" offset="32" sl="26" sc="0" el="26" ec="0" bec="0" bev="0" fileid="18" />
                <SequencePoint vc="0" uspid="898" ordinal="0" offset="38" sl="27" sc="0" el="27" ec="0" bec="0" bev="0" fileid="18" />
                <SequencePoint vc="0" uspid="899" ordinal="0" offset="53" sl="34" sc="0" el="34" ec="0" bec="0" bev="0" fileid="18" />
                <SequencePoint vc="0" uspid="900" ordinal="0" offset="54" sl="36" sc="0" el="36" ec="0" bec="0" bev="0" fileid="18" />
                <SequencePoint vc="0" uspid="901" ordinal="0" offset="119" sl="37" sc="0" el="37" ec="0" bec="0" bev="0" fileid="18" />
                <SequencePoint vc="0" uspid="902" ordinal="0" offset="142" sl="38" sc="0" el="38" ec="0" bec="0" bev="0" fileid="18" />
                <SequencePoint vc="0" uspid="903" ordinal="0" offset="143" sl="33" sc="0" el="33" ec="0" bec="0" bev="0" fileid="18" />
                <SequencePoint vc="0" uspid="904" ordinal="0" offset="187" sl="41" sc="0" el="41" ec="0" bec="0" bev="0" fileid="18" />
                <SequencePoint vc="0" uspid="905" ordinal="0" offset="193" sl="42" sc="0" el="42" ec="0" bec="0" bev="0" fileid="18" />
                <SequencePoint vc="0" uspid="906" ordinal="0" offset="206" sl="44" sc="0" el="44" ec="0" bec="0" bev="0" fileid="18" />
              </SequencePoints>
              <BranchPoints />
            </Method>
          </Methods>
        </Class>
      </Classes>
    </Module>
  </Modules>
</CoverageSession>